Added Pin To Net: NetName=Sensor 2_Current/Throttle Check Pin=C22-2
Added Pin To Net: NetName=Sensor 1_Current/Throttle Check Pin=C24-2
Added Pin To Net: NetName=Sensor 2_Current/Throttle Check Pin=R39-2
Added Pin To Net: NetName=Sensor 1_Current/Throttle Check Pin=R41-2
Added Pin To Net: NetName=Sensor 2_Current/Throttle Check Pin=U6-33
Added Pin To Net: NetName=Sensor 1_Current/Throttle Check Pin=U6-34
Change Net Name : Old Net Name=Sensor 1_Current/Throttle Check New Net Name=CT1_Filtered
Change Net Name : Old Net Name=Sensor 2_Current/Throttle Check New Net Name=CT2_Filtered
Added Room: Name=5V_LDO_Analog
Added Room: Name=5V_LDO_Digital
Added Room: Name=26PinSuperseal
Added Room: Name=Accel_DivergentSignalOffset
Added Room: Name=Brake_DivergentSignalOffset
Added Room: Name=CAN_5V
Added Room: Name=MCUPedalbox
Added Room: Name=RVPOVP
Added Room: Name=U_PassiveFilter1
Added Room: Name=U_PassiveFilter2
Added Room: Name=U_PassiveFilter3
Added Room: Name=U_PassiveFilter4
Added Room: Name=U_PassiveFilter5
Added Room: Name=U_PassiveFilter6
Added Room: Name=U_PassiveFilter7
Added Room: Name=U_PassiveFilter8
