Removed Member From Class: ClassName=CAN_5V Member=C12_U_PassiveFilter1
Removed Member From Class: ClassName=VoltageReferenceGen Member=C12_U_PassiveFilter2
Removed Member From Class: ClassName=CAN_5V Member=C12_U_PassiveFilter3
Removed Member From Class: ClassName=VoltageReferenceGen Member=C12_U_PassiveFilter6
Removed Member From Class: ClassName=VoltageReferenceGen Member=C12_U_PassiveFilter8
Removed Member From Class: ClassName=MCUPedalbox Member=C13_U_PassiveFilter1
Removed Member From Class: ClassName=VoltageReferenceGen Member=C13_U_PassiveFilter4
Removed Member From Class: ClassName=MCUPedalbox Member=C13_U_PassiveFilter5
Removed Member From Class: ClassName=VoltageReferenceGen Member=C13_U_PassiveFilter7
Removed Member From Class: ClassName=Pedalbox Member=D2
Removed Member From Class: ClassName=MCUPedalbox Member=D6
Removed Member From Class: ClassName=MCUPedalbox Member=M4
Removed Member From Class: ClassName=VoltageReferenceGen Member=R1
Removed Member From Class: ClassName=CAN_5V Member=R6
Removed Member From Class: ClassName=VoltageReferenceGen Member=R6
Removed Member From Class: ClassName=MCUPedalbox Member=R7_5V_LDO_Digital
Removed Member From Class: ClassName=Pedalbox Member=R8_5V_LDO_Analog
Removed Member From Class: ClassName=MCUPedalbox Member=R8_5V_LDO_Digital
Removed Member From Class: ClassName=VoltageReferenceGen Member=R8_5V_LDO_Digital
Removed Member From Class: ClassName=VoltageReferenceGen Member=R11
Removed Member From Class: ClassName=5V_12V_Logic Member=R14
Removed Member From Class: ClassName=VoltageReferenceGen Member=R14
Removed Member From Class: ClassName=VoltageReferenceGen Member=R23
Removed Member From Class: ClassName=VoltageReferenceGen Member=R24
Removed Member From Class: ClassName=5V_12V_Logic Member=R29_Current/Throttle Check
Removed Member From Class: ClassName=CAN_5V Member=R29_Current/Throttle Check
Removed Member From Class: ClassName=5V_12V_Logic Member=R31
Removed Member From Class: ClassName=MCUPedalbox Member=R33_U_PassiveFilter2
Removed Member From Class: ClassName=BSPD Member=R33_U_PassiveFilter6
Removed Member From Class: ClassName=MCUPedalbox Member=R33_U_PassiveFilter7
Removed Member From Class: ClassName=VoltageReferenceGen Member=R33_U_PassiveFilter7
Removed Member From Class: ClassName=BSPD Member=R34_U_PassiveFilter3
Removed Member From Class: ClassName=BSPD Member=R34_U_PassiveFilter6
Removed Member From Class: ClassName=MCUPedalbox Member=R34_U_PassiveFilter7
Removed Member From Class: ClassName=RVPOVP Member=R55_Accel_DivergentSignalOffset
Removed Member From Class: ClassName=BSPD Member=U1_5V_LDO_Digital
Removed Member From Class: ClassName=MCUPedalbox Member=U7
Removed Member From Class: ClassName=CAN_5V Member=U15_Current/Throttle Check
Removed Member From Class: ClassName=PlausibilityTrigger Member=U16_Brake Pedal Check
Removed Member From Class: ClassName=BSPD Member=U16_Current/Throttle Check
Removed Member From Class: ClassName=PlausibilityTrigger Member=U16_Current/Throttle Check
Removed Member From Class: ClassName=MCUPedalbox Member=X1
Added Member To Class: ClassName=MCUPedalbox Member=Component C5 capacitor
Added Member To Class: ClassName=MCUPedalbox Member=Component C8 capacitor
Added Member To Class: ClassName=CAN_5V Member=Component C10 capacitor
Added Member To Class: ClassName=CAN_5V Member=Component C11 capacitor
Added Member To Class: ClassName=VoltageReferenceGen Member=Component C14 capacitor
Added Member To Class: ClassName=VoltageReferenceGen Member=Component C15 capacitor
Added Member To Class: ClassName=VoltageReferenceGen Member=Component C16 capacitor
Added Member To Class: ClassName=VoltageReferenceGen Member=Component C18 capacitor
Added Member To Class: ClassName=VoltageReferenceGen Member=Component C19 capacitor
Added Member To Class: ClassName=MCUPedalbox Member=Component D1 LED
Added Member To Class: ClassName=MCUPedalbox Member=Component D3 LED
Added Member To Class: ClassName=Pedalbox Member=Component D4 LED
Added Member To Class: ClassName=Pedalbox Member=Component D5 LED
Added Member To Class: ClassName=MCUPedalbox Member=Component M1 
Added Member To Class: ClassName=5V_12V_Logic Member=Component R2 resistor
Added Member To Class: ClassName=5V_12V_Logic Member=Component R3 resistor
Added Member To Class: ClassName=5V_12V_Logic Member=Component R4 resistor
Added Member To Class: ClassName=5V_12V_Logic Member=Component R5 resistor
Added Member To Class: ClassName=BSPD Member=Component R10 resistor
Added Member To Class: ClassName=BSPD Member=Component R12 resistor
Added Member To Class: ClassName=BSPD Member=Component R13 resistor
Added Member To Class: ClassName=MCUPedalbox Member=Component R15 resistor
Added Member To Class: ClassName=MCUPedalbox Member=Component R20 resistor
Added Member To Class: ClassName=MCUPedalbox Member=Component R21 resistor
Added Member To Class: ClassName=MCUPedalbox Member=Component R22 resistor
Added Member To Class: ClassName=MCUPedalbox Member=Component R24 resistor
Added Member To Class: ClassName=Pedalbox Member=Component R25 resistor
Added Member To Class: ClassName=RVPOVP Member=Component R27 resistor
Added Member To Class: ClassName=CAN_5V Member=Component R30 resistor
Added Member To Class: ClassName=CAN_5V Member=Component R32 resistor
Added Member To Class: ClassName=VoltageReferenceGen Member=Component R35 resistor
Added Member To Class: ClassName=VoltageReferenceGen Member=Component R37 resistor
Added Member To Class: ClassName=VoltageReferenceGen Member=Component R38 resistor
Added Member To Class: ClassName=VoltageReferenceGen Member=Component R39 TC33X-2-103E
Added Member To Class: ClassName=VoltageReferenceGen Member=Component R41 resistor
Added Member To Class: ClassName=VoltageReferenceGen Member=Component R44 resistor
Added Member To Class: ClassName=VoltageReferenceGen Member=Component R46 resistor
Added Member To Class: ClassName=VoltageReferenceGen Member=Component R47 TC33X-2-103E
Added Member To Class: ClassName=VoltageReferenceGen Member=Component R48 TC33X-2-103E
Added Member To Class: ClassName=VoltageReferenceGen Member=Component R49 resistor
Added Member To Class: ClassName=CAN_5V Member=Component RCU-2 RCU-0C
Added Member To Class: ClassName=BSPD Member=Component U3 
Added Member To Class: ClassName=BSPD Member=Component U4 LT1018 Dual Comparator
Added Member To Class: ClassName=MCUPedalbox Member=Component U6 MKE18F512VLH16
Added Member To Class: ClassName=PlausibilityTrigger Member=Component U9 LT1018 Dual Comparator
Added Member To Class: ClassName=PlausibilityTrigger Member=Component U10 LT1018 Dual Comparator
Added Member To Class: ClassName=PlausibilityTrigger Member=Component U11 SN74LVC1G32 OR Gate
Added Member To Class: ClassName=PlausibilityTrigger Member=Component U12 LT1018 Dual Comparator
Added Member To Class: ClassName=CAN_5V Member=Component U17 MCP2561 CAN Transceiver
Added Member To Class: ClassName=MCUPedalbox Member=Component X2 CN-2P-M-R10
