Change Component Physical Designator: Old Designator=C1_5V_LDO_Analog New Designator=C32
Change Component Physical Designator: Old Designator=C1_5V_LDO_Digital New Designator=C34
Change Component Physical Designator: Old Designator=C2_5V_LDO_Analog New Designator=C33
Change Component Physical Designator: Old Designator=C2_5V_LDO_Digital New Designator=C35
Change Component Physical Designator: Old Designator=C3 New Designator=C1
Change Component Physical Designator: Old Designator=C9 New Designator=C25
Change Component Physical Designator: Old Designator=C10 New Designator=C2
Change Component Physical Designator: Old Designator=C11 New Designator=C3
Change Component Physical Designator: Old Designator=C12_U_PassiveFilter1 New Designator=C9
Change Component Physical Designator: Old Designator=C12_U_PassiveFilter2 New Designator=C11
Change Component Physical Designator: Old Designator=C12_U_PassiveFilter3 New Designator=C13
Change Component Physical Designator: Old Designator=C12_U_PassiveFilter4 New Designator=C15
Change Component Physical Designator: Old Designator=C12_U_PassiveFilter5 New Designator=C17
Change Component Physical Designator: Old Designator=C12_U_PassiveFilter6 New Designator=C19
Change Component Physical Designator: Old Designator=C12_U_PassiveFilter7 New Designator=C21
Change Component Physical Designator: Old Designator=C12_U_PassiveFilter8 New Designator=C23
Change Component Physical Designator: Old Designator=C13_U_PassiveFilter1 New Designator=C10
Change Component Physical Designator: Old Designator=C13_U_PassiveFilter2 New Designator=C12
Change Component Physical Designator: Old Designator=C13_U_PassiveFilter3 New Designator=C14
Change Component Physical Designator: Old Designator=C13_U_PassiveFilter4 New Designator=C16
Change Component Physical Designator: Old Designator=C13_U_PassiveFilter5 New Designator=C18
Change Component Physical Designator: Old Designator=C13_U_PassiveFilter6 New Designator=C20
Change Component Physical Designator: Old Designator=C13_U_PassiveFilter7 New Designator=C22
Change Component Physical Designator: Old Designator=C13_U_PassiveFilter8 New Designator=C24
Change Component Physical Designator: Old Designator=C14 New Designator=C26
Change Component Physical Designator: Old Designator=C15 New Designator=C27
Change Component Physical Designator: Old Designator=C16 New Designator=C28
Change Component Physical Designator: Old Designator=C17 New Designator=C29
Change Component Physical Designator: Old Designator=C18 New Designator=C30
Change Component Physical Designator: Old Designator=C19 New Designator=C31
Change Component Physical Designator: Old Designator=R7_5V_LDO_Analog New Designator=R77
Change Component Physical Designator: Old Designator=R7_5V_LDO_Digital New Designator=R79
Change Component Physical Designator: Old Designator=R8_5V_LDO_Analog New Designator=R78
Change Component Physical Designator: Old Designator=R8_5V_LDO_Digital New Designator=R80
Change Component Physical Designator: Old Designator=R9 New Designator=R7
Change Component Physical Designator: Old Designator=R10 New Designator=R8
Change Component Physical Designator: Old Designator=R11 New Designator=R9
Change Component Physical Designator: Old Designator=R12 New Designator=R10
Change Component Physical Designator: Old Designator=R13 New Designator=R11
Change Component Physical Designator: Old Designator=R14 New Designator=R15
Change Component Physical Designator: Old Designator=R15 New Designator=R16
Change Component Physical Designator: Old Designator=R16 New Designator=R17
Change Component Physical Designator: Old Designator=R17 New Designator=R18
Change Component Physical Designator: Old Designator=R18 New Designator=R19
Change Component Physical Designator: Old Designator=R19 New Designator=R20
Change Component Physical Designator: Old Designator=R20 New Designator=R21
Change Component Physical Designator: Old Designator=R21 New Designator=R22
Change Component Physical Designator: Old Designator=R22 New Designator=R23
Change Component Physical Designator: Old Designator=R23 New Designator=R24
Change Component Physical Designator: Old Designator=R24 New Designator=R25
Change Component Physical Designator: Old Designator=R25 New Designator=R42
Change Component Physical Designator: Old Designator=R26 New Designator=R43
Change Component Physical Designator: Old Designator=R27 New Designator=R44
Change Component Physical Designator: Old Designator=R28_Brake Pedal Check New Designator=R45
Change Component Physical Designator: Old Designator=R28_Current/Throttle Check New Designator=R47
Change Component Physical Designator: Old Designator=R29_Brake Pedal Check New Designator=R46
Change Component Physical Designator: Old Designator=R29_Current/Throttle Check New Designator=R48
Change Component Physical Designator: Old Designator=R30 New Designator=R12
Change Component Physical Designator: Old Designator=R31 New Designator=R13
Change Component Physical Designator: Old Designator=R32 New Designator=R14
Change Component Physical Designator: Old Designator=R33_U_PassiveFilter1 New Designator=R26
Change Component Physical Designator: Old Designator=R33_U_PassiveFilter2 New Designator=R28
Change Component Physical Designator: Old Designator=R33_U_PassiveFilter3 New Designator=R30
Change Component Physical Designator: Old Designator=R33_U_PassiveFilter4 New Designator=R32
Change Component Physical Designator: Old Designator=R33_U_PassiveFilter5 New Designator=R34
Change Component Physical Designator: Old Designator=R33_U_PassiveFilter6 New Designator=R36
Change Component Physical Designator: Old Designator=R33_U_PassiveFilter7 New Designator=R38
Change Component Physical Designator: Old Designator=R33_U_PassiveFilter8 New Designator=R40
Change Component Physical Designator: Old Designator=R34_U_PassiveFilter1 New Designator=R27
Change Component Physical Designator: Old Designator=R34_U_PassiveFilter2 New Designator=R29
Change Component Physical Designator: Old Designator=R34_U_PassiveFilter3 New Designator=R31
Change Component Physical Designator: Old Designator=R34_U_PassiveFilter4 New Designator=R33
Change Component Physical Designator: Old Designator=R34_U_PassiveFilter5 New Designator=R35
Change Component Physical Designator: Old Designator=R34_U_PassiveFilter6 New Designator=R37
Change Component Physical Designator: Old Designator=R34_U_PassiveFilter7 New Designator=R39
Change Component Physical Designator: Old Designator=R34_U_PassiveFilter8 New Designator=R41
Change Component Physical Designator: Old Designator=R35 New Designator=R49
Change Component Physical Designator: Old Designator=R36 New Designator=R50
Change Component Physical Designator: Old Designator=R37 New Designator=R51
Change Component Physical Designator: Old Designator=R38 New Designator=R52
Change Component Physical Designator: Old Designator=R39 New Designator=R53
Change Component Physical Designator: Old Designator=R40 New Designator=R54
Change Component Physical Designator: Old Designator=R41 New Designator=R55
Change Component Physical Designator: Old Designator=R42 New Designator=R56
Change Component Physical Designator: Old Designator=R43 New Designator=R57
Change Component Physical Designator: Old Designator=R44 New Designator=R58
Change Component Physical Designator: Old Designator=R45 New Designator=R59
Change Component Physical Designator: Old Designator=R46 New Designator=R60
Change Component Physical Designator: Old Designator=R47 New Designator=R61
Change Component Physical Designator: Old Designator=R48 New Designator=R62
Change Component Physical Designator: Old Designator=R49 New Designator=R63
Change Component Physical Designator: Old Designator=R50 New Designator=R64
Change Component Physical Designator: Old Designator=R51_Accel_DivergentSignalOffset New Designator=R65
Change Component Physical Designator: Old Designator=R51_Brake_DivergentSignalOffset New Designator=R71
Change Component Physical Designator: Old Designator=R52_Accel_DivergentSignalOffset New Designator=R66
Change Component Physical Designator: Old Designator=R52_Brake_DivergentSignalOffset New Designator=R72
Change Component Physical Designator: Old Designator=R53_Accel_DivergentSignalOffset New Designator=R67
Change Component Physical Designator: Old Designator=R53_Brake_DivergentSignalOffset New Designator=R73
Change Component Physical Designator: Old Designator=R54_Accel_DivergentSignalOffset New Designator=R68
Change Component Physical Designator: Old Designator=R54_Brake_DivergentSignalOffset New Designator=R74
Change Component Physical Designator: Old Designator=R55_Accel_DivergentSignalOffset New Designator=R69
Change Component Physical Designator: Old Designator=R55_Brake_DivergentSignalOffset New Designator=R75
Change Component Physical Designator: Old Designator=R56_Accel_DivergentSignalOffset New Designator=R70
Change Component Physical Designator: Old Designator=R56_Brake_DivergentSignalOffset New Designator=R76
Change Component Physical Designator: Old Designator=TP1_5V_LDO_Analog New Designator=TP1
Change Component Physical Designator: Old Designator=TP1_5V_LDO_Digital New Designator=TP3
Change Component Physical Designator: Old Designator=TP2_5V_LDO_Analog New Designator=TP2
Change Component Physical Designator: Old Designator=TP2_5V_LDO_Digital New Designator=TP4
Change Component Physical Designator: Old Designator=U1_5V_LDO_Analog New Designator=U21
Change Component Physical Designator: Old Designator=U1_5V_LDO_Digital New Designator=U22
Change Component Physical Designator: Old Designator=U2 New Designator=U1
Change Component Physical Designator: Old Designator=U2 New Designator=U1
Change Component Physical Designator: Old Designator=U3 New Designator=U2
Change Component Physical Designator: Old Designator=U3 New Designator=U2
Change Component Physical Designator: Old Designator=U4 New Designator=U3
Change Component Physical Designator: Old Designator=U5 New Designator=U4
Change Component Physical Designator: Old Designator=U13_Brake Pedal Check New Designator=U13
Change Component Physical Designator: Old Designator=U13_Current/Throttle Check New Designator=U17
Change Component Physical Designator: Old Designator=U14_Brake Pedal Check New Designator=U14
Change Component Physical Designator: Old Designator=U14_Current/Throttle Check New Designator=U18
Change Component Physical Designator: Old Designator=U15_Brake Pedal Check New Designator=U15
Change Component Physical Designator: Old Designator=U15_Current/Throttle Check New Designator=U19
Change Component Physical Designator: Old Designator=U16_Brake Pedal Check New Designator=U16
Change Component Physical Designator: Old Designator=U16_Current/Throttle Check New Designator=U20
Change Component Physical Designator: Old Designator=U17 New Designator=U5
