Removed Member From Class: ClassName=U_PassiveFilter1 Member=C2
Removed Member From Class: ClassName=U_PassiveFilter5 Member=C9
Removed Member From Class: ClassName=U_PassiveFilter6 Member=C9
Removed Member From Class: ClassName=U_PassiveFilter8 Member=C9
Removed Member From Class: ClassName=VoltageReferenceGen Member=C9
Removed Member From Class: ClassName=U_PassiveFilter5 Member=C10
Removed Member From Class: ClassName=5V_LDO_Analog Member=C17
Removed Member From Class: ClassName=U_PassiveFilter6 Member=C18
Removed Member From Class: ClassName=RVPOVP Member=C20
Removed Member From Class: ClassName=VoltageReferenceGen Member=C25
Removed Member From Class: ClassName=MCUPedalbox Member=C29
Removed Member From Class: ClassName=U_PassiveFilter1 Member=C29
Removed Member From Class: ClassName=5V_LDO_Analog Member=C32
Removed Member From Class: ClassName=CAN_5V Member=C34
Removed Member From Class: ClassName=U_PassiveFilter4 Member=C34
Removed Member From Class: ClassName=Brake Pedal Check Member=R4
Removed Member From Class: ClassName=MCUPedalbox Member=R4
Removed Member From Class: ClassName=U_PassiveFilter1 Member=R4
Removed Member From Class: ClassName=Accel_DivergentSignalOffset Member=R7
Removed Member From Class: ClassName=Pedalbox Member=R7
Removed Member From Class: ClassName=U_PassiveFilter6 Member=R7
Removed Member From Class: ClassName=U_PassiveFilter7 Member=R7
Removed Member From Class: ClassName=U_PassiveFilter8 Member=R7
Removed Member From Class: ClassName=5V_LDO_Analog Member=R8
Removed Member From Class: ClassName=U_PassiveFilter3 Member=R15
Removed Member From Class: ClassName=U_PassiveFilter4 Member=R15
Removed Member From Class: ClassName=5V_LDO_Digital Member=R20
Removed Member From Class: ClassName=Pedalbox Member=R20
Removed Member From Class: ClassName=U_PassiveFilter8 Member=R20
Removed Member From Class: ClassName=VoltageReferenceGen Member=R20
Removed Member From Class: ClassName=Accel_DivergentSignalOffset Member=R22
Removed Member From Class: ClassName=CAN_5V Member=R29
Removed Member From Class: ClassName=MCUPedalbox Member=R29
Removed Member From Class: ClassName=Accel_DivergentSignalOffset Member=R39
Removed Member From Class: ClassName=Brake_DivergentSignalOffset Member=R40
Removed Member From Class: ClassName=VoltageReferenceGen Member=R42
Removed Member From Class: ClassName=BSPD Member=R43
Removed Member From Class: ClassName=VoltageReferenceGen Member=R54
Removed Member From Class: ClassName=BSPD Member=R62
Removed Member From Class: ClassName=U_PassiveFilter3 Member=R62
Removed Member From Class: ClassName=U_PassiveFilter4 Member=R62
Removed Member From Class: ClassName=U_PassiveFilter5 Member=R62
Removed Member From Class: ClassName=U_PassiveFilter6 Member=R62
Removed Member From Class: ClassName=VoltageReferenceGen Member=R62
Removed Member From Class: ClassName=Accel_DivergentSignalOffset Member=R65
Removed Member From Class: ClassName=BSPD Member=R65
Removed Member From Class: ClassName=5V_12V_Logic Member=R69
Removed Member From Class: ClassName=5V_LDO_Analog Member=TP1
Removed Member From Class: ClassName=PlausibilityTrigger Member=U3
Removed Member From Class: ClassName=BSPD Member=U6
Removed Member From Class: ClassName=5V_LDO_Analog Member=U11
Removed Member From Class: ClassName=Brake Pedal Check Member=U11
Removed Member From Class: ClassName=Current/Throttle Check Member=U12
Removed Member From Class: ClassName=Current/Throttle Check Member=U18
Removed Member From Class: ClassName=Brake Pedal Check Member=U21
Removed Member From Class: ClassName=BSPD Member=U21
Removed Member From Class: ClassName=CAN_5V Member=U21
Removed Member From Class: ClassName=PlausibilityTrigger Member=U21
Removed Member From Class: ClassName=MCUPedalbox Member=U22
Removed Member From Class: ClassName=PlausibilityTrigger Member=U22
Change Component Designator: OldDesignator=C1 NewDesignator=C5
Change Component Designator: OldDesignator=C2 NewDesignator=C6
Change Component Designator: OldDesignator=C3 NewDesignator=C10
Change Component Designator: OldDesignator=C5 NewDesignator=C13_U_PassiveFilter5
Change Component Designator: OldDesignator=C6 NewDesignator=C12_U_PassiveFilter5
Change Component Designator: OldDesignator=C7 NewDesignator=C11
Change Component Designator: OldDesignator=C8 NewDesignator=C13_U_PassiveFilter1
Change Component Designator: OldDesignator=C9 NewDesignator=C13_U_PassiveFilter3
Change Component Designator: OldDesignator=C10 NewDesignator=C12_U_PassiveFilter3
Change Component Designator: OldDesignator=C11 NewDesignator=C12_U_PassiveFilter1
Change Component Designator: OldDesignator=C12 NewDesignator=C13_U_PassiveFilter6
Change Component Designator: OldDesignator=C13 NewDesignator=C13_U_PassiveFilter2
Change Component Designator: OldDesignator=C14 NewDesignator=C12_U_PassiveFilter6
Change Component Designator: OldDesignator=C15 NewDesignator=C12_U_PassiveFilter2
Change Component Designator: OldDesignator=C16 NewDesignator=C12_U_PassiveFilter8
Change Component Designator: OldDesignator=C17 NewDesignator=C13_U_PassiveFilter8
Change Component Designator: OldDesignator=C18 NewDesignator=C13_U_PassiveFilter4
Change Component Designator: OldDesignator=C19 NewDesignator=C13_U_PassiveFilter7
Change Component Designator: OldDesignator=C20 NewDesignator=C12_U_PassiveFilter7
Change Component Designator: OldDesignator=C21 NewDesignator=C12_U_PassiveFilter4
Change Component Designator: OldDesignator=C22 NewDesignator=C18
Change Component Designator: OldDesignator=C23 NewDesignator=C2_5V_LDO_Digital
Change Component Designator: OldDesignator=C24 NewDesignator=C2_5V_LDO_Analog
Change Component Designator: OldDesignator=C25 NewDesignator=C19
Change Component Designator: OldDesignator=C26 NewDesignator=C9
Change Component Designator: OldDesignator=C27 NewDesignator=C1_5V_LDO_Digital
Change Component Designator: OldDesignator=C28 NewDesignator=C1_5V_LDO_Analog
Change Component Designator: OldDesignator=C29 NewDesignator=C3
Change Component Designator: OldDesignator=C30 NewDesignator=C14
Change Component Designator: OldDesignator=C31 NewDesignator=C15
Change Component Designator: OldDesignator=C32 NewDesignator=C16
Change Component Designator: OldDesignator=C33 NewDesignator=C17
Change Component Designator: OldDesignator=C34 NewDesignator=C7
Change Component Designator: OldDesignator=C35 NewDesignator=C8
Change Component Designator: OldDesignator=D1 NewDesignator=D3
Change Component Designator: OldDesignator=D3 NewDesignator=D1
Change Component Designator: OldDesignator=R1 NewDesignator=R14
Change Component Designator: OldDesignator=R2 NewDesignator=R13
Change Component Designator: OldDesignator=R3 NewDesignator=R23
Change Component Designator: OldDesignator=R4 NewDesignator=R22
Change Component Designator: OldDesignator=R5 NewDesignator=R21
Change Component Designator: OldDesignator=R6 NewDesignator=R25_U_PassiveFilter5
Change Component Designator: OldDesignator=R7 NewDesignator=R24_U_PassiveFilter5
Change Component Designator: OldDesignator=R8 NewDesignator=R25_U_PassiveFilter1
Change Component Designator: OldDesignator=R9 NewDesignator=R24_U_PassiveFilter1
Change Component Designator: OldDesignator=R10 NewDesignator=R25_U_PassiveFilter3
Change Component Designator: OldDesignator=R11 NewDesignator=R24_U_PassiveFilter3
Change Component Designator: OldDesignator=R12 NewDesignator=R25_U_PassiveFilter6
Change Component Designator: OldDesignator=R13 NewDesignator=R24_U_PassiveFilter6
Change Component Designator: OldDesignator=R14 NewDesignator=R25_U_PassiveFilter2
Change Component Designator: OldDesignator=R15 NewDesignator=R24_U_PassiveFilter2
Change Component Designator: OldDesignator=R16 NewDesignator=R24_U_PassiveFilter8
Change Component Designator: OldDesignator=R17 NewDesignator=R25_U_PassiveFilter8
Change Component Designator: OldDesignator=R18 NewDesignator=R25_U_PassiveFilter4
Change Component Designator: OldDesignator=R19 NewDesignator=R24_U_PassiveFilter4
Change Component Designator: OldDesignator=R20 NewDesignator=R25_U_PassiveFilter7
Change Component Designator: OldDesignator=R21 NewDesignator=R24_U_PassiveFilter7
Change Component Designator: OldDesignator=R22 NewDesignator=R17
Change Component Designator: OldDesignator=R23 NewDesignator=R18
Change Component Designator: OldDesignator=R24 NewDesignator=R8_5V_LDO_Analog
Change Component Designator: OldDesignator=R25 NewDesignator=R46_Accel_DivergentSignalOffset
Change Component Designator: OldDesignator=R26 NewDesignator=R46_Brake_DivergentSignalOffset
Change Component Designator: OldDesignator=R27 NewDesignator=R20_Brake Pedal Check
Change Component Designator: OldDesignator=R28 NewDesignator=R20_Current/Throttle Check
Change Component Designator: OldDesignator=R29 NewDesignator=R5
Change Component Designator: OldDesignator=R30 NewDesignator=R8_5V_LDO_Digital
Change Component Designator: OldDesignator=R31 NewDesignator=R6
Change Component Designator: OldDesignator=R32 NewDesignator=R40
Change Component Designator: OldDesignator=R33 NewDesignator=R47_Brake_DivergentSignalOffset
Change Component Designator: OldDesignator=R34 NewDesignator=R47_Accel_DivergentSignalOffset
Change Component Designator: OldDesignator=R35 NewDesignator=R13
Change Component Designator: OldDesignator=R36 NewDesignator=R44_Accel_DivergentSignalOffset
Change Component Designator: OldDesignator=R37 NewDesignator=R16
Change Component Designator: OldDesignator=R38 NewDesignator=R44_Brake_DivergentSignalOffset
Change Component Designator: OldDesignator=R39 NewDesignator=R19_Brake Pedal Check
Change Component Designator: OldDesignator=R40 NewDesignator=R19_Current/Throttle Check
Change Component Designator: OldDesignator=R42 NewDesignator=R7_5V_LDO_Digital
Change Component Designator: OldDesignator=R43 NewDesignator=R45_Accel_DivergentSignalOffset
Change Component Designator: OldDesignator=R44 NewDesignator=R7_5V_LDO_Analog
Change Component Designator: OldDesignator=R45 NewDesignator=R45_Brake_DivergentSignalOffset
Change Component Designator: OldDesignator=R46 NewDesignator=R12
Change Component Designator: OldDesignator=R47 NewDesignator=R3
Change Component Designator: OldDesignator=R48 NewDesignator=R38
Change Component Designator: OldDesignator=R49 NewDesignator=R42_Accel_DivergentSignalOffset
Change Component Designator: OldDesignator=R50 NewDesignator=R4
Change Component Designator: OldDesignator=R51 NewDesignator=R42_Brake_DivergentSignalOffset
Change Component Designator: OldDesignator=R52 NewDesignator=R39
Change Component Designator: OldDesignator=R53 NewDesignator=R43_Accel_DivergentSignalOffset
Change Component Designator: OldDesignator=R54 NewDesignator=R43_Brake_DivergentSignalOffset
Change Component Designator: OldDesignator=R55 NewDesignator=R36
Change Component Designator: OldDesignator=R56 NewDesignator=R11
Change Component Designator: OldDesignator=R57 NewDesignator=R1
Change Component Designator: OldDesignator=R58 NewDesignator=R37
Change Component Designator: OldDesignator=R59 NewDesignator=R9
Change Component Designator: OldDesignator=R60 NewDesignator=R2
Change Component Designator: OldDesignator=R61 NewDesignator=R10
Change Component Designator: OldDesignator=R62 NewDesignator=R32
Change Component Designator: OldDesignator=R63 NewDesignator=R33
Change Component Designator: OldDesignator=R64 NewDesignator=R34
Change Component Designator: OldDesignator=R65 NewDesignator=R35
Change Component Designator: OldDesignator=R66 NewDesignator=R30
Change Component Designator: OldDesignator=R67 NewDesignator=R31
Change Component Designator: OldDesignator=R68 NewDesignator=R26
Change Component Designator: OldDesignator=R69 NewDesignator=R27
Change Component Designator: OldDesignator=R70 NewDesignator=R28
Change Component Designator: OldDesignator=R71 NewDesignator=R29
Change Component Designator: OldDesignator=RCU-1 NewDesignator=RCU-2
Change Component Designator: OldDesignator=RCU-2 NewDesignator=RCU-1
Change Component Designator: OldDesignator=TP1 NewDesignator=TP2_5V_LDO_Digital
Change Component Designator: OldDesignator=TP2 NewDesignator=TP2_5V_LDO_Analog
Change Component Designator: OldDesignator=TP3 NewDesignator=TP1_5V_LDO_Digital
Change Component Designator: OldDesignator=TP4 NewDesignator=TP1_5V_LDO_Analog
Change Component Designator: OldDesignator=U1 NewDesignator=U6
Change Component Designator: OldDesignator=U2 NewDesignator=U17
Change Component Designator: OldDesignator=U3 NewDesignator=U5
Change Component Designator: OldDesignator=U4 NewDesignator=U12
Change Component Designator: OldDesignator=U5 NewDesignator=U16_Brake Pedal Check
Change Component Designator: OldDesignator=U6 NewDesignator=U16_Current/Throttle Check
Change Component Designator: OldDesignator=U7 NewDesignator=U11
Change Component Designator: OldDesignator=U8 NewDesignator=U10
Change Component Designator: OldDesignator=U9 NewDesignator=U15_Brake Pedal Check
Change Component Designator: OldDesignator=U10 NewDesignator=U15_Current/Throttle Check
Change Component Designator: OldDesignator=U11 NewDesignator=U9
Change Component Designator: OldDesignator=U12 NewDesignator=U14_Brake Pedal Check
Change Component Designator: OldDesignator=U13 NewDesignator=U14_Current/Throttle Check
Change Component Designator: OldDesignator=U14 NewDesignator=U8
Change Component Designator: OldDesignator=U15 NewDesignator=U1_5V_LDO_Analog
Change Component Designator: OldDesignator=U16 NewDesignator=U1_5V_LDO_Digital
Change Component Designator: OldDesignator=U17 NewDesignator=U7
Change Component Designator: OldDesignator=U18 NewDesignator=U13_Brake Pedal Check
Change Component Designator: OldDesignator=U19 NewDesignator=U13_Current/Throttle Check
Change Component Designator: OldDesignator=U20 NewDesignator=U4
Change Component Designator: OldDesignator=U21 NewDesignator=U3
Change Component Designator: OldDesignator=U22 NewDesignator=U2
Change Component Designator: OldDesignator=X1 NewDesignator=X2
Change Component Designator: OldDesignator=X2 NewDesignator=X1
Added Component: Designator=D?(0805_LED)
Add component. Clean all parameters for all variants
Add component (AddParameter): Name = "id"; Value = "19"; VariantName = "[No Variations]"
Add component (AddParameter): Name = "name"; Value = "0805 LED"; VariantName = "[No Variations]"
Add component (AddParameter): Name = "numcircuits"; Value = "1"; VariantName = "[No Variations]"
Add component (AddParameter): Name = "package"; Value = "0805"; VariantName = "[No Variations]"
Add component (AddParameter): Name = "quantity"; Value = "0"; VariantName = "[No Variations]"
Add component (AddParameter): Name = "vr"; Value = "1"; VariantName = "[No Variations]"
Added Component: Designator=D?(0805_LED)
Add component. Clean all parameters for all variants
Add component (AddParameter): Name = "id"; Value = "19"; VariantName = "[No Variations]"
Add component (AddParameter): Name = "name"; Value = "0805 LED"; VariantName = "[No Variations]"
Add component (AddParameter): Name = "numcircuits"; Value = "1"; VariantName = "[No Variations]"
Add component (AddParameter): Name = "package"; Value = "0805"; VariantName = "[No Variations]"
Add component (AddParameter): Name = "quantity"; Value = "0"; VariantName = "[No Variations]"
Add component (AddParameter): Name = "vr"; Value = "1"; VariantName = "[No Variations]"
Added Component: Designator=D?(0805_LED)
Add component. Clean all parameters for all variants
Add component (AddParameter): Name = "id"; Value = "19"; VariantName = "[No Variations]"
Add component (AddParameter): Name = "name"; Value = "0805 LED"; VariantName = "[No Variations]"
Add component (AddParameter): Name = "numcircuits"; Value = "1"; VariantName = "[No Variations]"
Add component (AddParameter): Name = "package"; Value = "0805"; VariantName = "[No Variations]"
Add component (AddParameter): Name = "quantity"; Value = "0"; VariantName = "[No Variations]"
Add component (AddParameter): Name = "vr"; Value = "1"; VariantName = "[No Variations]"
Added Component: Designator=M?(SOT23-3)
Add component. Clean all parameters for all variants
Add component (AddParameter): Name = "current"; Value = "2.8A"; VariantName = "[No Variations]"
Add component (AddParameter): Name = "id"; Value = "6"; VariantName = "[No Variations]"
Add component (AddParameter): Name = "link"; Value = "https://www.digikey.com/product-detail/en/diodes-incorporated/DMG2302UK-7/DMG2302UK-7DICT-ND/6010163"; VariantName = "[No Variations]"
Add component (AddParameter): Name = "MfrPartNo"; Value = ""; VariantName = "[No Variations]"
Add component (AddParameter): Name = "name"; Value = "DMG2302UK-7"; VariantName = "[No Variations]"
Add component (AddParameter): Name = "numcircuits"; Value = "1"; VariantName = "[No Variations]"
Add component (AddParameter): Name = "package"; Value = "SOT-23"; VariantName = "[No Variations]"
Add component (AddParameter): Name = "quantity"; Value = "0"; VariantName = "[No Variations]"
Add component (AddParameter): Name = "rdson"; Value = "90mOhm"; VariantName = "[No Variations]"
Add component (AddParameter): Name = "type"; Value = "N_Channel"; VariantName = "[No Variations]"
Add component (AddParameter): Name = "vdsmax"; Value = "0"; VariantName = "[No Variations]"
Add component (AddParameter): Name = "vgsmax"; Value = "1"; VariantName = "[No Variations]"
Add component (AddParameter): Name = "vt"; Value = "800"; VariantName = "[No Variations]"
Added Component: Designator=M?(SOT23-3)
Add component. Clean all parameters for all variants
Add component (AddParameter): Name = "current"; Value = "2.8A"; VariantName = "[No Variations]"
Add component (AddParameter): Name = "id"; Value = "6"; VariantName = "[No Variations]"
Add component (AddParameter): Name = "link"; Value = "https://www.digikey.com/product-detail/en/diodes-incorporated/DMG2302UK-7/DMG2302UK-7DICT-ND/6010163"; VariantName = "[No Variations]"
Add component (AddParameter): Name = "MfrPartNo"; Value = ""; VariantName = "[No Variations]"
Add component (AddParameter): Name = "name"; Value = "DMG2302UK-7"; VariantName = "[No Variations]"
Add component (AddParameter): Name = "numcircuits"; Value = "1"; VariantName = "[No Variations]"
Add component (AddParameter): Name = "package"; Value = "SOT-23"; VariantName = "[No Variations]"
Add component (AddParameter): Name = "quantity"; Value = "0"; VariantName = "[No Variations]"
Add component (AddParameter): Name = "rdson"; Value = "90mOhm"; VariantName = "[No Variations]"
Add component (AddParameter): Name = "type"; Value = "N_Channel"; VariantName = "[No Variations]"
Add component (AddParameter): Name = "vdsmax"; Value = "0"; VariantName = "[No Variations]"
Add component (AddParameter): Name = "vgsmax"; Value = "1"; VariantName = "[No Variations]"
Add component (AddParameter): Name = "vt"; Value = "800"; VariantName = "[No Variations]"
Added Component: Designator=M?(SOT23-3)
Add component. Clean all parameters for all variants
Add component (AddParameter): Name = "current"; Value = "2.8A"; VariantName = "[No Variations]"
Add component (AddParameter): Name = "id"; Value = "6"; VariantName = "[No Variations]"
Add component (AddParameter): Name = "link"; Value = "https://www.digikey.com/product-detail/en/diodes-incorporated/DMG2302UK-7/DMG2302UK-7DICT-ND/6010163"; VariantName = "[No Variations]"
Add component (AddParameter): Name = "MfrPartNo"; Value = ""; VariantName = "[No Variations]"
Add component (AddParameter): Name = "name"; Value = "DMG2302UK-7"; VariantName = "[No Variations]"
Add component (AddParameter): Name = "numcircuits"; Value = "1"; VariantName = "[No Variations]"
Add component (AddParameter): Name = "package"; Value = "SOT-23"; VariantName = "[No Variations]"
Add component (AddParameter): Name = "quantity"; Value = "0"; VariantName = "[No Variations]"
Add component (AddParameter): Name = "rdson"; Value = "90mOhm"; VariantName = "[No Variations]"
Add component (AddParameter): Name = "type"; Value = "N_Channel"; VariantName = "[No Variations]"
Add component (AddParameter): Name = "vdsmax"; Value = "0"; VariantName = "[No Variations]"
Add component (AddParameter): Name = "vgsmax"; Value = "1"; VariantName = "[No Variations]"
Add component (AddParameter): Name = "vt"; Value = "800"; VariantName = "[No Variations]"
Added Component: Designator=R?(0603)
Add component. Clean all parameters for all variants
Add component (AddParameter): Name = "id"; Value = "1"; VariantName = "[No Variations]"
Add component (AddParameter): Name = "name"; Value = "0603 Resistor"; VariantName = "[No Variations]"
Add component (AddParameter): Name = "package"; Value = "0603"; VariantName = "[No Variations]"
Add component (AddParameter): Name = "percent tolerance"; Value = "5"; VariantName = "[No Variations]"
Add component (AddParameter): Name = "quantity"; Value = "0"; VariantName = "[No Variations]"
Add component (AddParameter): Name = "resistance"; Value = "1k"; VariantName = "[No Variations]"
Added Component: Designator=R?(0603)
Add component. Clean all parameters for all variants
Add component (AddParameter): Name = "id"; Value = "1"; VariantName = "[No Variations]"
Add component (AddParameter): Name = "name"; Value = "0603 Resistor"; VariantName = "[No Variations]"
Add component (AddParameter): Name = "package"; Value = "0603"; VariantName = "[No Variations]"
Add component (AddParameter): Name = "percent tolerance"; Value = "5"; VariantName = "[No Variations]"
Add component (AddParameter): Name = "quantity"; Value = "0"; VariantName = "[No Variations]"
Add component (AddParameter): Name = "resistance"; Value = "1k"; VariantName = "[No Variations]"
Added Component: Designator=R?(0603)
Add component. Clean all parameters for all variants
Add component (AddParameter): Name = "id"; Value = "1"; VariantName = "[No Variations]"
Add component (AddParameter): Name = "name"; Value = "0603 Resistor"; VariantName = "[No Variations]"
Add component (AddParameter): Name = "package"; Value = "0603"; VariantName = "[No Variations]"
Add component (AddParameter): Name = "percent tolerance"; Value = "5"; VariantName = "[No Variations]"
Add component (AddParameter): Name = "quantity"; Value = "0"; VariantName = "[No Variations]"
Add component (AddParameter): Name = "resistance"; Value = "1k"; VariantName = "[No Variations]"
Added Component: Designator=R?(0603)
Add component. Clean all parameters for all variants
Add component (AddParameter): Name = "id"; Value = "1"; VariantName = "[No Variations]"
Add component (AddParameter): Name = "name"; Value = "0603 Resistor"; VariantName = "[No Variations]"
Add component (AddParameter): Name = "package"; Value = "0603"; VariantName = "[No Variations]"
Add component (AddParameter): Name = "percent tolerance"; Value = "5"; VariantName = "[No Variations]"
Add component (AddParameter): Name = "quantity"; Value = "0"; VariantName = "[No Variations]"
Add component (AddParameter): Name = "resistance"; Value = "1k"; VariantName = "[No Variations]"
Added Component: Designator=R?(0603)
Add component. Clean all parameters for all variants
Add component (AddParameter): Name = "id"; Value = "1"; VariantName = "[No Variations]"
Add component (AddParameter): Name = "name"; Value = "0603 Resistor"; VariantName = "[No Variations]"
Add component (AddParameter): Name = "package"; Value = "0603"; VariantName = "[No Variations]"
Add component (AddParameter): Name = "percent tolerance"; Value = "5"; VariantName = "[No Variations]"
Add component (AddParameter): Name = "quantity"; Value = "0"; VariantName = "[No Variations]"
Add component (AddParameter): Name = "resistance"; Value = "1k"; VariantName = "[No Variations]"
Added Component: Designator=R?(0603)
Add component. Clean all parameters for all variants
Add component (AddParameter): Name = "id"; Value = "1"; VariantName = "[No Variations]"
Add component (AddParameter): Name = "name"; Value = "0603 Resistor"; VariantName = "[No Variations]"
Add component (AddParameter): Name = "package"; Value = "0603"; VariantName = "[No Variations]"
Add component (AddParameter): Name = "percent tolerance"; Value = "5"; VariantName = "[No Variations]"
Add component (AddParameter): Name = "quantity"; Value = "0"; VariantName = "[No Variations]"
Add component (AddParameter): Name = "resistance"; Value = "1k"; VariantName = "[No Variations]"
Added Component: Designator=R?(0603)
Add component. Clean all parameters for all variants
Add component (AddParameter): Name = "id"; Value = "1"; VariantName = "[No Variations]"
Add component (AddParameter): Name = "name"; Value = "0603 Resistor"; VariantName = "[No Variations]"
Add component (AddParameter): Name = "package"; Value = "0603"; VariantName = "[No Variations]"
Add component (AddParameter): Name = "percent tolerance"; Value = "5"; VariantName = "[No Variations]"
Add component (AddParameter): Name = "quantity"; Value = "0"; VariantName = "[No Variations]"
Add component (AddParameter): Name = "resistance"; Value = "1k"; VariantName = "[No Variations]"
Added Component: Designator=R?(0603)
Add component. Clean all parameters for all variants
Add component (AddParameter): Name = "id"; Value = "1"; VariantName = "[No Variations]"
Add component (AddParameter): Name = "name"; Value = "0603 Resistor"; VariantName = "[No Variations]"
Add component (AddParameter): Name = "package"; Value = "0603"; VariantName = "[No Variations]"
Add component (AddParameter): Name = "percent tolerance"; Value = "5"; VariantName = "[No Variations]"
Add component (AddParameter): Name = "quantity"; Value = "0"; VariantName = "[No Variations]"
Add component (AddParameter): Name = "resistance"; Value = "1k"; VariantName = "[No Variations]"
Added Component: Designator=R?(0603)
Add component. Clean all parameters for all variants
Add component (AddParameter): Name = "id"; Value = "1"; VariantName = "[No Variations]"
Add component (AddParameter): Name = "name"; Value = "0603 Resistor"; VariantName = "[No Variations]"
Add component (AddParameter): Name = "package"; Value = "0603"; VariantName = "[No Variations]"
Add component (AddParameter): Name = "percent tolerance"; Value = "5"; VariantName = "[No Variations]"
Add component (AddParameter): Name = "quantity"; Value = "0"; VariantName = "[No Variations]"
Add component (AddParameter): Name = "resistance"; Value = "1k"; VariantName = "[No Variations]"
Added Pin To Net: NetName=DGND Pin=M?-2
Added Pin To Net: NetName=DGND Pin=M?-2
Added Pin To Net: NetName=DGND Pin=M?-2
Added Pin To Net: NetName=DGND Pin=R?-1
Added Pin To Net: NetName=DGND Pin=R?-1
Added Pin To Net: NetName=DGND Pin=R?-1
Change Net Name : Old Net Name=NetC1_1 New Net Name=NetC3_1
Change Net Name : Old Net Name=NetC9_2 New Net Name=NetC12_U_PassiveFilter1_2
Change Net Name : Old Net Name=NetC11_2 New Net Name=NetC12_U_PassiveFilter2_2
Change Net Name : Old Net Name=NetC13_2 New Net Name=NetC12_U_PassiveFilter3_2
Change Net Name : Old Net Name=NetC15_2 New Net Name=NetC12_U_PassiveFilter4_2
Change Net Name : Old Net Name=NetC17_2 New Net Name=NetC12_U_PassiveFilter5_2
Change Net Name : Old Net Name=NetC19_2 New Net Name=NetC12_U_PassiveFilter6_2
Change Net Name : Old Net Name=NetC21_2 New Net Name=NetC12_U_PassiveFilter7_2
Change Net Name : Old Net Name=NetC23_2 New Net Name=NetC12_U_PassiveFilter8_2
Change Net Name : Old Net Name=NetR7_1 New Net Name=NetR9_1
Change Net Name : Old Net Name=NetR7_2 New Net Name=NetR9_2
Change Net Name : Old Net Name=NetR17_1 New Net Name=NetR24_U_PassiveFilter1_1
Change Net Name : Old Net Name=NetR23_1 New Net Name=NetR24_U_PassiveFilter4_1
Change Net Name : Old Net Name=NetR25_1 New Net Name=NetR24_U_PassiveFilter5_1
Change Net Name : Old Net Name=NetR27_1 New Net Name=NetR24_U_PassiveFilter6_1
Change Net Name : Old Net Name=NetU1_6 New Net Name=NetU2_6
Change Net Name : Old Net Name=NetU1_8 New Net Name=NetU2_8
Change Net Name : Old Net Name=NetU2_5 New Net Name=NetU3_5
Change Net Name : Old Net Name=NetU2_12 New Net Name=NetU3_12
Change Net Name : Old Net Name=NetU2_13 New Net Name=NetU3_13
Added Pin To Net: NetName=+5 Pin=R?-2
Added Pin To Net: NetName=+5 Pin=R?-2
Added Pin To Net: NetName=+5 Pin=R?-2
Added Net: Name=+5
Added Pin To Net: NetName=LED1 Pin=R?-2
Added Pin To Net: NetName=LED1 Pin=R?-2
Added Pin To Net: NetName=LED1 Pin=U6-36
Added Net: Name=LED1
Added Pin To Net: NetName=LED2 Pin=R?-2
Added Pin To Net: NetName=LED2 Pin=R?-2
Added Pin To Net: NetName=LED2 Pin=U6-35
Added Net: Name=LED2
Added Pin To Net: NetName=LED3 Pin=R?-2
Added Pin To Net: NetName=LED3 Pin=R?-2
Added Pin To Net: NetName=LED3 Pin=U6-30
Added Net: Name=LED3
Added Pin To Net: NetName=NetD?_1 Pin=D?-1
Added Pin To Net: NetName=NetD?_1 Pin=R?-1
Added Net: Name=NetD?_1
Added Pin To Net: NetName=NetD?_2 Pin=D?-2
Added Pin To Net: NetName=NetD?_2 Pin=M?-3
Added Net: Name=NetD?_2
Added Pin To Net: NetName=NetM?_1 Pin=M?-1
Added Pin To Net: NetName=NetM?_1 Pin=R?-1
Added Net: Name=NetM?_1
Change Class Name : Old Net Name=Room Definition 1 New Net Name=U_PassiveFilter2
Added Member To Class: ClassName=5V_LDO_Analog Member=Component C1_5V_LDO_Analog (C1) capacitor
Added Member To Class: ClassName=5V_LDO_Analog Member=Component C2_5V_LDO_Analog (C2) capacitor
Added Member To Class: ClassName=MCUPedalbox Member=Component C5 capacitor
Added Member To Class: ClassName=MCUPedalbox Member=Component C8 capacitor
Added Member To Class: ClassName=RVPOVP Member=Component C9 capacitor
Added Member To Class: ClassName=CAN_5V Member=Component C10 capacitor
Added Member To Class: ClassName=CAN_5V Member=Component C11 capacitor
Added Member To Class: ClassName=U_PassiveFilter1 Member=Component C12_U_PassiveFilter1 (C12) capacitor
Added Member To Class: ClassName=U_PassiveFilter4 Member=Component C12_U_PassiveFilter4 (C12) capacitor
Added Member To Class: ClassName=U_PassiveFilter5 Member=Component C12_U_PassiveFilter5 (C12) capacitor
Added Member To Class: ClassName=U_PassiveFilter6 Member=Component C12_U_PassiveFilter6 (C12) capacitor
Added Member To Class: ClassName=U_PassiveFilter8 Member=Component C12_U_PassiveFilter8 (C12) capacitor
Added Member To Class: ClassName=U_PassiveFilter1 Member=Component C13_U_PassiveFilter1 (C13) capacitor
Added Member To Class: ClassName=U_PassiveFilter5 Member=Component C13_U_PassiveFilter5 (C13) capacitor
Added Member To Class: ClassName=U_PassiveFilter6 Member=Component C13_U_PassiveFilter6 (C13) capacitor
Added Member To Class: ClassName=VoltageReferenceGen Member=Component C14 capacitor
Added Member To Class: ClassName=VoltageReferenceGen Member=Component C15 capacitor
Added Member To Class: ClassName=VoltageReferenceGen Member=Component C16 capacitor
Added Member To Class: ClassName=VoltageReferenceGen Member=Component C18 capacitor
Added Member To Class: ClassName=MCUPedalbox Member=Component D? LED
Added Member To Class: ClassName=MCUPedalbox Member=Component D? LED
Added Member To Class: ClassName=MCUPedalbox Member=Component D? LED
Added Member To Class: ClassName=MCUPedalbox Member=Component M? 
Added Member To Class: ClassName=MCUPedalbox Member=Component M? 
Added Member To Class: ClassName=MCUPedalbox Member=Component M? 
Added Member To Class: ClassName=5V_12V_Logic Member=Component R4 resistor
Added Member To Class: ClassName=5V_LDO_Analog Member=Component R8_5V_LDO_Analog (R8) resistor
Added Member To Class: ClassName=5V_LDO_Digital Member=Component R8_5V_LDO_Digital (R8) resistor
Added Member To Class: ClassName=BSPD Member=Component R9 resistor
Added Member To Class: ClassName=BSPD Member=Component R11 resistor
Added Member To Class: ClassName=BSPD Member=Component R12 resistor
Added Member To Class: ClassName=MCUPedalbox Member=Component R13 resistor
Added Member To Class: ClassName=MCUPedalbox Member=Component R14 resistor
Added Member To Class: ClassName=Pedalbox Member=Component R16 resistor
Added Member To Class: ClassName=Pedalbox Member=Component R17 resistor
Added Member To Class: ClassName=Brake Pedal Check Member=Component R20_Brake Pedal Check (R20) resistor
Added Member To Class: ClassName=CAN_5V Member=Component R21 resistor
Added Member To Class: ClassName=CAN_5V Member=Component R23 resistor
Added Member To Class: ClassName=U_PassiveFilter1 Member=Component R24_U_PassiveFilter1 (R24) resistor
Added Member To Class: ClassName=U_PassiveFilter3 Member=Component R24_U_PassiveFilter3 (R24) resistor
Added Member To Class: ClassName=U_PassiveFilter4 Member=Component R24_U_PassiveFilter4 (R24) resistor
Added Member To Class: ClassName=U_PassiveFilter6 Member=Component R24_U_PassiveFilter6 (R24) resistor
Added Member To Class: ClassName=U_PassiveFilter7 Member=Component R24_U_PassiveFilter7 (R24) resistor
Added Member To Class: ClassName=U_PassiveFilter8 Member=Component R24_U_PassiveFilter8 (R24) resistor
Added Member To Class: ClassName=U_PassiveFilter3 Member=Component R25_U_PassiveFilter3 (R25) resistor
Added Member To Class: ClassName=U_PassiveFilter4 Member=Component R25_U_PassiveFilter4 (R25) resistor
Added Member To Class: ClassName=U_PassiveFilter5 Member=Component R25_U_PassiveFilter5 (R25) resistor
Added Member To Class: ClassName=U_PassiveFilter6 Member=Component R25_U_PassiveFilter6 (R25) resistor
Added Member To Class: ClassName=U_PassiveFilter8 Member=Component R25_U_PassiveFilter8 (R25) resistor
Added Member To Class: ClassName=VoltageReferenceGen Member=Component R28 resistor
Added Member To Class: ClassName=VoltageReferenceGen Member=Component R29 resistor
Added Member To Class: ClassName=VoltageReferenceGen Member=Component R31 TC33X-2-103E
Added Member To Class: ClassName=VoltageReferenceGen Member=Component R36 resistor
Added Member To Class: ClassName=VoltageReferenceGen Member=Component R37 resistor
Added Member To Class: ClassName=VoltageReferenceGen Member=Component R40 resistor
Added Member To Class: ClassName=VoltageReferenceGen Member=Component R41 resistor
Added Member To Class: ClassName=Accel_DivergentSignalOffset Member=Component R42_Accel_DivergentSignalOffset (R42) resistor
Added Member To Class: ClassName=Accel_DivergentSignalOffset Member=Component R44_Accel_DivergentSignalOffset (R44) resistor
Added Member To Class: ClassName=Brake_DivergentSignalOffset Member=Component R44_Brake_DivergentSignalOffset (R44) resistor
Added Member To Class: ClassName=Brake_DivergentSignalOffset Member=Component R45_Brake_DivergentSignalOffset (R45) resistor
Added Member To Class: ClassName=Accel_DivergentSignalOffset Member=Component R46_Accel_DivergentSignalOffset (R46) resistor
Added Member To Class: ClassName=Accel_DivergentSignalOffset Member=Component R47_Accel_DivergentSignalOffset (R47) resistor
Added Member To Class: ClassName=MCUPedalbox Member=Component R? resistor
Added Member To Class: ClassName=MCUPedalbox Member=Component R? resistor
Added Member To Class: ClassName=MCUPedalbox Member=Component R? resistor
Added Member To Class: ClassName=MCUPedalbox Member=Component R? resistor
Added Member To Class: ClassName=MCUPedalbox Member=Component R? resistor
Added Member To Class: ClassName=MCUPedalbox Member=Component R? resistor
Added Member To Class: ClassName=MCUPedalbox Member=Component R? resistor
Added Member To Class: ClassName=MCUPedalbox Member=Component R? resistor
Added Member To Class: ClassName=MCUPedalbox Member=Component R? resistor
Added Member To Class: ClassName=CAN_5V Member=Component RCU-2 RCU-0C
Added Member To Class: ClassName=5V_LDO_Analog Member=Component TP1_5V_LDO_Analog (TP1) RCU-0C
Added Member To Class: ClassName=5V_LDO_Analog Member=Component U1_5V_LDO_Analog (U1) LDO-5Pin
Added Member To Class: ClassName=BSPD Member=Component U4 LT1018 Dual Comparator
Added Member To Class: ClassName=BSPD Member=Component U5 LT1018 Dual Comparator
Added Member To Class: ClassName=MCUPedalbox Member=Component U6 MKE18F512VLH16
Added Member To Class: ClassName=PlausibilityTrigger Member=Component U8 SN74LVC1G32 OR Gate
Added Member To Class: ClassName=PlausibilityTrigger Member=Component U10 LT1018 Dual Comparator
Added Member To Class: ClassName=PlausibilityTrigger Member=Component U11 SN74LVC1G32 OR Gate
Added Member To Class: ClassName=Current/Throttle Check Member=Component U14_Current/Throttle Check (U14A) LT1018 Dual Comparator
Added Member To Class: ClassName=Brake Pedal Check Member=Component U15_Brake Pedal Check (U15A) LT1018 Dual Comparator
Added Member To Class: ClassName=Current/Throttle Check Member=Component U15_Current/Throttle Check (U15A) LT1018 Dual Comparator
Added Member To Class: ClassName=Brake Pedal Check Member=Component U16_Brake Pedal Check (U16A) LT1018 Dual Comparator
Added Member To Class: ClassName=CAN_5V Member=Component U17 MCP2561 CAN Transceiver
Added Room: Name=RVPOVP
