Removed Pin From Net: NetName=DGND Pin=C3-1
Removed Pin From Net: NetName=DGND Pin=X2-3
Removed Pin From Net: NetName=DGND Pin=X2-5
Removed Member From Class: ClassName=U_PassiveFilter6 Member=C2
Removed Member From Class: ClassName=U_PassiveFilter8 Member=C3
Removed Member From Class: ClassName=MCUPedalbox Member=C8
Removed Member From Class: ClassName=U_PassiveFilter2 Member=C8
Removed Member From Class: ClassName=U_PassiveFilter4 Member=C11
Removed Member From Class: ClassName=U_PassiveFilter7 Member=C11
Removed Member From Class: ClassName=MCUPedalbox Member=C15
Removed Member From Class: ClassName=MCUPedalbox Member=C16
Removed Member From Class: ClassName=MCUPedalbox Member=C18
Removed Member From Class: ClassName=U_PassiveFilter1 Member=C18
Removed Member From Class: ClassName=U_PassiveFilter3 Member=C18
Removed Member From Class: ClassName=MCUPedalbox Member=C19
Removed Member From Class: ClassName=U_PassiveFilter2 Member=C19
Removed Member From Class: ClassName=CAN_5V Member=C21
Removed Member From Class: ClassName=RVPOVP Member=C24
Removed Member From Class: ClassName=U_PassiveFilter5 Member=C24
Removed Member From Class: ClassName=BSPD Member=C28
Removed Member From Class: ClassName=U_PassiveFilter8 Member=C28
Removed Member From Class: ClassName=U_PassiveFilter1 Member=C29
Removed Member From Class: ClassName=U_PassiveFilter4 Member=C29
Removed Member From Class: ClassName=U_PassiveFilter7 Member=C29
Removed Member From Class: ClassName=U_PassiveFilter3 Member=C30
Removed Member From Class: ClassName=U_PassiveFilter5 Member=C31
Removed Member From Class: ClassName=BSPD Member=Q2
Removed Member From Class: ClassName=5V_12V_Logic Member=R1
Removed Member From Class: ClassName=U_PassiveFilter3 Member=R1
Removed Member From Class: ClassName=Accel_DivergentSignalOffset Member=R3
Removed Member From Class: ClassName=U_PassiveFilter7 Member=R3
Removed Member From Class: ClassName=Accel_DivergentSignalOffset Member=R4
Removed Member From Class: ClassName=U_PassiveFilter1 Member=R4
Removed Member From Class: ClassName=U_PassiveFilter8 Member=R5
Removed Member From Class: ClassName=Accel_DivergentSignalOffset Member=R6
Removed Member From Class: ClassName=Brake_DivergentSignalOffset Member=R6
Removed Member From Class: ClassName=Accel_DivergentSignalOffset Member=R9
Removed Member From Class: ClassName=U_PassiveFilter6 Member=R12
Removed Member From Class: ClassName=U_PassiveFilter7 Member=R12
Removed Member From Class: ClassName=Brake Pedal Check Member=R13
Removed Member From Class: ClassName=CAN_5V Member=R13
Removed Member From Class: ClassName=U_PassiveFilter5 Member=R13
Removed Member From Class: ClassName=Brake_DivergentSignalOffset Member=R16
Removed Member From Class: ClassName=MCUPedalbox Member=R19
Removed Member From Class: ClassName=RVPOVP Member=R19
Removed Member From Class: ClassName=5V_12V_Logic Member=R21
Removed Member From Class: ClassName=5V_12V_Logic Member=R24
Removed Member From Class: ClassName=BSPD Member=R29
Removed Member From Class: ClassName=5V_12V_Logic Member=R32
Removed Member From Class: ClassName=Current/Throttle Check Member=R32
Removed Member From Class: ClassName=U_PassiveFilter2 Member=R32
Removed Member From Class: ClassName=RVPOVP Member=R34
Removed Member From Class: ClassName=U_PassiveFilter6 Member=R34
Removed Member From Class: ClassName=BSPD Member=R37
Removed Member From Class: ClassName=U_PassiveFilter5 Member=R37
Removed Member From Class: ClassName=Current/Throttle Check Member=R40
Removed Member From Class: ClassName=Accel_DivergentSignalOffset Member=R46
Removed Member From Class: ClassName=Accel_DivergentSignalOffset Member=R49
Removed Member From Class: ClassName=U_PassiveFilter3 Member=R52
Removed Member From Class: ClassName=Brake Pedal Check Member=R58
Removed Member From Class: ClassName=U_PassiveFilter2 Member=R58
Removed Member From Class: ClassName=5V_12V_Logic Member=R60
Removed Member From Class: ClassName=U_PassiveFilter4 Member=R60
Removed Member From Class: ClassName=5V_12V_Logic Member=R63
Removed Member From Class: ClassName=U_PassiveFilter8 Member=R63
Removed Member From Class: ClassName=CAN_5V Member=R65
Removed Member From Class: ClassName=MCUPedalbox Member=R65
Removed Member From Class: ClassName=U_PassiveFilter1 Member=R65
Removed Member From Class: ClassName=BSPD Member=R66
Removed Member From Class: ClassName=U_PassiveFilter4 Member=R66
Removed Member From Class: ClassName=Brake Pedal Check Member=U2
Removed Member From Class: ClassName=BSPD Member=U7
Removed Member From Class: ClassName=Current/Throttle Check Member=U7
Removed Member From Class: ClassName=MCUPedalbox Member=U7
Removed Member From Class: ClassName=Brake Pedal Check Member=U12
Removed Member From Class: ClassName=BSPD Member=U12
Removed Member From Class: ClassName=PlausibilityTrigger Member=U12
Removed Member From Class: ClassName=PlausibilityTrigger Member=U14
Removed Member From Class: ClassName=BSPD Member=U?
Removed Member From Class: ClassName=26PinSuperseal Member=X2
Change Class Name : Old Net Name=Brake_DivergentSignalOffset New Net Name=VoltageReferenceGen
Added Class: Name=Brake_DivergentSignalOffset
Added Member To Class: ClassName=RVPOVP Member=Component C1 capacitor
Added Member To Class: ClassName=BSPD Member=Component C2 capacitor
Added Member To Class: ClassName=MCUPedalbox Member=Component C3 capacitor
Added Member To Class: ClassName=MCUPedalbox Member=Component C4 capacitor
Added Member To Class: ClassName=MCUPedalbox Member=Component C5 capacitor
Added Member To Class: ClassName=MCUPedalbox Member=Component C6 capacitor
Added Member To Class: ClassName=MCUPedalbox Member=Component C7 capacitor
Added Member To Class: ClassName=U_PassiveFilter1 Member=Component C8 capacitor
Added Member To Class: ClassName=U_PassiveFilter1 Member=Component C9 capacitor
Added Member To Class: ClassName=U_PassiveFilter2 Member=Component C10 (C8) capacitor
Added Member To Class: ClassName=CAN_5V Member=Component C11 capacitor
Added Member To Class: ClassName=CAN_5V Member=Component C12 capacitor
Added Member To Class: ClassName=U_PassiveFilter2 Member=Component C13 (C9) capacitor
Added Member To Class: ClassName=U_PassiveFilter3 Member=Component C14 (C8) capacitor
Added Member To Class: ClassName=U_PassiveFilter3 Member=Component C15 (C9) capacitor
Added Member To Class: ClassName=U_PassiveFilter4 Member=Component C16 (C8) capacitor
Added Member To Class: ClassName=U_PassiveFilter4 Member=Component C17 (C9) capacitor
Added Member To Class: ClassName=U_PassiveFilter5 Member=Component C18 (C8) capacitor
Added Member To Class: ClassName=U_PassiveFilter5 Member=Component C19 (C9) capacitor
Added Member To Class: ClassName=U_PassiveFilter6 Member=Component C20 (C8) capacitor
Added Member To Class: ClassName=U_PassiveFilter7 Member=Component C22 (C8) capacitor
Added Member To Class: ClassName=U_PassiveFilter7 Member=Component C23 (C9) capacitor
Added Member To Class: ClassName=U_PassiveFilter8 Member=Component C24 (C8) capacitor
Added Member To Class: ClassName=U_PassiveFilter8 Member=Component C25 (C9) capacitor
Added Member To Class: ClassName=VoltageReferenceGen Member=Component C26 (C10) capacitor
Added Member To Class: ClassName=VoltageReferenceGen Member=Component C27 (C13) capacitor
Added Member To Class: ClassName=VoltageReferenceGen Member=Component C28 (C14) capacitor
Added Member To Class: ClassName=VoltageReferenceGen Member=Component C29 (C15) capacitor
Added Member To Class: ClassName=VoltageReferenceGen Member=Component C30 (C16) capacitor
Added Member To Class: ClassName=VoltageReferenceGen Member=Component C31 (C17) capacitor
Added Member To Class: ClassName=5V_LDO_Analog Member=Component C?_5V_LDO_Analog (C?) capacitor
Added Member To Class: ClassName=5V_LDO_Digital Member=Component C?_5V_LDO_Digital (C?) capacitor
Added Member To Class: ClassName=BSPD Member=Component Q3 MMBT4401
Added Member To Class: ClassName=RVPOVP Member=Component R1 resistor
Added Member To Class: ClassName=RVPOVP Member=Component R2 resistor
Added Member To Class: ClassName=5V_12V_Logic Member=Component R3 resistor
Added Member To Class: ClassName=5V_12V_Logic Member=Component R4 resistor
Added Member To Class: ClassName=5V_12V_Logic Member=Component R5 resistor
Added Member To Class: ClassName=5V_12V_Logic Member=Component R6 resistor
Added Member To Class: ClassName=5V_12V_Logic Member=Component R7 resistor
Added Member To Class: ClassName=5V_12V_Logic Member=Component R8 resistor
Added Member To Class: ClassName=BSPD Member=Component R9 resistor
Added Member To Class: ClassName=BSPD Member=Component R10 resistor
Added Member To Class: ClassName=BSPD Member=Component R11 resistor
Added Member To Class: ClassName=MCUPedalbox Member=Component R14 resistor
Added Member To Class: ClassName=MCUPedalbox Member=Component R15 resistor
Added Member To Class: ClassName=CAN_5V Member=Component R16 resistor
Added Member To Class: ClassName=CAN_5V Member=Component R17 resistor
Added Member To Class: ClassName=U_PassiveFilter1 Member=Component R19 (R21) resistor
Added Member To Class: ClassName=U_PassiveFilter1 Member=Component R20 (R22) resistor
Added Member To Class: ClassName=U_PassiveFilter2 Member=Component R21 resistor
Added Member To Class: ClassName=U_PassiveFilter2 Member=Component R22 resistor
Added Member To Class: ClassName=U_PassiveFilter3 Member=Component R23 (R21) resistor
Added Member To Class: ClassName=U_PassiveFilter3 Member=Component R24 (R22) resistor
Added Member To Class: ClassName=U_PassiveFilter4 Member=Component R25 (R21) resistor
Added Member To Class: ClassName=U_PassiveFilter4 Member=Component R26 (R22) resistor
Added Member To Class: ClassName=U_PassiveFilter5 Member=Component R27 (R21) resistor
Added Member To Class: ClassName=U_PassiveFilter5 Member=Component R28 (R22) resistor
Added Member To Class: ClassName=U_PassiveFilter6 Member=Component R29 (R21) resistor
Added Member To Class: ClassName=U_PassiveFilter6 Member=Component R30 (R22) resistor
Added Member To Class: ClassName=U_PassiveFilter7 Member=Component R31 (R21) resistor
Added Member To Class: ClassName=U_PassiveFilter7 Member=Component R32 (R22) resistor
Added Member To Class: ClassName=U_PassiveFilter8 Member=Component R33 (R21) resistor
Added Member To Class: ClassName=U_PassiveFilter8 Member=Component R34 (R22) resistor
Added Member To Class: ClassName=Brake Pedal Check Member=Component R35 (R19) resistor
Added Member To Class: ClassName=Brake Pedal Check Member=Component R36 (R20) resistor
Added Member To Class: ClassName=Current/Throttle Check Member=Component R37 (R19) resistor
Added Member To Class: ClassName=Current/Throttle Check Member=Component R38 (R20) resistor
Added Member To Class: ClassName=VoltageReferenceGen Member=Component R39 (R23) resistor
Added Member To Class: ClassName=VoltageReferenceGen Member=Component R41 (R25) resistor
Added Member To Class: ClassName=VoltageReferenceGen Member=Component R42 (R26) resistor
Added Member To Class: ClassName=VoltageReferenceGen Member=Component R43 (R27) TC33X-2-103E
Added Member To Class: ClassName=VoltageReferenceGen Member=Component R46 (R30) resistor
Added Member To Class: ClassName=VoltageReferenceGen Member=Component R47 (R31) resistor
Added Member To Class: ClassName=VoltageReferenceGen Member=Component R48 (R32) resistor
Added Member To Class: ClassName=VoltageReferenceGen Member=Component R49 (R33) resistor
Added Member To Class: ClassName=VoltageReferenceGen Member=Component R51 (R35) resistor
Added Member To Class: ClassName=VoltageReferenceGen Member=Component R52 (R36) resistor
Added Member To Class: ClassName=VoltageReferenceGen Member=Component R53 (R37) TC33X-2-103E
Added Member To Class: ClassName=VoltageReferenceGen Member=Component R54 (R38) resistor
Added Member To Class: ClassName=Accel_DivergentSignalOffset Member=Component R55 (R39) resistor
Added Member To Class: ClassName=Accel_DivergentSignalOffset Member=Component R56 (R40) resistor
Added Member To Class: ClassName=Accel_DivergentSignalOffset Member=Component R57 (R41) resistor
Added Member To Class: ClassName=Accel_DivergentSignalOffset Member=Component R58 (R42) resistor
Added Member To Class: ClassName=Accel_DivergentSignalOffset Member=Component R59 (R43) resistor
Added Member To Class: ClassName=Accel_DivergentSignalOffset Member=Component R60 (R44) resistor
Added Member To Class: ClassName=CAN_5V Member=Component RCU-0C
Added Member To Class: ClassName=5V_LDO_Analog Member=Component TP?_5V_LDO_Analog (TP?) RCU-0C
Added Member To Class: ClassName=5V_LDO_Digital Member=Component TP?_5V_LDO_Digital (TP?) RCU-0C
Added Member To Class: ClassName=BSPD Member=Component U1 
Added Member To Class: ClassName=BSPD Member=Component U2 LT1018 Dual Comparator
Added Member To Class: ClassName=MCUPedalbox Member=Component U3 MKE18F512VLH16
Added Member To Class: ClassName=PlausibilityTrigger Member=Component U5 LT1018 Dual Comparator
Added Member To Class: ClassName=PlausibilityTrigger Member=Component U7 LT1018 Dual Comparator
Added Member To Class: ClassName=PlausibilityTrigger Member=Component U8 SN74LVC1G32 OR Gate
Added Member To Class: ClassName=Brake Pedal Check Member=Component U9 LT1018 Dual Comparator
Added Member To Class: ClassName=BSPD Member=Component U10 74HC21D AND Gate
Added Member To Class: ClassName=Brake Pedal Check Member=Component U11 LT1018 Dual Comparator
Added Member To Class: ClassName=Current/Throttle Check Member=Component U12 (U9A) LT1018 Dual Comparator
Added Member To Class: ClassName=26PinSuperseal Member=Component X1 
