Change Component Physical Designator: Old Designator=C8_U_PassiveFilter1 New Designator=C8
Change Component Physical Designator: Old Designator=C8_U_PassiveFilter2 New Designator=C10
Change Component Physical Designator: Old Designator=C8_U_PassiveFilter3 New Designator=C14
Change Component Physical Designator: Old Designator=C8_U_PassiveFilter4 New Designator=C16
Change Component Physical Designator: Old Designator=C8_U_PassiveFilter5 New Designator=C18
Change Component Physical Designator: Old Designator=C8_U_PassiveFilter6 New Designator=C20
Change Component Physical Designator: Old Designator=C8_U_PassiveFilter7 New Designator=C22
Change Component Physical Designator: Old Designator=C8_U_PassiveFilter8 New Designator=C24
Change Component Physical Designator: Old Designator=C9_U_PassiveFilter1 New Designator=C9
Change Component Physical Designator: Old Designator=C9_U_PassiveFilter2 New Designator=C13
Change Component Physical Designator: Old Designator=C9_U_PassiveFilter3 New Designator=C15
Change Component Physical Designator: Old Designator=C9_U_PassiveFilter4 New Designator=C17
Change Component Physical Designator: Old Designator=C9_U_PassiveFilter5 New Designator=C19
Change Component Physical Designator: Old Designator=C9_U_PassiveFilter6 New Designator=C21
Change Component Physical Designator: Old Designator=C9_U_PassiveFilter7 New Designator=C23
Change Component Physical Designator: Old Designator=C9_U_PassiveFilter8 New Designator=C25
Change Component Physical Designator: Old Designator=C10 New Designator=C26
Change Component Physical Designator: Old Designator=C13 New Designator=C27
Change Component Physical Designator: Old Designator=C14 New Designator=C28
Change Component Physical Designator: Old Designator=C15 New Designator=C29
Change Component Physical Designator: Old Designator=C16 New Designator=C30
Change Component Physical Designator: Old Designator=R19_Brake Pedal Check New Designator=R35
Change Component Physical Designator: Old Designator=R19_Current/Throttle Check New Designator=R37
Change Component Physical Designator: Old Designator=R20_Brake Pedal Check New Designator=R36
Change Component Physical Designator: Old Designator=R20_Current/Throttle Check New Designator=R38
Change Component Physical Designator: Old Designator=R21_U_PassiveFilter1 New Designator=R19
Change Component Physical Designator: Old Designator=R21_U_PassiveFilter2 New Designator=R21
Change Component Physical Designator: Old Designator=R21_U_PassiveFilter3 New Designator=R23
Change Component Physical Designator: Old Designator=R21_U_PassiveFilter4 New Designator=R25
Change Component Physical Designator: Old Designator=R21_U_PassiveFilter5 New Designator=R27
Change Component Physical Designator: Old Designator=R21_U_PassiveFilter6 New Designator=R29
Change Component Physical Designator: Old Designator=R21_U_PassiveFilter7 New Designator=R31
Change Component Physical Designator: Old Designator=R21_U_PassiveFilter8 New Designator=R33
Change Component Physical Designator: Old Designator=R22_U_PassiveFilter1 New Designator=R20
Change Component Physical Designator: Old Designator=R22_U_PassiveFilter2 New Designator=R22
Change Component Physical Designator: Old Designator=R22_U_PassiveFilter3 New Designator=R24
Change Component Physical Designator: Old Designator=R22_U_PassiveFilter4 New Designator=R26
Change Component Physical Designator: Old Designator=R22_U_PassiveFilter5 New Designator=R28
Change Component Physical Designator: Old Designator=R22_U_PassiveFilter6 New Designator=R30
Change Component Physical Designator: Old Designator=R22_U_PassiveFilter7 New Designator=R32
Change Component Physical Designator: Old Designator=R22_U_PassiveFilter8 New Designator=R34
Change Component Physical Designator: Old Designator=R23 New Designator=R39
Change Component Physical Designator: Old Designator=R24 New Designator=R40
Change Component Physical Designator: Old Designator=R25 New Designator=R41
Change Component Physical Designator: Old Designator=R26 New Designator=R42
Change Component Physical Designator: Old Designator=R27 New Designator=R43
Change Component Physical Designator: Old Designator=R28 New Designator=R44
Change Component Physical Designator: Old Designator=R29 New Designator=R45
Change Component Physical Designator: Old Designator=R30 New Designator=R46
Change Component Physical Designator: Old Designator=R31 New Designator=R47
Change Component Physical Designator: Old Designator=R32 New Designator=R48
Change Component Physical Designator: Old Designator=R33 New Designator=R49
Change Component Physical Designator: Old Designator=R34 New Designator=R50
Change Component Physical Designator: Old Designator=R35 New Designator=R51
Change Component Physical Designator: Old Designator=U9_Brake Pedal Check New Designator=U9
Change Component Physical Designator: Old Designator=U9_Brake Pedal Check New Designator=U9
Change Component Physical Designator: Old Designator=U9_Current/Throttle Check New Designator=U12
Change Component Physical Designator: Old Designator=U9_Current/Throttle Check New Designator=U12
Change Component Physical Designator: Old Designator=U10_Brake Pedal Check New Designator=U10
Change Component Physical Designator: Old Designator=U10_Current/Throttle Check New Designator=U13
Change Component Physical Designator: Old Designator=U11_Brake Pedal Check New Designator=U11
Change Component Physical Designator: Old Designator=U11_Brake Pedal Check New Designator=U11
Change Component Physical Designator: Old Designator=U11_Current/Throttle Check New Designator=U14
Change Component Physical Designator: Old Designator=U11_Current/Throttle Check New Designator=U14
