Removed Member From Class: ClassName=VoltageReferenceGen Member=C1
Removed Member From Class: ClassName=CAN_5V Member=C6
Removed Member From Class: ClassName=5V_LDO_Digital Member=C7
Removed Member From Class: ClassName=U_PassiveFilter5 Member=C7
Removed Member From Class: ClassName=U_PassiveFilter8 Member=C7
Removed Member From Class: ClassName=U_PassiveFilter4 Member=C11
Removed Member From Class: ClassName=MCUPedalbox Member=C13
Removed Member From Class: ClassName=U_PassiveFilter1 Member=C13
Removed Member From Class: ClassName=U_PassiveFilter1 Member=C14
Removed Member From Class: ClassName=MCUPedalbox Member=C16
Removed Member From Class: ClassName=U_PassiveFilter5 Member=C16
Removed Member From Class: ClassName=U_PassiveFilter6 Member=C21
Removed Member From Class: ClassName=U_PassiveFilter3 Member=C25
Removed Member From Class: ClassName=U_PassiveFilter6 Member=C25
Removed Member From Class: ClassName=U_PassiveFilter7 Member=C25
Removed Member From Class: ClassName=U_PassiveFilter8 Member=C35
Removed Member From Class: ClassName=Pedalbox Member=D6
Removed Member From Class: ClassName=MCUPedalbox Member=M4
Removed Member From Class: ClassName=Brake Pedal Check Member=R1
Removed Member From Class: ClassName=VoltageReferenceGen Member=R7
Removed Member From Class: ClassName=Current/Throttle Check Member=R9
Removed Member From Class: ClassName=VoltageReferenceGen Member=R9
Removed Member From Class: ClassName=U_PassiveFilter8 Member=R10
Removed Member From Class: ClassName=5V_12V_Logic Member=R15
Removed Member From Class: ClassName=5V_12V_Logic Member=R17
Removed Member From Class: ClassName=CAN_5V Member=R17
Removed Member From Class: ClassName=U_PassiveFilter3 Member=R17
Removed Member From Class: ClassName=5V_LDO_Analog Member=R18
Removed Member From Class: ClassName=5V_12V_Logic Member=R21
Removed Member From Class: ClassName=5V_LDO_Digital Member=R21
Removed Member From Class: ClassName=Pedalbox Member=R21
Removed Member From Class: ClassName=Brake_DivergentSignalOffset Member=R22
Removed Member From Class: ClassName=VoltageReferenceGen Member=R22
Removed Member From Class: ClassName=Brake_DivergentSignalOffset Member=R24
Removed Member From Class: ClassName=U_PassiveFilter4 Member=R24
Removed Member From Class: ClassName=BSPD Member=R27
Removed Member From Class: ClassName=U_PassiveFilter6 Member=R27
Removed Member From Class: ClassName=5V_12V_Logic Member=R31
Removed Member From Class: ClassName=CAN_5V Member=R31
Removed Member From Class: ClassName=U_PassiveFilter6 Member=R31
Removed Member From Class: ClassName=MCUPedalbox Member=R36
Removed Member From Class: ClassName=5V_LDO_Digital Member=R39
Removed Member From Class: ClassName=MCUPedalbox Member=R39
Removed Member From Class: ClassName=MCUPedalbox Member=R41
Removed Member From Class: ClassName=VoltageReferenceGen Member=R45
Removed Member From Class: ClassName=U_PassiveFilter5 Member=R48
Removed Member From Class: ClassName=Pedalbox Member=R56
Removed Member From Class: ClassName=U_PassiveFilter2 Member=R56
Removed Member From Class: ClassName=RVPOVP Member=R59
Removed Member From Class: ClassName=U_PassiveFilter1 Member=R59
Removed Member From Class: ClassName=BSPD Member=R63
Removed Member From Class: ClassName=U_PassiveFilter5 Member=R63
Removed Member From Class: ClassName=U_PassiveFilter7 Member=R64
Removed Member From Class: ClassName=Brake_DivergentSignalOffset Member=R66
Removed Member From Class: ClassName=VoltageReferenceGen Member=R70
Removed Member From Class: ClassName=VoltageReferenceGen Member=R73
Removed Member From Class: ClassName=Accel_DivergentSignalOffset Member=R74
Removed Member From Class: ClassName=VoltageReferenceGen Member=R74
Removed Member From Class: ClassName=CAN_5V Member=R80
Removed Member From Class: ClassName=U_PassiveFilter1 Member=R80
Removed Member From Class: ClassName=5V_LDO_Digital Member=TP2
Removed Member From Class: ClassName=BSPD Member=U7
Removed Member From Class: ClassName=MCUPedalbox Member=U7
Removed Member From Class: ClassName=Current/Throttle Check Member=U14
Removed Member From Class: ClassName=PlausibilityTrigger Member=U15
Removed Member From Class: ClassName=CAN_5V Member=U20
Removed Member From Class: ClassName=PlausibilityTrigger Member=U20
Removed Member From Class: ClassName=5V_LDO_Digital Member=U21
Removed Member From Class: ClassName=BSPD Member=U21
Removed Member From Class: ClassName=MCUPedalbox Member=X1
Added Member To Class: ClassName=CAN_5V Member=Component C2 (C10) capacitor
Added Member To Class: ClassName=CAN_5V Member=Component C3 (C11) capacitor
Added Member To Class: ClassName=MCUPedalbox Member=Component C5 capacitor
Added Member To Class: ClassName=MCUPedalbox Member=Component C8 capacitor
Added Member To Class: ClassName=U_PassiveFilter1 Member=Component C9 (C12) capacitor
Added Member To Class: ClassName=U_PassiveFilter1 Member=Component C10 (C13) capacitor
Added Member To Class: ClassName=U_PassiveFilter3 Member=Component C14 (C13) capacitor
Added Member To Class: ClassName=U_PassiveFilter4 Member=Component C15 (C12) capacitor
Added Member To Class: ClassName=U_PassiveFilter5 Member=Component C17 (C12) capacitor
Added Member To Class: ClassName=U_PassiveFilter5 Member=Component C18 (C13) capacitor
Added Member To Class: ClassName=U_PassiveFilter6 Member=Component C19 (C12) capacitor
Added Member To Class: ClassName=U_PassiveFilter6 Member=Component C20 (C13) capacitor
Added Member To Class: ClassName=U_PassiveFilter7 Member=Component C22 (C13) capacitor
Added Member To Class: ClassName=U_PassiveFilter8 Member=Component C23 (C12) capacitor
Added Member To Class: ClassName=U_PassiveFilter8 Member=Component C24 (C13) capacitor
Added Member To Class: ClassName=VoltageReferenceGen Member=Component C27 (C15) capacitor
Added Member To Class: ClassName=VoltageReferenceGen Member=Component C28 (C16) capacitor
Added Member To Class: ClassName=VoltageReferenceGen Member=Component C31 (C19) capacitor
Added Member To Class: ClassName=5V_LDO_Digital Member=Component C34 (C1) capacitor
Added Member To Class: ClassName=MCUPedalbox Member=Component D1 LED
Added Member To Class: ClassName=MCUPedalbox Member=Component D3 LED
Added Member To Class: ClassName=Pedalbox Member=Component D5 LED
Added Member To Class: ClassName=MCUPedalbox Member=Component M1 
Added Member To Class: ClassName=MCUPedalbox Member=Component M3 
Added Member To Class: ClassName=5V_12V_Logic Member=Component R2 resistor
Added Member To Class: ClassName=5V_12V_Logic Member=Component R3 resistor
Added Member To Class: ClassName=5V_12V_Logic Member=Component R4 resistor
Added Member To Class: ClassName=5V_12V_Logic Member=Component R5 resistor
Added Member To Class: ClassName=5V_12V_Logic Member=Component R6 resistor
Added Member To Class: ClassName=BSPD Member=Component R8 (R10) resistor
Added Member To Class: ClassName=BSPD Member=Component R11 (R13) resistor
Added Member To Class: ClassName=CAN_5V Member=Component R12 (R30) resistor
Added Member To Class: ClassName=CAN_5V Member=Component R13 (R31) resistor
Added Member To Class: ClassName=CAN_5V Member=Component R14 (R32) resistor
Added Member To Class: ClassName=MCUPedalbox Member=Component R16 (R15) resistor
Added Member To Class: ClassName=MCUPedalbox Member=Component R20 (R19) resistor
Added Member To Class: ClassName=MCUPedalbox Member=Component R23 (R22) resistor
Added Member To Class: ClassName=MCUPedalbox Member=Component R25 (R24) resistor
Added Member To Class: ClassName=U_PassiveFilter1 Member=Component R26 (R33) resistor
Added Member To Class: ClassName=U_PassiveFilter1 Member=Component R27 (R34) resistor
Added Member To Class: ClassName=U_PassiveFilter2 Member=Component R29 (R34) resistor
Added Member To Class: ClassName=U_PassiveFilter3 Member=Component R30 (R33) resistor
Added Member To Class: ClassName=U_PassiveFilter4 Member=Component R32 (R33) resistor
Added Member To Class: ClassName=U_PassiveFilter5 Member=Component R34 (R33) resistor
Added Member To Class: ClassName=U_PassiveFilter5 Member=Component R35 (R34) resistor
Added Member To Class: ClassName=U_PassiveFilter6 Member=Component R36 (R33) resistor
Added Member To Class: ClassName=U_PassiveFilter6 Member=Component R37 (R34) resistor
Added Member To Class: ClassName=U_PassiveFilter7 Member=Component R38 (R33) resistor
Added Member To Class: ClassName=U_PassiveFilter8 Member=Component R41 (R34) resistor
Added Member To Class: ClassName=Pedalbox Member=Component R42 (R25) resistor
Added Member To Class: ClassName=Pedalbox Member=Component R43 (R26) resistor
Added Member To Class: ClassName=RVPOVP Member=Component R44 (R27) resistor
Added Member To Class: ClassName=Brake Pedal Check Member=Component R46 (R29) resistor
Added Member To Class: ClassName=Current/Throttle Check Member=Component R47 (R28) resistor
Added Member To Class: ClassName=VoltageReferenceGen Member=Component R49 (R35) resistor
Added Member To Class: ClassName=VoltageReferenceGen Member=Component R50 (R36) resistor
Added Member To Class: ClassName=VoltageReferenceGen Member=Component R51 (R37) resistor
Added Member To Class: ClassName=VoltageReferenceGen Member=Component R53 (R39) TC33X-2-103E
Added Member To Class: ClassName=VoltageReferenceGen Member=Component R54 (R40) TC33X-2-103E
Added Member To Class: ClassName=VoltageReferenceGen Member=Component R55 (R41) resistor
Added Member To Class: ClassName=VoltageReferenceGen Member=Component R57 (R43) resistor
Added Member To Class: ClassName=VoltageReferenceGen Member=Component R60 (R46) resistor
Added Member To Class: ClassName=VoltageReferenceGen Member=Component R61 (R47) TC33X-2-103E
Added Member To Class: ClassName=VoltageReferenceGen Member=Component R62 (R48) TC33X-2-103E
Added Member To Class: ClassName=Accel_DivergentSignalOffset Member=Component R67 (R53) resistor
Added Member To Class: ClassName=Accel_DivergentSignalOffset Member=Component R68 (R54) resistor
Added Member To Class: ClassName=Accel_DivergentSignalOffset Member=Component R69 (R55) resistor
Added Member To Class: ClassName=Accel_DivergentSignalOffset Member=Component R70 (R56) resistor
Added Member To Class: ClassName=Brake_DivergentSignalOffset Member=Component R71 (R51) resistor
Added Member To Class: ClassName=Brake_DivergentSignalOffset Member=Component R75 (R55) resistor
Added Member To Class: ClassName=Brake_DivergentSignalOffset Member=Component R76 (R56) resistor
Added Member To Class: ClassName=5V_LDO_Analog Member=Component R78 (R8) resistor
Added Member To Class: ClassName=5V_LDO_Digital Member=Component R79 (R7) resistor
Added Member To Class: ClassName=5V_LDO_Digital Member=Component R80 (R8) resistor
Added Member To Class: ClassName=CAN_5V Member=Component RCU-2 RCU-0C
Added Member To Class: ClassName=5V_LDO_Analog Member=Component TP1 RCU-0C
Added Member To Class: ClassName=5V_LDO_Digital Member=Component TP4 (TP2) RCU-0C
Added Member To Class: ClassName=BSPD Member=Component U1 (U2A) 74HC21D AND Gate
Added Member To Class: ClassName=BSPD Member=Component U3 (U4A) LT1018 Dual Comparator
Added Member To Class: ClassName=CAN_5V Member=Component U5 (U17) MCP2561 CAN Transceiver
Added Member To Class: ClassName=MCUPedalbox Member=Component U6 MKE18F512VLH16
Added Member To Class: ClassName=PlausibilityTrigger Member=Component U9 LT1018 Dual Comparator
Added Member To Class: ClassName=PlausibilityTrigger Member=Component U10 LT1018 Dual Comparator
Added Member To Class: ClassName=PlausibilityTrigger Member=Component U11 SN74LVC1G32 OR Gate
Added Member To Class: ClassName=PlausibilityTrigger Member=Component U12 LT1018 Dual Comparator
Added Member To Class: ClassName=Brake Pedal Check Member=Component U16 LT1018 Dual Comparator
Added Member To Class: ClassName=Current/Throttle Check Member=Component U17 (U13A) LT1018 Dual Comparator
Added Member To Class: ClassName=Current/Throttle Check Member=Component U18 (U14A) LT1018 Dual Comparator
Added Member To Class: ClassName=5V_LDO_Digital Member=Component U22 (U1) LDO-5Pin
Added Member To Class: ClassName=MCUPedalbox Member=Component X2 CN-2P-M-R10
Added Room: Name=26PinSuperseal
Added Room: Name=MCUPedalbox
