Removed Pin From Net: NetName=NetR7_1 Pin=U2-8
Removed Pin From Net: NetName=5Vin Pin=U2-9
Removed Pin From Net: NetName=5Vin Pin=U2-10
Change Component Designator: OldDesignator=U10 NewDesignator=U11
Change Component Designator: OldDesignator=U11 NewDesignator=U12
Change Component Designator: OldDesignator=U12 NewDesignator=U13
Change Component Designator: OldDesignator=U13 NewDesignator=U14
Change Component Designator: OldDesignator=U14 NewDesignator=U15
Change Component Designator: OldDesignator=U15 NewDesignator=U16
Change Component Designator: OldDesignator=U16 NewDesignator=U17
Change Component Designator: OldDesignator=U17 NewDesignator=U18
Change Component Designator: OldDesignator=U18 NewDesignator=U19
Change Component Designator: OldDesignator=U19 NewDesignator=U20
Change Component Designator: OldDesignator=U20 NewDesignator=U21
Change Component Designator: OldDesignator=U21 NewDesignator=U22
Change Component Designator: OldDesignator=U22 NewDesignator=U23
Added Component: Designator=U10(SOT108-1)
Add component. Clean all parameters for all variants
Add component (AddParameter): Name = "DualAND"; Value = "Plaus+BSPDAND"; VariantName = "[No Variations]"
Add component (AddParameter): Name = "id"; Value = "15"; VariantName = "[No Variations]"
Add component (AddParameter): Name = "quantity"; Value = "0"; VariantName = "[No Variations]"
Added Pin To Net: NetName=NetR7_1 Pin=U10-8
Added Pin To Net: NetName=5Vin Pin=U10-9
Added Pin To Net: NetName=5Vin Pin=U10-10
Change Net Name : Old Net Name=NetU10_7 New Net Name=NetU11_7
Change Net Name : Old Net Name=NetU11_2 New Net Name=NetU12_2
Added Pin To Net: NetName=NetU8_4 Pin=U8-4
Added Pin To Net: NetName=NetU8_4 Pin=U10-12
Added Net: Name=NetU8_4
Added Pin To Net: NetName=NetU10_13 Pin=U10-13
Added Pin To Net: NetName=NetU10_13 Pin=U12-4
Added Net: Name=NetU10_13
Added Member To Class: ClassName=PlausibilityTrigger Member=Component U13 (U9A) LT1018 Dual Comparator
