Reset Component Physical Designator: Old Designator=C1 New Designator=C?
Reset Component Physical Designator: Old Designator=C2 New Designator=C?
Reset Component Physical Designator: Old Designator=C3 New Designator=C?
Reset Component Physical Designator: Old Designator=C4 New Designator=C?
Reset Component Physical Designator: Old Designator=C5 New Designator=C?
Reset Component Physical Designator: Old Designator=C6 New Designator=C?
Reset Component Physical Designator: Old Designator=C7 New Designator=C?
Reset Component Physical Designator: Old Designator=C8 New Designator=C?
Reset Component Physical Designator: Old Designator=C9 New Designator=C?_U_PassiveFilter1
Reset Component Physical Designator: Old Designator=C10 New Designator=C?_U_PassiveFilter1
Reset Component Physical Designator: Old Designator=C11 New Designator=C?_U_PassiveFilter2
Reset Component Physical Designator: Old Designator=C12 New Designator=C?_U_PassiveFilter2
Reset Component Physical Designator: Old Designator=C13 New Designator=C?_U_PassiveFilter3
Reset Component Physical Designator: Old Designator=C14 New Designator=C?_U_PassiveFilter3
Reset Component Physical Designator: Old Designator=C15 New Designator=C?_U_PassiveFilter4
Reset Component Physical Designator: Old Designator=C16 New Designator=C?_U_PassiveFilter4
Reset Component Physical Designator: Old Designator=C17 New Designator=C?_U_PassiveFilter5
Reset Component Physical Designator: Old Designator=C18 New Designator=C?_U_PassiveFilter5
Reset Component Physical Designator: Old Designator=C19 New Designator=C?_U_PassiveFilter6
Reset Component Physical Designator: Old Designator=C20 New Designator=C?_U_PassiveFilter6
Reset Component Physical Designator: Old Designator=C21 New Designator=C?_U_PassiveFilter7
Reset Component Physical Designator: Old Designator=C22 New Designator=C?_U_PassiveFilter7
Reset Component Physical Designator: Old Designator=C23 New Designator=C?_U_PassiveFilter8
Reset Component Physical Designator: Old Designator=C24 New Designator=C?_U_PassiveFilter8
Reset Component Physical Designator: Old Designator=C25 New Designator=C?
Reset Component Physical Designator: Old Designator=C26 New Designator=C?
Reset Component Physical Designator: Old Designator=C27 New Designator=C?
Reset Component Physical Designator: Old Designator=C28 New Designator=C?
Reset Component Physical Designator: Old Designator=C29 New Designator=C?
Reset Component Physical Designator: Old Designator=C30 New Designator=C?
Reset Component Physical Designator: Old Designator=C31 New Designator=C?
Reset Component Physical Designator: Old Designator=C32 New Designator=C?_5V_LDO_Analog
Reset Component Physical Designator: Old Designator=C33 New Designator=C?_5V_LDO_Analog
Reset Component Physical Designator: Old Designator=C34 New Designator=C?_5V_LDO_Digital
Reset Component Physical Designator: Old Designator=C35 New Designator=C?_5V_LDO_Digital
Reset Component Physical Designator: Old Designator=D1 New Designator=D?
Reset Component Physical Designator: Old Designator=D2 New Designator=D?
Reset Component Physical Designator: Old Designator=D3 New Designator=D?
Reset Component Physical Designator: Old Designator=D4 New Designator=D?
Reset Component Physical Designator: Old Designator=D5 New Designator=D?
Reset Component Physical Designator: Old Designator=D6 New Designator=D?
Reset Component Physical Designator: Old Designator=M1 New Designator=M?
Reset Component Physical Designator: Old Designator=M2 New Designator=M?
Reset Component Physical Designator: Old Designator=M3 New Designator=M?
Reset Component Physical Designator: Old Designator=M4 New Designator=M?
Reset Component Physical Designator: Old Designator=N1 New Designator=N?
Reset Component Physical Designator: Old Designator=PNP1 New Designator=PNP?
Reset Component Physical Designator: Old Designator=Q1 New Designator=Q?
Reset Component Physical Designator: Old Designator=Q2 New Designator=Q?
Reset Component Physical Designator: Old Designator=Q3 New Designator=Q?
Reset Component Physical Designator: Old Designator=R1 New Designator=R?
Reset Component Physical Designator: Old Designator=R2 New Designator=R?
Reset Component Physical Designator: Old Designator=R3 New Designator=R?
Reset Component Physical Designator: Old Designator=R4 New Designator=R?
Reset Component Physical Designator: Old Designator=R5 New Designator=R?
Reset Component Physical Designator: Old Designator=R6 New Designator=R?
Reset Component Physical Designator: Old Designator=R7 New Designator=R?
Reset Component Physical Designator: Old Designator=R8 New Designator=R?
Reset Component Physical Designator: Old Designator=R9 New Designator=R?
Reset Component Physical Designator: Old Designator=R10 New Designator=R?
Reset Component Physical Designator: Old Designator=R11 New Designator=R?
Reset Component Physical Designator: Old Designator=R12 New Designator=R?
Reset Component Physical Designator: Old Designator=R13 New Designator=R?
Reset Component Physical Designator: Old Designator=R14 New Designator=R?
Reset Component Physical Designator: Old Designator=R15 New Designator=R?
Reset Component Physical Designator: Old Designator=R16 New Designator=R?
Reset Component Physical Designator: Old Designator=R17 New Designator=R?
Reset Component Physical Designator: Old Designator=R18 New Designator=R?
Reset Component Physical Designator: Old Designator=R19 New Designator=R?
Reset Component Physical Designator: Old Designator=R20 New Designator=R?
Reset Component Physical Designator: Old Designator=R21 New Designator=R?
Reset Component Physical Designator: Old Designator=R22 New Designator=R?
Reset Component Physical Designator: Old Designator=R23 New Designator=R?
Reset Component Physical Designator: Old Designator=R24 New Designator=R?
Reset Component Physical Designator: Old Designator=R25 New Designator=R?
Reset Component Physical Designator: Old Designator=R26 New Designator=R?_U_PassiveFilter1
Reset Component Physical Designator: Old Designator=R27 New Designator=R?_U_PassiveFilter1
Reset Component Physical Designator: Old Designator=R28 New Designator=R?_U_PassiveFilter2
Reset Component Physical Designator: Old Designator=R29 New Designator=R?_U_PassiveFilter2
Reset Component Physical Designator: Old Designator=R30 New Designator=R?_U_PassiveFilter3
Reset Component Physical Designator: Old Designator=R31 New Designator=R?_U_PassiveFilter3
Reset Component Physical Designator: Old Designator=R32 New Designator=R?_U_PassiveFilter4
Reset Component Physical Designator: Old Designator=R33 New Designator=R?_U_PassiveFilter4
Reset Component Physical Designator: Old Designator=R34 New Designator=R?_U_PassiveFilter5
Reset Component Physical Designator: Old Designator=R35 New Designator=R?_U_PassiveFilter5
Reset Component Physical Designator: Old Designator=R36 New Designator=R?_U_PassiveFilter6
Reset Component Physical Designator: Old Designator=R37 New Designator=R?_U_PassiveFilter6
Reset Component Physical Designator: Old Designator=R38 New Designator=R?_U_PassiveFilter7
Reset Component Physical Designator: Old Designator=R39 New Designator=R?_U_PassiveFilter7
Reset Component Physical Designator: Old Designator=R40 New Designator=R?_U_PassiveFilter8
Reset Component Physical Designator: Old Designator=R41 New Designator=R?_U_PassiveFilter8
Reset Component Physical Designator: Old Designator=R42 New Designator=R?
Reset Component Physical Designator: Old Designator=R43 New Designator=R?
Reset Component Physical Designator: Old Designator=R44 New Designator=R?
Reset Component Physical Designator: Old Designator=R45 New Designator=R?_Brake Pedal Check
Reset Component Physical Designator: Old Designator=R46 New Designator=R?_Brake Pedal Check
Reset Component Physical Designator: Old Designator=R47 New Designator=R?_Current/Throttle Check
Reset Component Physical Designator: Old Designator=R48 New Designator=R?_Current/Throttle Check
Reset Component Physical Designator: Old Designator=R49 New Designator=R?
Reset Component Physical Designator: Old Designator=R50 New Designator=R?
Reset Component Physical Designator: Old Designator=R51 New Designator=R?
Reset Component Physical Designator: Old Designator=R52 New Designator=R?
Reset Component Physical Designator: Old Designator=R53 New Designator=R?
Reset Component Physical Designator: Old Designator=R54 New Designator=R?
Reset Component Physical Designator: Old Designator=R55 New Designator=R?
Reset Component Physical Designator: Old Designator=R56 New Designator=R?
Reset Component Physical Designator: Old Designator=R57 New Designator=R?
Reset Component Physical Designator: Old Designator=R58 New Designator=R?
Reset Component Physical Designator: Old Designator=R59 New Designator=R?
Reset Component Physical Designator: Old Designator=R60 New Designator=R?
Reset Component Physical Designator: Old Designator=R61 New Designator=R?
Reset Component Physical Designator: Old Designator=R62 New Designator=R?
Reset Component Physical Designator: Old Designator=R63 New Designator=R?
Reset Component Physical Designator: Old Designator=R64 New Designator=R?
Reset Component Physical Designator: Old Designator=R65 New Designator=R?_Accel_DivergentSignalOffset
Reset Component Physical Designator: Old Designator=R66 New Designator=R?_Accel_DivergentSignalOffset
Reset Component Physical Designator: Old Designator=R67 New Designator=R?_Accel_DivergentSignalOffset
Reset Component Physical Designator: Old Designator=R68 New Designator=R?_Accel_DivergentSignalOffset
Reset Component Physical Designator: Old Designator=R69 New Designator=R?_Accel_DivergentSignalOffset
Reset Component Physical Designator: Old Designator=R70 New Designator=R?_Accel_DivergentSignalOffset
Reset Component Physical Designator: Old Designator=R71 New Designator=R?_Brake_DivergentSignalOffset
Reset Component Physical Designator: Old Designator=R72 New Designator=R?_Brake_DivergentSignalOffset
Reset Component Physical Designator: Old Designator=R73 New Designator=R?_Brake_DivergentSignalOffset
Reset Component Physical Designator: Old Designator=R74 New Designator=R?_Brake_DivergentSignalOffset
Reset Component Physical Designator: Old Designator=R75 New Designator=R?_Brake_DivergentSignalOffset
Reset Component Physical Designator: Old Designator=R76 New Designator=R?_Brake_DivergentSignalOffset
Reset Component Physical Designator: Old Designator=R77 New Designator=R?_5V_LDO_Analog
Reset Component Physical Designator: Old Designator=R78 New Designator=R?_5V_LDO_Analog
Reset Component Physical Designator: Old Designator=R79 New Designator=R?_5V_LDO_Digital
Reset Component Physical Designator: Old Designator=R80 New Designator=R?_5V_LDO_Digital
Reset Component Physical Designator: Old Designator=RCU-1 New Designator=RCU-?
Reset Component Physical Designator: Old Designator=RCU-2 New Designator=RCU-?
Reset Component Physical Designator: Old Designator=T1 New Designator=T?
Reset Component Physical Designator: Old Designator=T2 New Designator=T?
Reset Component Physical Designator: Old Designator=TP1 New Designator=TP?_5V_LDO_Analog
Reset Component Physical Designator: Old Designator=TP2 New Designator=TP?_5V_LDO_Analog
Reset Component Physical Designator: Old Designator=TP3 New Designator=TP?_5V_LDO_Digital
Reset Component Physical Designator: Old Designator=TP4 New Designator=TP?_5V_LDO_Digital
Reset Component Physical Designator: Old Designator=U1 New Designator=U?
Reset Component Physical Designator: Old Designator=U1 New Designator=U?
Reset Component Physical Designator: Old Designator=U2 New Designator=U?
Reset Component Physical Designator: Old Designator=U2 New Designator=U?
Reset Component Physical Designator: Old Designator=U3 New Designator=U?
Reset Component Physical Designator: Old Designator=U4 New Designator=U?
Reset Component Physical Designator: Old Designator=U5 New Designator=U?
Reset Component Physical Designator: Old Designator=U6 New Designator=U?
Reset Component Physical Designator: Old Designator=U7 New Designator=U?
Reset Component Physical Designator: Old Designator=U8 New Designator=U?
Reset Component Physical Designator: Old Designator=U9 New Designator=U?
Reset Component Physical Designator: Old Designator=U10 New Designator=U?
Reset Component Physical Designator: Old Designator=U11 New Designator=U?
Reset Component Physical Designator: Old Designator=U12 New Designator=U?
Reset Component Physical Designator: Old Designator=U13 New Designator=U?_Brake Pedal Check
Reset Component Physical Designator: Old Designator=U14 New Designator=U?_Brake Pedal Check
Reset Component Physical Designator: Old Designator=U15 New Designator=U?_Brake Pedal Check
Reset Component Physical Designator: Old Designator=U16 New Designator=U?_Brake Pedal Check
Reset Component Physical Designator: Old Designator=U17 New Designator=U?_Current/Throttle Check
Reset Component Physical Designator: Old Designator=U18 New Designator=U?_Current/Throttle Check
Reset Component Physical Designator: Old Designator=U19 New Designator=U?_Current/Throttle Check
Reset Component Physical Designator: Old Designator=U20 New Designator=U?_Current/Throttle Check
Reset Component Physical Designator: Old Designator=U21 New Designator=U?_5V_LDO_Analog
Reset Component Physical Designator: Old Designator=U22 New Designator=U?_5V_LDO_Digital
Reset Component Physical Designator: Old Designator=X1 New Designator=X?
Reset Component Physical Designator: Old Designator=X2 New Designator=X?
