Change Component Designator: OldDesignator=D? NewDesignator=D4
Change Component Designator: OldDesignator=D? NewDesignator=D5
Change Component Designator: OldDesignator=D? NewDesignator=D6
Change Component Designator: OldDesignator=M? NewDesignator=M2
Change Component Designator: OldDesignator=M? NewDesignator=M3
Change Component Designator: OldDesignator=M? NewDesignator=M4
Change Component Designator: OldDesignator=R? NewDesignator=R15
Change Component Designator: OldDesignator=R? NewDesignator=R48
Change Component Designator: OldDesignator=R? NewDesignator=R49
Change Component Designator: OldDesignator=R? NewDesignator=R50
Change Component Designator: OldDesignator=R? NewDesignator=R51
Change Component Designator: OldDesignator=R? NewDesignator=R52
Change Component Designator: OldDesignator=R? NewDesignator=R53
Change Component Designator: OldDesignator=R? NewDesignator=R54
Change Component Designator: OldDesignator=R? NewDesignator=R55
Change Net Name : Old Net Name=NetD?_1 New Net Name=NetD6_1
Change Net Name : Old Net Name=NetD?_2 New Net Name=NetD6_2
Change Net Name : Old Net Name=NetM?_1 New Net Name=NetM4_1
Added Pin To Net: NetName=NetD4_1 Pin=D4-1
Added Pin To Net: NetName=NetD4_1 Pin=R15-1
Added Net: Name=NetD4_1
Added Pin To Net: NetName=NetD4_2 Pin=D4-2
Added Pin To Net: NetName=NetD4_2 Pin=M2-3
Added Net: Name=NetD4_2
Added Pin To Net: NetName=NetD5_1 Pin=D5-1
Added Pin To Net: NetName=NetD5_1 Pin=R50-1
Added Net: Name=NetD5_1
Added Pin To Net: NetName=NetD5_2 Pin=D5-2
Added Pin To Net: NetName=NetD5_2 Pin=M3-3
Added Net: Name=NetD5_2
Added Pin To Net: NetName=NetM2_1 Pin=M2-1
Added Pin To Net: NetName=NetM2_1 Pin=R49-1
Added Net: Name=NetM2_1
Added Pin To Net: NetName=NetM3_1 Pin=M3-1
Added Pin To Net: NetName=NetM3_1 Pin=R54-1
Added Net: Name=NetM3_1
Added Member To Class: ClassName=MCUPedalbox Member=Component D4 LED
Added Member To Class: ClassName=MCUPedalbox Member=Component D5 LED
Added Member To Class: ClassName=MCUPedalbox Member=Component M3 
Added Member To Class: ClassName=MCUPedalbox Member=Component M4 
Added Member To Class: ClassName=MCUPedalbox Member=Component R15 resistor
Added Member To Class: ClassName=MCUPedalbox Member=Component R48 resistor
Added Member To Class: ClassName=MCUPedalbox Member=Component R49 resistor
Added Member To Class: ClassName=MCUPedalbox Member=Component R50 resistor
Added Member To Class: ClassName=MCUPedalbox Member=Component R51 resistor
Added Member To Class: ClassName=MCUPedalbox Member=Component R52 resistor
Added Member To Class: ClassName=MCUPedalbox Member=Component R53 resistor
Added Member To Class: ClassName=MCUPedalbox Member=Component R55 resistor
