Removed Member From Class: ClassName=VoltageReferenceGen Member=C1
Removed Member From Class: ClassName=VoltageReferenceGen Member=C6
Removed Member From Class: ClassName=U_PassiveFilter7 Member=C7
Removed Member From Class: ClassName=RVPOVP Member=C9
Removed Member From Class: ClassName=MCUPedalbox Member=C10
Removed Member From Class: ClassName=VoltageReferenceGen Member=C10
Removed Member From Class: ClassName=BSPD Member=C12
Removed Member From Class: ClassName=U_PassiveFilter8 Member=C12
Removed Member From Class: ClassName=U_PassiveFilter4 Member=C13
Removed Member From Class: ClassName=U_PassiveFilter6 Member=C22
Removed Member From Class: ClassName=MCUPedalbox Member=C25
Removed Member From Class: ClassName=MCUPedalbox Member=C26
Removed Member From Class: ClassName=U_PassiveFilter3 Member=C26
Removed Member From Class: ClassName=U_PassiveFilter2 Member=C27
Removed Member From Class: ClassName=VoltageReferenceGen Member=R2
Removed Member From Class: ClassName=VoltageReferenceGen Member=R7
Removed Member From Class: ClassName=Accel_DivergentSignalOffset Member=R14
Removed Member From Class: ClassName=U_PassiveFilter6 Member=R17
Removed Member From Class: ClassName=VoltageReferenceGen Member=R20
Removed Member From Class: ClassName=MCUPedalbox Member=R23
Removed Member From Class: ClassName=VoltageReferenceGen Member=R25
Removed Member From Class: ClassName=VoltageReferenceGen Member=R26
Removed Member From Class: ClassName=Brake_DivergentSignalOffset Member=R28
Removed Member From Class: ClassName=RVPOVP Member=R31
Removed Member From Class: ClassName=U_PassiveFilter6 Member=R31
Removed Member From Class: ClassName=VoltageReferenceGen Member=R33
Removed Member From Class: ClassName=VoltageReferenceGen Member=R36
Removed Member From Class: ClassName=Accel_DivergentSignalOffset Member=R38
Removed Member From Class: ClassName=5V_12V_Logic Member=R39
Removed Member From Class: ClassName=U_PassiveFilter4 Member=R39
Removed Member From Class: ClassName=MCUPedalbox Member=R42
Removed Member From Class: ClassName=U_PassiveFilter4 Member=R47
Removed Member From Class: ClassName=5V_12V_Logic Member=R48
Removed Member From Class: ClassName=BSPD Member=R51
Removed Member From Class: ClassName=U_PassiveFilter5 Member=R51
Removed Member From Class: ClassName=Accel_DivergentSignalOffset Member=R53
Removed Member From Class: ClassName=U_PassiveFilter2 Member=R54
Removed Member From Class: ClassName=U_PassiveFilter3 Member=R55
Removed Member From Class: ClassName=Brake_DivergentSignalOffset Member=R56
Removed Member From Class: ClassName=U_PassiveFilter8 Member=R57
Removed Member From Class: ClassName=Brake Pedal Check Member=R59
Removed Member From Class: ClassName=U_PassiveFilter2 Member=R59
Removed Member From Class: ClassName=BSPD Member=R62
Removed Member From Class: ClassName=U_PassiveFilter5 Member=R62
Removed Member From Class: ClassName=BSPD Member=U4
Removed Member From Class: ClassName=CAN_5V Member=U4
Removed Member From Class: ClassName=BSPD Member=U9
Removed Member From Class: ClassName=PlausibilityTrigger Member=U11
Change Component Designator: OldDesignator=?_1 NewDesignator=?_5V_LDO_Analog
Change Component Designator: OldDesignator=?_2 NewDesignator=?_5V_LDO_Digital
Change Component Designator: OldDesignator=C1 NewDesignator=C24
Change Component Designator: OldDesignator=C2 NewDesignator=C25
Change Component Designator: OldDesignator=C3 NewDesignator=C10
Change Component Designator: OldDesignator=C4 NewDesignator=C13
Change Component Designator: OldDesignator=C5 NewDesignator=C14
Change Component Designator: OldDesignator=C6 NewDesignator=C15
Change Component Designator: OldDesignator=C7 NewDesignator=C16
Change Component Designator: OldDesignator=C8 NewDesignator=C17
Change Component Designator: OldDesignator=C9 NewDesignator=C18
Change Component Designator: OldDesignator=C10 NewDesignator=C19
Change Component Designator: OldDesignator=C11 NewDesignator=C20
Change Component Designator: OldDesignator=C12 NewDesignator=C21
Change Component Designator: OldDesignator=C13 NewDesignator=C8
Change Component Designator: OldDesignator=C14 NewDesignator=C9
Change Component Designator: OldDesignator=C15 NewDesignator=C30
Change Component Designator: OldDesignator=C16 NewDesignator=C22
Change Component Designator: OldDesignator=C17 NewDesignator=C23
Change Component Designator: OldDesignator=C18 NewDesignator=C1
Change Component Designator: OldDesignator=C19 NewDesignator=C31
Change Component Designator: OldDesignator=C20 NewDesignator=C12
Change Component Designator: OldDesignator=C21 NewDesignator=C2
Change Component Designator: OldDesignator=C22 NewDesignator=C11
Change Component Designator: OldDesignator=C23 NewDesignator=C26
Change Component Designator: OldDesignator=C24 NewDesignator=C27
Change Component Designator: OldDesignator=C25 NewDesignator=C28
Change Component Designator: OldDesignator=C26 NewDesignator=C29
Change Component Designator: OldDesignator=C27 NewDesignator=C3
Change Component Designator: OldDesignator=C28 NewDesignator=C4
Change Component Designator: OldDesignator=C29 NewDesignator=C5
Change Component Designator: OldDesignator=C30 NewDesignator=C6
Change Component Designator: OldDesignator=C31 NewDesignator=C7
Change Component Designator: OldDesignator=C?_1 NewDesignator=C?_5V_LDO_Analog
Change Component Designator: OldDesignator=C?_2 NewDesignator=C?_5V_LDO_Digital
Change Component Designator: OldDesignator=C?_3 NewDesignator=C?_5V_LDO_Analog
Change Component Designator: OldDesignator=C?_4 NewDesignator=C?_5V_LDO_Digital
Change Component Designator: OldDesignator=M?1 NewDesignator=M?
Change Component Designator: OldDesignator=Q1 NewDesignator=Q3
Change Component Designator: OldDesignator=Q2 NewDesignator=Q1
Change Component Designator: OldDesignator=Q3 NewDesignator=Q2
Change Component Designator: OldDesignator=R1 NewDesignator=R14
Change Component Designator: OldDesignator=R2 NewDesignator=R34
Change Component Designator: OldDesignator=R3 NewDesignator=R33
Change Component Designator: OldDesignator=R4 NewDesignator=R21
Change Component Designator: OldDesignator=R5 NewDesignator=R22
Change Component Designator: OldDesignator=R6 NewDesignator=R23
Change Component Designator: OldDesignator=R7 NewDesignator=R24
Change Component Designator: OldDesignator=R8 NewDesignator=R25
Change Component Designator: OldDesignator=R9 NewDesignator=R26
Change Component Designator: OldDesignator=R10 NewDesignator=R27
Change Component Designator: OldDesignator=R11 NewDesignator=R28
Change Component Designator: OldDesignator=R12 NewDesignator=R29
Change Component Designator: OldDesignator=R13 NewDesignator=R30
Change Component Designator: OldDesignator=R14 NewDesignator=R19
Change Component Designator: OldDesignator=R15 NewDesignator=R20
Change Component Designator: OldDesignator=R16 NewDesignator=R15
Change Component Designator: OldDesignator=R17 NewDesignator=R13
Change Component Designator: OldDesignator=R19 NewDesignator=R59
Change Component Designator: OldDesignator=R20 NewDesignator=R65
Change Component Designator: OldDesignator=R21 NewDesignator=R36
Change Component Designator: OldDesignator=R22 NewDesignator=R38
Change Component Designator: OldDesignator=R23 NewDesignator=R1
Change Component Designator: OldDesignator=R24 NewDesignator=R51
Change Component Designator: OldDesignator=R25 NewDesignator=R60
Change Component Designator: OldDesignator=R26 NewDesignator=R66
Change Component Designator: OldDesignator=R27 NewDesignator=R35
Change Component Designator: OldDesignator=R28 NewDesignator=R37
Change Component Designator: OldDesignator=R29 NewDesignator=R2
Change Component Designator: OldDesignator=R30 NewDesignator=R31
Change Component Designator: OldDesignator=R31 NewDesignator=R12
Change Component Designator: OldDesignator=R32 NewDesignator=R57
Change Component Designator: OldDesignator=R33 NewDesignator=R63
Change Component Designator: OldDesignator=R34 NewDesignator=R54
Change Component Designator: OldDesignator=R35 NewDesignator=R17
Change Component Designator: OldDesignator=R36 NewDesignator=R58
Change Component Designator: OldDesignator=R37 NewDesignator=R64
Change Component Designator: OldDesignator=R38 NewDesignator=R32
Change Component Designator: OldDesignator=R39 NewDesignator=R50
Change Component Designator: OldDesignator=R40 NewDesignator=R61
Change Component Designator: OldDesignator=R41 NewDesignator=R55
Change Component Designator: OldDesignator=R42 NewDesignator=R16
Change Component Designator: OldDesignator=R43 NewDesignator=R53
Change Component Designator: OldDesignator=R44 NewDesignator=R11
Change Component Designator: OldDesignator=R45 NewDesignator=R56
Change Component Designator: OldDesignator=R46 NewDesignator=R62
Change Component Designator: OldDesignator=R47 NewDesignator=R9
Change Component Designator: OldDesignator=R48 NewDesignator=R49
Change Component Designator: OldDesignator=R49 NewDesignator=R7
Change Component Designator: OldDesignator=R50 NewDesignator=R8
Change Component Designator: OldDesignator=R51 NewDesignator=R52
Change Component Designator: OldDesignator=R52 NewDesignator=R10
Change Component Designator: OldDesignator=R53 NewDesignator=R45
Change Component Designator: OldDesignator=R54 NewDesignator=R5
Change Component Designator: OldDesignator=R55 NewDesignator=R6
Change Component Designator: OldDesignator=R56 NewDesignator=R46
Change Component Designator: OldDesignator=R57 NewDesignator=R3
Change Component Designator: OldDesignator=R58 NewDesignator=R47
Change Component Designator: OldDesignator=R59 NewDesignator=R4
Change Component Designator: OldDesignator=R60 NewDesignator=R48
Change Component Designator: OldDesignator=R61 NewDesignator=R43
Change Component Designator: OldDesignator=R62 NewDesignator=R44
Change Component Designator: OldDesignator=R63 NewDesignator=R39
Change Component Designator: OldDesignator=R64 NewDesignator=R40
Change Component Designator: OldDesignator=R65 NewDesignator=R41
Change Component Designator: OldDesignator=R66 NewDesignator=R42
Change Component Designator: OldDesignator=R?_1 NewDesignator=R?_5V_LDO_Analog
Change Component Designator: OldDesignator=R?_2 NewDesignator=R?_5V_LDO_Digital
Change Component Designator: OldDesignator=RCU-1 NewDesignator=RCU-0C
Change Component Designator: OldDesignator=RCU-2 NewDesignator=RCU-0C
Change Component Designator: OldDesignator=TP?_1 NewDesignator=TP?_5V_LDO_Analog
Change Component Designator: OldDesignator=TP?_2 NewDesignator=TP?_5V_LDO_Digital
Change Component Designator: OldDesignator=TP?_3 NewDesignator=TP?_5V_LDO_Analog
Change Component Designator: OldDesignator=TP?_4 NewDesignator=TP?_5V_LDO_Digital
Change Component Designator: OldDesignator=U1 NewDesignator=U3
Change Component Designator: OldDesignator=U2 NewDesignator=U8
Change Component Designator: OldDesignator=U3 NewDesignator=U7
Change Component Designator: OldDesignator=U4 NewDesignator=U11
Change Component Designator: OldDesignator=U5 NewDesignator=U14
Change Component Designator: OldDesignator=U7 NewDesignator=U5
Change Component Designator: OldDesignator=U8 NewDesignator=U9
Change Component Designator: OldDesignator=U9 NewDesignator=U12
Change Component Designator: OldDesignator=U10 NewDesignator=U?
Change Component Designator: OldDesignator=U11 NewDesignator=U2
Change Component Designator: OldDesignator=U12 NewDesignator=U1
Change Component Designator: OldDesignator=U13 NewDesignator=U10
Change Component Designator: OldDesignator=U?_1 NewDesignator=U?_5V_LDO_Analog
Change Component Designator: OldDesignator=U?_2 NewDesignator=U?_5V_LDO_Digital
Change Component Designator: OldDesignator=X1 NewDesignator=X2
Change Component Designator: OldDesignator=X2 NewDesignator=X1
Added Member To Class: ClassName=RVPOVP Member=Component C1 capacitor
Added Member To Class: ClassName=BSPD Member=Component C2 capacitor
Added Member To Class: ClassName=MCUPedalbox Member=Component C4 capacitor
Added Member To Class: ClassName=MCUPedalbox Member=Component C5 capacitor
Added Member To Class: ClassName=MCUPedalbox Member=Component C7 capacitor
Added Member To Class: ClassName=U_PassiveFilter2 Member=Component C10 (C8) capacitor
Added Member To Class: ClassName=U_PassiveFilter3 Member=Component C14 (C8) capacitor
Added Member To Class: ClassName=U_PassiveFilter4 Member=Component C17 (C9) capacitor
Added Member To Class: ClassName=U_PassiveFilter6 Member=Component C20 (C8) capacitor
Added Member To Class: ClassName=U_PassiveFilter7 Member=Component C22 (C8) capacitor
Added Member To Class: ClassName=U_PassiveFilter8 Member=Component C25 (C9) capacitor
Added Member To Class: ClassName=VoltageReferenceGen Member=Component C27 (C13) capacitor
Added Member To Class: ClassName=VoltageReferenceGen Member=Component C30 (C16) capacitor
Added Member To Class: ClassName=VoltageReferenceGen Member=Component C31 (C17) capacitor
Added Member To Class: ClassName=5V_LDO_Analog Member=Component C?_5V_LDO_Analog (C?) capacitor
Added Member To Class: ClassName=5V_LDO_Digital Member=Component C?_5V_LDO_Digital (C?) capacitor
Added Member To Class: ClassName=5V_12V_Logic Member=Component Q1 MMBT4401
Added Member To Class: ClassName=RVPOVP Member=Component R2 resistor
Added Member To Class: ClassName=5V_12V_Logic Member=Component R7 resistor
Added Member To Class: ClassName=5V_12V_Logic Member=Component R8 resistor
Added Member To Class: ClassName=BSPD Member=Component R10 resistor
Added Member To Class: ClassName=BSPD Member=Component R11 resistor
Added Member To Class: ClassName=MCUPedalbox Member=Component R14 resistor
Added Member To Class: ClassName=MCUPedalbox Member=Component R15 resistor
Added Member To Class: ClassName=U_PassiveFilter2 Member=Component R21 resistor
Added Member To Class: ClassName=U_PassiveFilter2 Member=Component R22 resistor
Added Member To Class: ClassName=U_PassiveFilter3 Member=Component R23 (R21) resistor
Added Member To Class: ClassName=U_PassiveFilter4 Member=Component R25 (R21) resistor
Added Member To Class: ClassName=U_PassiveFilter4 Member=Component R26 (R22) resistor
Added Member To Class: ClassName=U_PassiveFilter5 Member=Component R27 (R21) resistor
Added Member To Class: ClassName=U_PassiveFilter5 Member=Component R28 (R22) resistor
Added Member To Class: ClassName=U_PassiveFilter6 Member=Component R29 (R21) resistor
Added Member To Class: ClassName=U_PassiveFilter6 Member=Component R30 (R22) resistor
Added Member To Class: ClassName=U_PassiveFilter8 Member=Component R33 (R21) resistor
Added Member To Class: ClassName=Brake Pedal Check Member=Component R36 (R20) resistor
Added Member To Class: ClassName=VoltageReferenceGen Member=Component R41 (R25) resistor
Added Member To Class: ClassName=VoltageReferenceGen Member=Component R42 (R26) resistor
Added Member To Class: ClassName=VoltageReferenceGen Member=Component R47 (R31) resistor
Added Member To Class: ClassName=VoltageReferenceGen Member=Component R49 (R33) resistor
Added Member To Class: ClassName=VoltageReferenceGen Member=Component R50 (R34) TC33X-2-103E
Added Member To Class: ClassName=VoltageReferenceGen Member=Component R52 (R36) resistor
Added Member To Class: ClassName=VoltageReferenceGen Member=Component R53 (R37) TC33X-2-103E
Added Member To Class: ClassName=VoltageReferenceGen Member=Component R54 (R38) resistor
Added Member To Class: ClassName=Accel_DivergentSignalOffset Member=Component R56 (R40) resistor
Added Member To Class: ClassName=Accel_DivergentSignalOffset Member=Component R57 (R41) resistor
Added Member To Class: ClassName=Accel_DivergentSignalOffset Member=Component R59 (R43) resistor
Added Member To Class: ClassName=Brake_DivergentSignalOffset Member=Component R61 (R39) resistor
Added Member To Class: ClassName=Brake_DivergentSignalOffset Member=Component R62 (R40) resistor
Added Member To Class: ClassName=CAN_5V Member=Component RCU-0C
Added Member To Class: ClassName=5V_LDO_Analog Member=Component TP?_5V_LDO_Analog (TP?) RCU-0C
Added Member To Class: ClassName=5V_LDO_Digital Member=Component TP?_5V_LDO_Digital (TP?) RCU-0C
Added Member To Class: ClassName=BSPD Member=Component U1 
Added Member To Class: ClassName=PlausibilityTrigger Member=Component U5 LT1018 Dual Comparator
Added Member To Class: ClassName=PlausibilityTrigger Member=Component U8 SN74LVC1G32 OR Gate
Added Member To Class: ClassName=BSPD Member=Component U10 74HC21D AND Gate
Added Room: Name=26PinSuperseal
