Removed Member From Class: ClassName=5V_LDO_Analog Member=U23
Change Component Designator: OldDesignator=U22 NewDesignator=U15
Change Component Designator: OldDesignator=U23 NewDesignator=U16
Added Component: Designator=C1(1206)
Add component. Clean all parameters for all variants
Add component (AddParameter): Name = "capacitance"; Value = "100uF"; VariantName = "[No Variations]"
Add component (AddParameter): Name = "dielectric"; Value = "Ceramic"; VariantName = "[No Variations]"
Add component (AddParameter): Name = "ESR"; Value = "1"; VariantName = "[No Variations]"
Add component (AddParameter): Name = "id"; Value = "2"; VariantName = "[No Variations]"
Add component (AddParameter): Name = "name"; Value = "1206 Capacitor"; VariantName = "[No Variations]"
Add component (AddParameter): Name = "package"; Value = "1206"; VariantName = "[No Variations]"
Add component (AddParameter): Name = "percent tolerance"; Value = "20"; VariantName = "[No Variations]"
Add component (AddParameter): Name = "quantity"; Value = "0"; VariantName = "[No Variations]"
Add component (AddParameter): Name = "voltage"; Value = "50"; VariantName = "[No Variations]"
Added Component: Designator=C26(0603)
Add component. Clean all parameters for all variants
Add component (AddParameter): Name = "capacitance"; Value = "0.1uF"; VariantName = "[No Variations]"
Add component (AddParameter): Name = "dielectric"; Value = "Ceramic"; VariantName = "[No Variations]"
Add component (AddParameter): Name = "ESR"; Value = "1"; VariantName = "[No Variations]"
Add component (AddParameter): Name = "id"; Value = "1"; VariantName = "[No Variations]"
Add component (AddParameter): Name = "Name"; Value = "0603 Capacitor"; VariantName = "[No Variations]"
Add component (AddParameter): Name = "package"; Value = "0603"; VariantName = "[No Variations]"
Add component (AddParameter): Name = "percent tolerance"; Value = "10"; VariantName = "[No Variations]"
Add component (AddParameter): Name = "quantity"; Value = "0"; VariantName = "[No Variations]"
Add component (AddParameter): Name = "voltage"; Value = "50"; VariantName = "[No Variations]"
Added Component: Designator=C27(0603)
Add component. Clean all parameters for all variants
Add component (AddParameter): Name = "capacitance"; Value = "0.1uF"; VariantName = "[No Variations]"
Add component (AddParameter): Name = "dielectric"; Value = "Ceramic"; VariantName = "[No Variations]"
Add component (AddParameter): Name = "ESR"; Value = "1"; VariantName = "[No Variations]"
Add component (AddParameter): Name = "id"; Value = "1"; VariantName = "[No Variations]"
Add component (AddParameter): Name = "Name"; Value = "0603 Capacitor"; VariantName = "[No Variations]"
Add component (AddParameter): Name = "package"; Value = "0603"; VariantName = "[No Variations]"
Add component (AddParameter): Name = "percent tolerance"; Value = "10"; VariantName = "[No Variations]"
Add component (AddParameter): Name = "quantity"; Value = "0"; VariantName = "[No Variations]"
Add component (AddParameter): Name = "voltage"; Value = "50"; VariantName = "[No Variations]"
Added Component: Designator=C28(0603)
Add component. Clean all parameters for all variants
Add component (AddParameter): Name = "capacitance"; Value = "0.1uF"; VariantName = "[No Variations]"
Add component (AddParameter): Name = "dielectric"; Value = "Ceramic"; VariantName = "[No Variations]"
Add component (AddParameter): Name = "ESR"; Value = "1"; VariantName = "[No Variations]"
Add component (AddParameter): Name = "id"; Value = "1"; VariantName = "[No Variations]"
Add component (AddParameter): Name = "Name"; Value = "0603 Capacitor"; VariantName = "[No Variations]"
Add component (AddParameter): Name = "package"; Value = "0603"; VariantName = "[No Variations]"
Add component (AddParameter): Name = "percent tolerance"; Value = "10"; VariantName = "[No Variations]"
Add component (AddParameter): Name = "quantity"; Value = "0"; VariantName = "[No Variations]"
Add component (AddParameter): Name = "voltage"; Value = "50"; VariantName = "[No Variations]"
Added Component: Designator=C29(0603)
Add component. Clean all parameters for all variants
Add component (AddParameter): Name = "capacitance"; Value = "0.1uF"; VariantName = "[No Variations]"
Add component (AddParameter): Name = "dielectric"; Value = "Ceramic"; VariantName = "[No Variations]"
Add component (AddParameter): Name = "ESR"; Value = "1"; VariantName = "[No Variations]"
Add component (AddParameter): Name = "id"; Value = "1"; VariantName = "[No Variations]"
Add component (AddParameter): Name = "Name"; Value = "0603 Capacitor"; VariantName = "[No Variations]"
Add component (AddParameter): Name = "package"; Value = "0603"; VariantName = "[No Variations]"
Add component (AddParameter): Name = "percent tolerance"; Value = "10"; VariantName = "[No Variations]"
Add component (AddParameter): Name = "quantity"; Value = "0"; VariantName = "[No Variations]"
Add component (AddParameter): Name = "voltage"; Value = "50"; VariantName = "[No Variations]"
Added Component: Designator=C30(0603)
Add component. Clean all parameters for all variants
Add component (AddParameter): Name = "capacitance"; Value = "0.1uF"; VariantName = "[No Variations]"
Add component (AddParameter): Name = "dielectric"; Value = "Ceramic"; VariantName = "[No Variations]"
Add component (AddParameter): Name = "ESR"; Value = "1"; VariantName = "[No Variations]"
Add component (AddParameter): Name = "id"; Value = "1"; VariantName = "[No Variations]"
Add component (AddParameter): Name = "Name"; Value = "0603 Capacitor"; VariantName = "[No Variations]"
Add component (AddParameter): Name = "package"; Value = "0603"; VariantName = "[No Variations]"
Add component (AddParameter): Name = "percent tolerance"; Value = "10"; VariantName = "[No Variations]"
Add component (AddParameter): Name = "quantity"; Value = "0"; VariantName = "[No Variations]"
Add component (AddParameter): Name = "voltage"; Value = "50"; VariantName = "[No Variations]"
Added Component: Designator=C31(0603)
Add component. Clean all parameters for all variants
Add component (AddParameter): Name = "capacitance"; Value = "0.1uF"; VariantName = "[No Variations]"
Add component (AddParameter): Name = "dielectric"; Value = "Ceramic"; VariantName = "[No Variations]"
Add component (AddParameter): Name = "ESR"; Value = "1"; VariantName = "[No Variations]"
Add component (AddParameter): Name = "id"; Value = "1"; VariantName = "[No Variations]"
Add component (AddParameter): Name = "Name"; Value = "0603 Capacitor"; VariantName = "[No Variations]"
Add component (AddParameter): Name = "package"; Value = "0603"; VariantName = "[No Variations]"
Add component (AddParameter): Name = "percent tolerance"; Value = "10"; VariantName = "[No Variations]"
Add component (AddParameter): Name = "quantity"; Value = "0"; VariantName = "[No Variations]"
Add component (AddParameter): Name = "voltage"; Value = "50"; VariantName = "[No Variations]"
Added Component: Designator=N1(NET_TIE)
Add component. Clean all parameters for all variants
Add component (AddParameter): Name = "Drawer_id"; Value = "1"; VariantName = "[No Variations]"
Add component (AddParameter): Name = "id"; Value = "1"; VariantName = "[No Variations]"
Add component (AddParameter): Name = "idFuse"; Value = "3"; VariantName = "[No Variations]"
Add component (AddParameter): Name = "Manufacturer_id"; Value = "1"; VariantName = "[No Variations]"
Add component (AddParameter): Name = "Name"; Value = "Net Tie"; VariantName = "[No Variations]"
Add component (AddParameter): Name = "quantity"; Value = "0"; VariantName = "[No Variations]"
Added Component: Designator=PNP1(SOT23-3)
Add component. Clean all parameters for all variants
Add component (AddParameter): Name = "beta"; Value = "200"; VariantName = "[No Variations]"
Add component (AddParameter): Name = "ic"; Value = "0.699999988079071"; VariantName = "[No Variations]"
Add component (AddParameter): Name = "id"; Value = "8"; VariantName = "[No Variations]"
Add component (AddParameter): Name = "link"; Value = "https://www.digikey.com/product-detail/en/on-semiconductor/2SB815-6-TB-E/2SB815-6-TB-EOSCT-ND/8538307"; VariantName = "[No Variations]"
Add component (AddParameter): Name = "name"; Value = "2SB815-6-TB-E PNP"; VariantName = "[No Variations]"
Add component (AddParameter): Name = "package"; Value = "SMT 3-CP"; VariantName = "[No Variations]"
Add component (AddParameter): Name = "quantity"; Value = "0"; VariantName = "[No Variations]"
Add component (AddParameter): Name = "type"; Value = "PNP"; VariantName = "[No Variations]"
Add component (AddParameter): Name = "vcemax"; Value = "15"; VariantName = "[No Variations]"
Added Component: Designator=Q1(SOT23-3)
Add component. Clean all parameters for all variants
Add component (AddParameter): Name = "id"; Value = "2"; VariantName = "[No Variations]"
Add component (AddParameter): Name = "link"; Value = "https://www.digikey.com/product-detail/en/diodes-incorporated/MMBT4401-7-F/MMBT4401-FDICT-ND/775867"; VariantName = "[No Variations]"
Add component (AddParameter): Name = "name"; Value = "MMBT4401"; VariantName = "[No Variations]"
Add component (AddParameter): Name = "package"; Value = "SOT23-3"; VariantName = "[No Variations]"
Add component (AddParameter): Name = "quantity"; Value = "0"; VariantName = "[No Variations]"
Add component (AddParameter): Name = "type"; Value = "NPN"; VariantName = "[No Variations]"
Added Component: Designator=Q2(SOT23-3)
Add component. Clean all parameters for all variants
Add component (AddParameter): Name = "id"; Value = "2"; VariantName = "[No Variations]"
Add component (AddParameter): Name = "link"; Value = "https://www.digikey.com/product-detail/en/diodes-incorporated/MMBT4401-7-F/MMBT4401-FDICT-ND/775867"; VariantName = "[No Variations]"
Add component (AddParameter): Name = "name"; Value = "MMBT4401"; VariantName = "[No Variations]"
Add component (AddParameter): Name = "package"; Value = "SOT23-3"; VariantName = "[No Variations]"
Add component (AddParameter): Name = "quantity"; Value = "0"; VariantName = "[No Variations]"
Add component (AddParameter): Name = "type"; Value = "NPN"; VariantName = "[No Variations]"
Added Component: Designator=Q3(SOT23-3)
Add component. Clean all parameters for all variants
Add component (AddParameter): Name = "id"; Value = "2"; VariantName = "[No Variations]"
Add component (AddParameter): Name = "link"; Value = "https://www.digikey.com/product-detail/en/on-semiconductor/MMBT4401/MMBT4401FSCT-ND/458974?utm_adgroup=Semiconductor%20Modules&slid=&gclid=Cj0KCQiAuf7fBRD7ARIsACqb8w6hHKWa-dWJhBKA9_nL8g4V_vyaEG2IBNoQt05KILQ9xMZ9NiOMdTcaAtxTEALw_wcB"; VariantName = "[No Variations]"
Add component (AddParameter): Name = "name"; Value = "MMBT4401"; VariantName = "[No Variations]"
Add component (AddParameter): Name = "quantity"; Value = "0"; VariantName = "[No Variations]"
Add component (AddParameter): Name = "type"; Value = "NPN"; VariantName = "[No Variations]"
Added Component: Designator=R1(0603)
Add component. Clean all parameters for all variants
Add component (AddParameter): Name = "id"; Value = "1"; VariantName = "[No Variations]"
Add component (AddParameter): Name = "name"; Value = "0603 Resistor"; VariantName = "[No Variations]"
Add component (AddParameter): Name = "package"; Value = "0603"; VariantName = "[No Variations]"
Add component (AddParameter): Name = "percent tolerance"; Value = "5"; VariantName = "[No Variations]"
Add component (AddParameter): Name = "quantity"; Value = "0"; VariantName = "[No Variations]"
Add component (AddParameter): Name = "resistance"; Value = "5k"; VariantName = "[No Variations]"
Added Component: Designator=R2(0603)
Add component. Clean all parameters for all variants
Add component (AddParameter): Name = "id"; Value = "1"; VariantName = "[No Variations]"
Add component (AddParameter): Name = "name"; Value = "0603 Resistor"; VariantName = "[No Variations]"
Add component (AddParameter): Name = "package"; Value = "0603"; VariantName = "[No Variations]"
Add component (AddParameter): Name = "percent tolerance"; Value = "5"; VariantName = "[No Variations]"
Add component (AddParameter): Name = "quantity"; Value = "0"; VariantName = "[No Variations]"
Add component (AddParameter): Name = "resistance"; Value = "5k"; VariantName = "[No Variations]"
Added Component: Designator=R3(0603)
Add component. Clean all parameters for all variants
Add component (AddParameter): Name = "id"; Value = "1"; VariantName = "[No Variations]"
Add component (AddParameter): Name = "name"; Value = "0603 Resistor"; VariantName = "[No Variations]"
Add component (AddParameter): Name = "package"; Value = "0603"; VariantName = "[No Variations]"
Add component (AddParameter): Name = "percent tolerance"; Value = "5"; VariantName = "[No Variations]"
Add component (AddParameter): Name = "quantity"; Value = "0"; VariantName = "[No Variations]"
Add component (AddParameter): Name = "resistance"; Value = "5k"; VariantName = "[No Variations]"
Added Component: Designator=R4(0603)
Add component. Clean all parameters for all variants
Add component (AddParameter): Name = "id"; Value = "1"; VariantName = "[No Variations]"
Add component (AddParameter): Name = "name"; Value = "0603 Resistor"; VariantName = "[No Variations]"
Add component (AddParameter): Name = "package"; Value = "0603"; VariantName = "[No Variations]"
Add component (AddParameter): Name = "percent tolerance"; Value = "5"; VariantName = "[No Variations]"
Add component (AddParameter): Name = "quantity"; Value = "0"; VariantName = "[No Variations]"
Add component (AddParameter): Name = "resistance"; Value = "5k"; VariantName = "[No Variations]"
Added Component: Designator=R5(0603)
Add component. Clean all parameters for all variants
Add component (AddParameter): Name = "id"; Value = "1"; VariantName = "[No Variations]"
Add component (AddParameter): Name = "name"; Value = "0603 Resistor"; VariantName = "[No Variations]"
Add component (AddParameter): Name = "package"; Value = "0603"; VariantName = "[No Variations]"
Add component (AddParameter): Name = "percent tolerance"; Value = "5"; VariantName = "[No Variations]"
Add component (AddParameter): Name = "quantity"; Value = "0"; VariantName = "[No Variations]"
Add component (AddParameter): Name = "resistance"; Value = "10k"; VariantName = "[No Variations]"
Added Component: Designator=R6(0603)
Add component. Clean all parameters for all variants
Add component (AddParameter): Name = "id"; Value = "1"; VariantName = "[No Variations]"
Add component (AddParameter): Name = "name"; Value = "0603 Resistor"; VariantName = "[No Variations]"
Add component (AddParameter): Name = "package"; Value = "0603"; VariantName = "[No Variations]"
Add component (AddParameter): Name = "percent tolerance"; Value = "5"; VariantName = "[No Variations]"
Add component (AddParameter): Name = "quantity"; Value = "0"; VariantName = "[No Variations]"
Add component (AddParameter): Name = "resistance"; Value = "10k"; VariantName = "[No Variations]"
Added Component: Designator=R7(0603)
Add component. Clean all parameters for all variants
Add component (AddParameter): Name = "id"; Value = "1"; VariantName = "[No Variations]"
Add component (AddParameter): Name = "name"; Value = "0603 Resistor"; VariantName = "[No Variations]"
Add component (AddParameter): Name = "package"; Value = "0603"; VariantName = "[No Variations]"
Add component (AddParameter): Name = "percent tolerance"; Value = "5"; VariantName = "[No Variations]"
Add component (AddParameter): Name = "quantity"; Value = "0"; VariantName = "[No Variations]"
Add component (AddParameter): Name = "resistance"; Value = "1k"; VariantName = "[No Variations]"
Added Component: Designator=R8(0603)
Add component. Clean all parameters for all variants
Add component (AddParameter): Name = "id"; Value = "1"; VariantName = "[No Variations]"
Add component (AddParameter): Name = "name"; Value = "0603 Resistor"; VariantName = "[No Variations]"
Add component (AddParameter): Name = "package"; Value = "0603"; VariantName = "[No Variations]"
Add component (AddParameter): Name = "percent tolerance"; Value = "5"; VariantName = "[No Variations]"
Add component (AddParameter): Name = "quantity"; Value = "0"; VariantName = "[No Variations]"
Add component (AddParameter): Name = "resistance"; Value = "1k"; VariantName = "[No Variations]"
Added Component: Designator=R9(0603)
Add component. Clean all parameters for all variants
Add component (AddParameter): Name = "id"; Value = "1"; VariantName = "[No Variations]"
Add component (AddParameter): Name = "name"; Value = "0603 Resistor"; VariantName = "[No Variations]"
Add component (AddParameter): Name = "package"; Value = "0603"; VariantName = "[No Variations]"
Add component (AddParameter): Name = "percent tolerance"; Value = "5"; VariantName = "[No Variations]"
Add component (AddParameter): Name = "quantity"; Value = "0"; VariantName = "[No Variations]"
Add component (AddParameter): Name = "resistance"; Value = "1k"; VariantName = "[No Variations]"
Added Component: Designator=R10(0603)
Add component. Clean all parameters for all variants
Add component (AddParameter): Name = "id"; Value = "1"; VariantName = "[No Variations]"
Add component (AddParameter): Name = "name"; Value = "0603 Resistor"; VariantName = "[No Variations]"
Add component (AddParameter): Name = "package"; Value = "0603"; VariantName = "[No Variations]"
Add component (AddParameter): Name = "percent tolerance"; Value = "5"; VariantName = "[No Variations]"
Add component (AddParameter): Name = "quantity"; Value = "0"; VariantName = "[No Variations]"
Add component (AddParameter): Name = "resistance"; Value = "1k"; VariantName = "[No Variations]"
Added Component: Designator=R11(0603)
Add component. Clean all parameters for all variants
Add component (AddParameter): Name = "id"; Value = "1"; VariantName = "[No Variations]"
Add component (AddParameter): Name = "name"; Value = "0603 Resistor"; VariantName = "[No Variations]"
Add component (AddParameter): Name = "package"; Value = "0603"; VariantName = "[No Variations]"
Add component (AddParameter): Name = "percent tolerance"; Value = "5"; VariantName = "[No Variations]"
Add component (AddParameter): Name = "quantity"; Value = "0"; VariantName = "[No Variations]"
Add component (AddParameter): Name = "resistance"; Value = "10k"; VariantName = "[No Variations]"
Added Component: Designator=R45(0603)
Add component. Clean all parameters for all variants
Add component (AddParameter): Name = "id"; Value = "1"; VariantName = "[No Variations]"
Add component (AddParameter): Name = "name"; Value = "0603 Resistor"; VariantName = "[No Variations]"
Add component (AddParameter): Name = "package"; Value = "0603"; VariantName = "[No Variations]"
Add component (AddParameter): Name = "percent tolerance"; Value = "5"; VariantName = "[No Variations]"
Add component (AddParameter): Name = "quantity"; Value = "0"; VariantName = "[No Variations]"
Add component (AddParameter): Name = "resistance"; Value = "100k"; VariantName = "[No Variations]"
Added Component: Designator=R46(0603)
Add component. Clean all parameters for all variants
Add component (AddParameter): Name = "id"; Value = "1"; VariantName = "[No Variations]"
Add component (AddParameter): Name = "name"; Value = "0603 Resistor"; VariantName = "[No Variations]"
Add component (AddParameter): Name = "package"; Value = "0603"; VariantName = "[No Variations]"
Add component (AddParameter): Name = "percent tolerance"; Value = "5"; VariantName = "[No Variations]"
Add component (AddParameter): Name = "quantity"; Value = "0"; VariantName = "[No Variations]"
Add component (AddParameter): Name = "resistance"; Value = "100k"; VariantName = "[No Variations]"
Added Component: Designator=R47(0603)
Add component. Clean all parameters for all variants
Add component (AddParameter): Name = "id"; Value = "1"; VariantName = "[No Variations]"
Add component (AddParameter): Name = "name"; Value = "0603 Resistor"; VariantName = "[No Variations]"
Add component (AddParameter): Name = "package"; Value = "0603"; VariantName = "[No Variations]"
Add component (AddParameter): Name = "percent tolerance"; Value = "5"; VariantName = "[No Variations]"
Add component (AddParameter): Name = "quantity"; Value = "0"; VariantName = "[No Variations]"
Add component (AddParameter): Name = "resistance"; Value = "100k"; VariantName = "[No Variations]"
Added Component: Designator=R48(0603)
Add component. Clean all parameters for all variants
Add component (AddParameter): Name = "id"; Value = "1"; VariantName = "[No Variations]"
Add component (AddParameter): Name = "name"; Value = "0603 Resistor"; VariantName = "[No Variations]"
Add component (AddParameter): Name = "package"; Value = "0603"; VariantName = "[No Variations]"
Add component (AddParameter): Name = "percent tolerance"; Value = "5"; VariantName = "[No Variations]"
Add component (AddParameter): Name = "quantity"; Value = "0"; VariantName = "[No Variations]"
Add component (AddParameter): Name = "resistance"; Value = "100k"; VariantName = "[No Variations]"
Added Component: Designator=R49(0603)
Add component. Clean all parameters for all variants
Add component (AddParameter): Name = "id"; Value = "1"; VariantName = "[No Variations]"
Add component (AddParameter): Name = "name"; Value = "0603 Resistor"; VariantName = "[No Variations]"
Add component (AddParameter): Name = "package"; Value = "0603"; VariantName = "[No Variations]"
Add component (AddParameter): Name = "percent tolerance"; Value = "5"; VariantName = "[No Variations]"
Add component (AddParameter): Name = "quantity"; Value = "0"; VariantName = "[No Variations]"
Add component (AddParameter): Name = "resistance"; Value = "18k"; VariantName = "[No Variations]"
Added Component: Designator=R50(0603)
Add component. Clean all parameters for all variants
Add component (AddParameter): Name = "id"; Value = "1"; VariantName = "[No Variations]"
Add component (AddParameter): Name = "name"; Value = "0603 Resistor"; VariantName = "[No Variations]"
Add component (AddParameter): Name = "package"; Value = "0603"; VariantName = "[No Variations]"
Add component (AddParameter): Name = "percent tolerance"; Value = "5"; VariantName = "[No Variations]"
Add component (AddParameter): Name = "quantity"; Value = "0"; VariantName = "[No Variations]"
Add component (AddParameter): Name = "resistance"; Value = "2k"; VariantName = "[No Variations]"
Added Component: Designator=R51(0603)
Add component. Clean all parameters for all variants
Add component (AddParameter): Name = "id"; Value = "1"; VariantName = "[No Variations]"
Add component (AddParameter): Name = "name"; Value = "0603 Resistor"; VariantName = "[No Variations]"
Add component (AddParameter): Name = "package"; Value = "0603"; VariantName = "[No Variations]"
Add component (AddParameter): Name = "percent tolerance"; Value = "5"; VariantName = "[No Variations]"
Add component (AddParameter): Name = "quantity"; Value = "0"; VariantName = "[No Variations]"
Add component (AddParameter): Name = "resistance"; Value = ""; VariantName = "[No Variations]"
Added Component: Designator=R52(0603)
Add component. Clean all parameters for all variants
Add component (AddParameter): Name = "id"; Value = "1"; VariantName = "[No Variations]"
Add component (AddParameter): Name = "name"; Value = "0603 Resistor"; VariantName = "[No Variations]"
Add component (AddParameter): Name = "package"; Value = "0603"; VariantName = "[No Variations]"
Add component (AddParameter): Name = "percent tolerance"; Value = "5"; VariantName = "[No Variations]"
Add component (AddParameter): Name = "quantity"; Value = "0"; VariantName = "[No Variations]"
Add component (AddParameter): Name = "resistance"; Value = ""; VariantName = "[No Variations]"
Added Component: Designator=R53(35WR)
Add component. Clean all parameters for all variants
Add component (AddParameter): Name = "createdby"; Value = "Kevin"; VariantName = "[No Variations]"
Add component (AddParameter): Name = "createddate"; Value = "10/15/2019"; VariantName = "[No Variations]"
Add component (AddParameter): Name = "Digi-Key_Part_Number"; Value = "TC33X-103ECT-ND"; VariantName = "[No Variations]"
Add component (AddParameter): Name = "Digi-Key_Purchase_URL"; Value = "https://www.digikey.com/product-detail/en/bourns-inc/TC33X-2-103E/TC33X-103ECT-ND/612911?utm_source=snapeda&utm_medium=aggregator&utm_campaign=symbol"; VariantName = "[No Variations]"
Add component (AddParameter): Name = "id"; Value = "1"; VariantName = "[No Variations]"
Add component (AddParameter): Name = "link"; Value = "https://www.digikey.com/product-detail/en/bourns-inc/TC33X-2-103E/TC33X-103ECT-ND/612911"; VariantName = "[No Variations]"
Add component (AddParameter): Name = "MF"; Value = "Bourns"; VariantName = "[No Variations]"
Add component (AddParameter): Name = "MP"; Value = "TC33X-2-103E"; VariantName = "[No Variations]"
Add component (AddParameter): Name = "Name"; Value = "TC33X-2-103E"; VariantName = "[No Variations]"
Add component (AddParameter): Name = "numcontacts"; Value = "3"; VariantName = "[No Variations]"
Add component (AddParameter): Name = "numrows"; Value = "0"; VariantName = "[No Variations]"
Add component (AddParameter): Name = "Package"; Value = "SOD-23 Bourns"; VariantName = "[No Variations]"
Add component (AddParameter): Name = "pitch"; Value = "0"; VariantName = "[No Variations]"
Add component (AddParameter): Name = "quantity"; Value = "0"; VariantName = "[No Variations]"
Add component (AddParameter): Name = "resistance"; Value = "10"; VariantName = "[No Variations]"
Add component (AddParameter): Name = "SnapEDA_Link"; Value = "https://www.snapeda.com/parts/TC33X-2-103E/Bourns/view-part/?ref=snap"; VariantName = "[No Variations]"
Add component (AddParameter): Name = "Value"; Value = ""; VariantName = "[No Variations]"
Add component (AddParameter): Name = "voltage"; Value = "50"; VariantName = "[No Variations]"
Added Component: Designator=R54(35WR)
Add component. Clean all parameters for all variants
Add component (AddParameter): Name = "createdby"; Value = "Kevin"; VariantName = "[No Variations]"
Add component (AddParameter): Name = "createddate"; Value = "10/15/2019"; VariantName = "[No Variations]"
Add component (AddParameter): Name = "Digi-Key_Part_Number"; Value = "TC33X-103ECT-ND"; VariantName = "[No Variations]"
Add component (AddParameter): Name = "Digi-Key_Purchase_URL"; Value = "https://www.digikey.com/product-detail/en/bourns-inc/TC33X-2-103E/TC33X-103ECT-ND/612911?utm_source=snapeda&utm_medium=aggregator&utm_campaign=symbol"; VariantName = "[No Variations]"
Add component (AddParameter): Name = "id"; Value = "1"; VariantName = "[No Variations]"
Add component (AddParameter): Name = "link"; Value = "https://www.digikey.com/product-detail/en/bourns-inc/TC33X-2-103E/TC33X-103ECT-ND/612911"; VariantName = "[No Variations]"
Add component (AddParameter): Name = "MF"; Value = "Bourns"; VariantName = "[No Variations]"
Add component (AddParameter): Name = "MP"; Value = "TC33X-2-103E"; VariantName = "[No Variations]"
Add component (AddParameter): Name = "Name"; Value = "TC33X-2-103E"; VariantName = "[No Variations]"
Add component (AddParameter): Name = "numcontacts"; Value = "3"; VariantName = "[No Variations]"
Add component (AddParameter): Name = "numrows"; Value = "0"; VariantName = "[No Variations]"
Add component (AddParameter): Name = "Package"; Value = "SOD-23 Bourns"; VariantName = "[No Variations]"
Add component (AddParameter): Name = "pitch"; Value = "0"; VariantName = "[No Variations]"
Add component (AddParameter): Name = "quantity"; Value = "0"; VariantName = "[No Variations]"
Add component (AddParameter): Name = "resistance"; Value = "10"; VariantName = "[No Variations]"
Add component (AddParameter): Name = "SnapEDA_Link"; Value = "https://www.snapeda.com/parts/TC33X-2-103E/Bourns/view-part/?ref=snap"; VariantName = "[No Variations]"
Add component (AddParameter): Name = "Value"; Value = ""; VariantName = "[No Variations]"
Add component (AddParameter): Name = "voltage"; Value = "50"; VariantName = "[No Variations]"
Added Component: Designator=R55(0603)
Add component. Clean all parameters for all variants
Add component (AddParameter): Name = "id"; Value = "1"; VariantName = "[No Variations]"
Add component (AddParameter): Name = "name"; Value = "0603 Resistor"; VariantName = "[No Variations]"
Add component (AddParameter): Name = "package"; Value = "0603"; VariantName = "[No Variations]"
Add component (AddParameter): Name = "percent tolerance"; Value = "5"; VariantName = "[No Variations]"
Add component (AddParameter): Name = "quantity"; Value = "0"; VariantName = "[No Variations]"
Add component (AddParameter): Name = "resistance"; Value = "2k"; VariantName = "[No Variations]"
Added Component: Designator=R56(0603)
Add component. Clean all parameters for all variants
Add component (AddParameter): Name = "id"; Value = "1"; VariantName = "[No Variations]"
Add component (AddParameter): Name = "name"; Value = "0603 Resistor"; VariantName = "[No Variations]"
Add component (AddParameter): Name = "package"; Value = "0603"; VariantName = "[No Variations]"
Add component (AddParameter): Name = "percent tolerance"; Value = "5"; VariantName = "[No Variations]"
Add component (AddParameter): Name = "quantity"; Value = "0"; VariantName = "[No Variations]"
Add component (AddParameter): Name = "resistance"; Value = "18k"; VariantName = "[No Variations]"
Added Component: Designator=R57(0603)
Add component. Clean all parameters for all variants
Add component (AddParameter): Name = "id"; Value = "1"; VariantName = "[No Variations]"
Add component (AddParameter): Name = "name"; Value = "0603 Resistor"; VariantName = "[No Variations]"
Add component (AddParameter): Name = "package"; Value = "0603"; VariantName = "[No Variations]"
Add component (AddParameter): Name = "percent tolerance"; Value = "5"; VariantName = "[No Variations]"
Add component (AddParameter): Name = "quantity"; Value = "0"; VariantName = "[No Variations]"
Add component (AddParameter): Name = "resistance"; Value = ""; VariantName = "[No Variations]"
Added Component: Designator=R58(0603)
Add component. Clean all parameters for all variants
Add component (AddParameter): Name = "id"; Value = "1"; VariantName = "[No Variations]"
Add component (AddParameter): Name = "name"; Value = "0603 Resistor"; VariantName = "[No Variations]"
Add component (AddParameter): Name = "package"; Value = "0603"; VariantName = "[No Variations]"
Add component (AddParameter): Name = "percent tolerance"; Value = "5"; VariantName = "[No Variations]"
Add component (AddParameter): Name = "quantity"; Value = "0"; VariantName = "[No Variations]"
Add component (AddParameter): Name = "resistance"; Value = ""; VariantName = "[No Variations]"
Added Component: Designator=R59(0603)
Add component. Clean all parameters for all variants
Add component (AddParameter): Name = "id"; Value = "1"; VariantName = "[No Variations]"
Add component (AddParameter): Name = "name"; Value = "0603 Resistor"; VariantName = "[No Variations]"
Add component (AddParameter): Name = "package"; Value = "0603"; VariantName = "[No Variations]"
Add component (AddParameter): Name = "percent tolerance"; Value = "5"; VariantName = "[No Variations]"
Add component (AddParameter): Name = "quantity"; Value = "0"; VariantName = "[No Variations]"
Add component (AddParameter): Name = "resistance"; Value = ""; VariantName = "[No Variations]"
Added Component: Designator=R60(0603)
Add component. Clean all parameters for all variants
Add component (AddParameter): Name = "id"; Value = "1"; VariantName = "[No Variations]"
Add component (AddParameter): Name = "name"; Value = "0603 Resistor"; VariantName = "[No Variations]"
Add component (AddParameter): Name = "package"; Value = "0603"; VariantName = "[No Variations]"
Add component (AddParameter): Name = "percent tolerance"; Value = "5"; VariantName = "[No Variations]"
Add component (AddParameter): Name = "quantity"; Value = "0"; VariantName = "[No Variations]"
Add component (AddParameter): Name = "resistance"; Value = ""; VariantName = "[No Variations]"
Added Component: Designator=R61(35WR)
Add component. Clean all parameters for all variants
Add component (AddParameter): Name = "createdby"; Value = "Kevin"; VariantName = "[No Variations]"
Add component (AddParameter): Name = "createddate"; Value = "10/15/2019"; VariantName = "[No Variations]"
Add component (AddParameter): Name = "Digi-Key_Part_Number"; Value = "TC33X-103ECT-ND"; VariantName = "[No Variations]"
Add component (AddParameter): Name = "Digi-Key_Purchase_URL"; Value = "https://www.digikey.com/product-detail/en/bourns-inc/TC33X-2-103E/TC33X-103ECT-ND/612911?utm_source=snapeda&utm_medium=aggregator&utm_campaign=symbol"; VariantName = "[No Variations]"
Add component (AddParameter): Name = "id"; Value = "1"; VariantName = "[No Variations]"
Add component (AddParameter): Name = "link"; Value = "https://www.digikey.com/product-detail/en/bourns-inc/TC33X-2-103E/TC33X-103ECT-ND/612911"; VariantName = "[No Variations]"
Add component (AddParameter): Name = "MF"; Value = "Bourns"; VariantName = "[No Variations]"
Add component (AddParameter): Name = "MP"; Value = "TC33X-2-103E"; VariantName = "[No Variations]"
Add component (AddParameter): Name = "Name"; Value = "TC33X-2-103E"; VariantName = "[No Variations]"
Add component (AddParameter): Name = "numcontacts"; Value = "3"; VariantName = "[No Variations]"
Add component (AddParameter): Name = "numrows"; Value = "0"; VariantName = "[No Variations]"
Add component (AddParameter): Name = "Package"; Value = "SOD-23 Bourns"; VariantName = "[No Variations]"
Add component (AddParameter): Name = "pitch"; Value = "0"; VariantName = "[No Variations]"
Add component (AddParameter): Name = "quantity"; Value = "0"; VariantName = "[No Variations]"
Add component (AddParameter): Name = "resistance"; Value = "10"; VariantName = "[No Variations]"
Add component (AddParameter): Name = "SnapEDA_Link"; Value = "https://www.snapeda.com/parts/TC33X-2-103E/Bourns/view-part/?ref=snap"; VariantName = "[No Variations]"
Add component (AddParameter): Name = "Value"; Value = ""; VariantName = "[No Variations]"
Add component (AddParameter): Name = "voltage"; Value = "50"; VariantName = "[No Variations]"
Added Component: Designator=R62(35WR)
Add component. Clean all parameters for all variants
Add component (AddParameter): Name = "createdby"; Value = "Kevin"; VariantName = "[No Variations]"
Add component (AddParameter): Name = "createddate"; Value = "10/15/2019"; VariantName = "[No Variations]"
Add component (AddParameter): Name = "Digi-Key_Part_Number"; Value = "TC33X-103ECT-ND"; VariantName = "[No Variations]"
Add component (AddParameter): Name = "Digi-Key_Purchase_URL"; Value = "https://www.digikey.com/product-detail/en/bourns-inc/TC33X-2-103E/TC33X-103ECT-ND/612911?utm_source=snapeda&utm_medium=aggregator&utm_campaign=symbol"; VariantName = "[No Variations]"
Add component (AddParameter): Name = "id"; Value = "1"; VariantName = "[No Variations]"
Add component (AddParameter): Name = "link"; Value = "https://www.digikey.com/product-detail/en/bourns-inc/TC33X-2-103E/TC33X-103ECT-ND/612911"; VariantName = "[No Variations]"
Add component (AddParameter): Name = "MF"; Value = "Bourns"; VariantName = "[No Variations]"
Add component (AddParameter): Name = "MP"; Value = "TC33X-2-103E"; VariantName = "[No Variations]"
Add component (AddParameter): Name = "Name"; Value = "TC33X-2-103E"; VariantName = "[No Variations]"
Add component (AddParameter): Name = "numcontacts"; Value = "3"; VariantName = "[No Variations]"
Add component (AddParameter): Name = "numrows"; Value = "0"; VariantName = "[No Variations]"
Add component (AddParameter): Name = "Package"; Value = "SOD-23 Bourns"; VariantName = "[No Variations]"
Add component (AddParameter): Name = "pitch"; Value = "0"; VariantName = "[No Variations]"
Add component (AddParameter): Name = "quantity"; Value = "0"; VariantName = "[No Variations]"
Add component (AddParameter): Name = "resistance"; Value = "10"; VariantName = "[No Variations]"
Add component (AddParameter): Name = "SnapEDA_Link"; Value = "https://www.snapeda.com/parts/TC33X-2-103E/Bourns/view-part/?ref=snap"; VariantName = "[No Variations]"
Add component (AddParameter): Name = "Value"; Value = ""; VariantName = "[No Variations]"
Add component (AddParameter): Name = "voltage"; Value = "50"; VariantName = "[No Variations]"
Added Component: Designator=R63(0603)
Add component. Clean all parameters for all variants
Add component (AddParameter): Name = "id"; Value = "1"; VariantName = "[No Variations]"
Add component (AddParameter): Name = "name"; Value = "0603 Resistor"; VariantName = "[No Variations]"
Add component (AddParameter): Name = "package"; Value = "0603"; VariantName = "[No Variations]"
Add component (AddParameter): Name = "percent tolerance"; Value = "5"; VariantName = "[No Variations]"
Add component (AddParameter): Name = "quantity"; Value = "0"; VariantName = "[No Variations]"
Add component (AddParameter): Name = "resistance"; Value = ""; VariantName = "[No Variations]"
Added Component: Designator=R64(0603)
Add component. Clean all parameters for all variants
Add component (AddParameter): Name = "id"; Value = "1"; VariantName = "[No Variations]"
Add component (AddParameter): Name = "name"; Value = "0603 Resistor"; VariantName = "[No Variations]"
Add component (AddParameter): Name = "package"; Value = "0603"; VariantName = "[No Variations]"
Add component (AddParameter): Name = "percent tolerance"; Value = "5"; VariantName = "[No Variations]"
Add component (AddParameter): Name = "quantity"; Value = "0"; VariantName = "[No Variations]"
Add component (AddParameter): Name = "resistance"; Value = ""; VariantName = "[No Variations]"
Added Component: Designator=T1(SOT23-3)
Add component. Clean all parameters for all variants
Add component (AddParameter): Name = "createdby"; Value = "Kevin"; VariantName = "[No Variations]"
Add component (AddParameter): Name = "createddate"; Value = "10/16/2019 7:23:00 AM"; VariantName = "[No Variations]"
Add component (AddParameter): Name = "id"; Value = "13"; VariantName = "[No Variations]"
Add component (AddParameter): Name = "link"; Value = "https://www.digikey.com/product-detail/en/micro-commercial-co/MMSS8550-L-TP/MMSS8550-L-TPMSCT-ND/2827205"; VariantName = "[No Variations]"
Add component (AddParameter): Name = "name"; Value = "MMSS8550-L-TP"; VariantName = "[No Variations]"
Add component (AddParameter): Name = "package"; Value = "SOT23-3"; VariantName = "[No Variations]"
Add component (AddParameter): Name = "power"; Value = "625"; VariantName = "[No Variations]"
Add component (AddParameter): Name = "quantity"; Value = "0"; VariantName = "[No Variations]"
Add component (AddParameter): Name = "type"; Value = "PNP"; VariantName = "[No Variations]"
Add component (AddParameter): Name = "vcemax"; Value = "25"; VariantName = "[No Variations]"
Added Component: Designator=T2(SOT23-3)
Add component. Clean all parameters for all variants
Add component (AddParameter): Name = "createdby"; Value = "Kevin"; VariantName = "[No Variations]"
Add component (AddParameter): Name = "createddate"; Value = "10/16/2019 7:23:00 AM"; VariantName = "[No Variations]"
Add component (AddParameter): Name = "id"; Value = "13"; VariantName = "[No Variations]"
Add component (AddParameter): Name = "link"; Value = "https://www.digikey.com/product-detail/en/micro-commercial-co/MMSS8550-L-TP/MMSS8550-L-TPMSCT-ND/2827205"; VariantName = "[No Variations]"
Add component (AddParameter): Name = "name"; Value = "MMSS8550-L-TP"; VariantName = "[No Variations]"
Add component (AddParameter): Name = "package"; Value = "SOT23-3"; VariantName = "[No Variations]"
Add component (AddParameter): Name = "power"; Value = "625"; VariantName = "[No Variations]"
Add component (AddParameter): Name = "quantity"; Value = "0"; VariantName = "[No Variations]"
Add component (AddParameter): Name = "type"; Value = "PNP"; VariantName = "[No Variations]"
Add component (AddParameter): Name = "vcemax"; Value = "25"; VariantName = "[No Variations]"
Added Component: Designator=U3(SOIC-8)
Add component. Clean all parameters for all variants
Add component (AddParameter): Name = "id"; Value = "7"; VariantName = "[No Variations]"
Add component (AddParameter): Name = "link"; Value = "https://www.digikey.com/product-detail/en/lin"; VariantName = "[No Variations]"
Add component (AddParameter): Name = "name"; Value = "LT1018CS8#PBF"; VariantName = "[No Variations]"
Add component (AddParameter): Name = "quantity"; Value = "0"; VariantName = "[No Variations]"
Added Component: Designator=U4(SOIC-8)
Add component. Clean all parameters for all variants
Add component (AddParameter): Name = "id"; Value = "7"; VariantName = "[No Variations]"
Add component (AddParameter): Name = "link"; Value = "https://www.digikey.com/product-detail/en/lin"; VariantName = "[No Variations]"
Add component (AddParameter): Name = "name"; Value = "LT1018CS8#PBF"; VariantName = "[No Variations]"
Add component (AddParameter): Name = "quantity"; Value = "0"; VariantName = "[No Variations]"
Added Component: Designator=U7(SOIC-8)
Add component. Clean all parameters for all variants
Add component (AddParameter): Name = "Comparator Designator"; Value = "PT1"; VariantName = "[No Variations]"
Add component (AddParameter): Name = "id"; Value = "7"; VariantName = "[No Variations]"
Add component (AddParameter): Name = "link"; Value = "https://www.digikey.com/product-detail/en/lin"; VariantName = "[No Variations]"
Add component (AddParameter): Name = "name"; Value = "LT1018CS8#PBF"; VariantName = "[No Variations]"
Add component (AddParameter): Name = "quantity"; Value = "0"; VariantName = "[No Variations]"
Added Component: Designator=U8(SOT23-5)
Add component. Clean all parameters for all variants
Add component (AddParameter): Name = "id"; Value = "14"; VariantName = "[No Variations]"
Add component (AddParameter): Name = "quantity"; Value = "0"; VariantName = "[No Variations]"
Added Component: Designator=U9(SOIC-8)
Add component. Clean all parameters for all variants
Add component (AddParameter): Name = "Comparator Designator"; Value = "PT2"; VariantName = "[No Variations]"
Add component (AddParameter): Name = "id"; Value = "7"; VariantName = "[No Variations]"
Add component (AddParameter): Name = "link"; Value = "https://www.digikey.com/product-detail/en/lin"; VariantName = "[No Variations]"
Add component (AddParameter): Name = "name"; Value = "LT1018CS8#PBF"; VariantName = "[No Variations]"
Add component (AddParameter): Name = "quantity"; Value = "0"; VariantName = "[No Variations]"
Added Component: Designator=U10(SOT23-5)
Add component. Clean all parameters for all variants
Add component (AddParameter): Name = "id"; Value = "14"; VariantName = "[No Variations]"
Add component (AddParameter): Name = "quantity"; Value = "0"; VariantName = "[No Variations]"
Added Component: Designator=U11(SOIC-8)
Add component. Clean all parameters for all variants
Add component (AddParameter): Name = "Comparator Designator"; Value = "SC1"; VariantName = "[No Variations]"
Add component (AddParameter): Name = "id"; Value = "7"; VariantName = "[No Variations]"
Add component (AddParameter): Name = "link"; Value = "https://www.digikey.com/product-detail/en/lin"; VariantName = "[No Variations]"
Add component (AddParameter): Name = "name"; Value = "LT1018CS8#PBF"; VariantName = "[No Variations]"
Add component (AddParameter): Name = "quantity"; Value = "0"; VariantName = "[No Variations]"
Added Component: Designator=U12(SOIC-8)
Add component. Clean all parameters for all variants
Add component (AddParameter): Name = "Comparator Designator"; Value = "SC2"; VariantName = "[No Variations]"
Add component (AddParameter): Name = "id"; Value = "7"; VariantName = "[No Variations]"
Add component (AddParameter): Name = "link"; Value = "https://www.digikey.com/product-detail/en/lin"; VariantName = "[No Variations]"
Add component (AddParameter): Name = "name"; Value = "LT1018CS8#PBF"; VariantName = "[No Variations]"
Add component (AddParameter): Name = "quantity"; Value = "0"; VariantName = "[No Variations]"
Added Component: Designator=U13(SOIC-8)
Add component. Clean all parameters for all variants
Add component (AddParameter): Name = "Comparator Designator"; Value = "SC1"; VariantName = "[No Variations]"
Add component (AddParameter): Name = "id"; Value = "7"; VariantName = "[No Variations]"
Add component (AddParameter): Name = "link"; Value = "https://www.digikey.com/product-detail/en/lin"; VariantName = "[No Variations]"
Add component (AddParameter): Name = "name"; Value = "LT1018CS8#PBF"; VariantName = "[No Variations]"
Add component (AddParameter): Name = "quantity"; Value = "0"; VariantName = "[No Variations]"
Added Component: Designator=U14(SOIC-8)
Add component. Clean all parameters for all variants
Add component (AddParameter): Name = "Comparator Designator"; Value = "SC2"; VariantName = "[No Variations]"
Add component (AddParameter): Name = "id"; Value = "7"; VariantName = "[No Variations]"
Add component (AddParameter): Name = "link"; Value = "https://www.digikey.com/product-detail/en/lin"; VariantName = "[No Variations]"
Add component (AddParameter): Name = "name"; Value = "LT1018CS8#PBF"; VariantName = "[No Variations]"
Add component (AddParameter): Name = "quantity"; Value = "0"; VariantName = "[No Variations]"
Added Pin To Net: NetName=NetC1_1 Pin=C1-1
Added Pin To Net: NetName=AGND Pin=C1-2
Added Pin To Net: NetName=AGND Pin=C26-1
Added Pin To Net: NetName=0.5V_REF Pin=C26-2
Added Pin To Net: NetName=AGND Pin=C27-1
Added Pin To Net: NetName=4.5V_REF Pin=C27-2
Added Pin To Net: NetName=AGND Pin=C28-1
Added Pin To Net: NetName=Brake Front REF Pin=C28-2
Added Pin To Net: NetName=AGND Pin=C29-1
Added Pin To Net: NetName=Brake Rear REF Pin=C29-2
Added Pin To Net: NetName=AGND Pin=C30-1
Added Pin To Net: NetName=Current/Throttle 1 REF Pin=C30-2
Added Pin To Net: NetName=AGND Pin=C31-1
Added Pin To Net: NetName=Current/Throttle 2 REF Pin=C31-2
Added Pin To Net: NetName=DGND Pin=N1-1
Added Pin To Net: NetName=AGND Pin=N1-2
Added Pin To Net: NetName=NetPNP1_1 Pin=PNP1-1
Added Pin To Net: NetName=5Vin Pin=PNP1-2
Added Pin To Net: NetName=NetPNP1_3 Pin=PNP1-3
Added Pin To Net: NetName=NetQ1_1 Pin=Q1-1
Added Pin To Net: NetName=DGND Pin=Q1-2
Added Pin To Net: NetName=NetQ1_3 Pin=Q1-3
Added Pin To Net: NetName=NetQ2_1 Pin=Q2-1
Added Pin To Net: NetName=DGND Pin=Q2-2
Added Pin To Net: NetName=NetQ2_3 Pin=Q2-3
Added Pin To Net: NetName=NetQ3_1 Pin=Q3-1
Added Pin To Net: NetName=AGND Pin=Q3-2
Added Pin To Net: NetName=NetC1_1 Pin=Q3-3
Added Pin To Net: NetName=NetQ1_3 Pin=R1-1
Added Pin To Net: NetName=NetR1_2 Pin=R1-2
Added Pin To Net: NetName=NetQ2_3 Pin=R2-1
Added Pin To Net: NetName=NetR2_2 Pin=R2-2
Added Pin To Net: NetName=NetR3_1 Pin=R3-1
Added Pin To Net: NetName=NetQ1_1 Pin=R3-2
Added Pin To Net: NetName=NetR4_1 Pin=R4-1
Added Pin To Net: NetName=NetQ2_1 Pin=R4-2
Added Pin To Net: NetName=DGND Pin=R5-1
Added Pin To Net: NetName=NetR5_2 Pin=R5-2
Added Pin To Net: NetName=DGND Pin=R6-1
Added Pin To Net: NetName=NetR6_2 Pin=R6-2
Added Pin To Net: NetName=NetR7_1 Pin=R7-1
Added Pin To Net: NetName=NetR7_2 Pin=R7-2
Added Pin To Net: NetName=NetR7_2 Pin=R8-1
Added Pin To Net: NetName=NetC1_1 Pin=R8-2
Added Pin To Net: NetName=NetR7_1 Pin=R9-1
Added Pin To Net: NetName=NetPNP1_1 Pin=R9-2
Added Pin To Net: NetName=NetPNP1_3 Pin=R10-1
Added Pin To Net: NetName=NetQ3_1 Pin=R10-2
Added Pin To Net: NetName=AGND Pin=R11-1
Added Pin To Net: NetName=NetPNP1_1 Pin=R11-2
Added Pin To Net: NetName=AGND Pin=R45-1
Added Pin To Net: NetName=BPF_Filtered Pin=R45-2
Added Pin To Net: NetName=AGND Pin=R46-1
Added Pin To Net: NetName=BPR_Filtered Pin=R46-2
Added Pin To Net: NetName=AGND Pin=R47-1
Added Pin To Net: NetName=Sensor 1_Current/Throttle Check Pin=R47-2
Added Pin To Net: NetName=AGND Pin=R48-1
Added Pin To Net: NetName=Sensor 2_Current/Throttle Check Pin=R48-2
Added Pin To Net: NetName=5Vin Pin=R49-1
Added Pin To Net: NetName=0.5V_REF Pin=R49-2
Added Pin To Net: NetName=5Vin Pin=R50-1
Added Pin To Net: NetName=4.5V_REF Pin=R50-2
Added Pin To Net: NetName=5Vin Pin=R51-1
Added Pin To Net: NetName=Brake Front REF Pin=R51-2
Added Pin To Net: NetName=5Vin Pin=R52-1
Added Pin To Net: NetName=Brake Rear REF Pin=R52-2
Added Pin To Net: NetName=Brake Front REF Pin=R53-1
Added Pin To Net: NetName=AGND Pin=R53-2
Added Pin To Net: NetName=AGND Pin=R53-3
Added Pin To Net: NetName=Brake Rear REF Pin=R54-1
Added Pin To Net: NetName=AGND Pin=R54-2
Added Pin To Net: NetName=AGND Pin=R54-3
Added Pin To Net: NetName=0.5V_REF Pin=R55-1
Added Pin To Net: NetName=AGND Pin=R55-2
Added Pin To Net: NetName=4.5V_REF Pin=R56-1
Added Pin To Net: NetName=AGND Pin=R56-2
Added Pin To Net: NetName=Brake Front REF Pin=R57-1
Added Pin To Net: NetName=AGND Pin=R57-2
Added Pin To Net: NetName=Brake Rear REF Pin=R58-1
Added Pin To Net: NetName=AGND Pin=R58-2
Added Pin To Net: NetName=5Vin Pin=R59-1
Added Pin To Net: NetName=Current/Throttle 1 REF Pin=R59-2
Added Pin To Net: NetName=5Vin Pin=R60-1
Added Pin To Net: NetName=Current/Throttle 2 REF Pin=R60-2
Added Pin To Net: NetName=Current/Throttle 1 REF Pin=R61-1
Added Pin To Net: NetName=AGND Pin=R61-2
Added Pin To Net: NetName=AGND Pin=R61-3
Added Pin To Net: NetName=Current/Throttle 2 REF Pin=R62-1
Added Pin To Net: NetName=AGND Pin=R62-2
Added Pin To Net: NetName=AGND Pin=R62-3
Added Pin To Net: NetName=Current/Throttle 1 REF Pin=R63-1
Added Pin To Net: NetName=AGND Pin=R63-2
Added Pin To Net: NetName=Current/Throttle 2 REF Pin=R64-1
Added Pin To Net: NetName=AGND Pin=R64-2
Added Pin To Net: NetName=NetR1_2 Pin=T1-1
Added Pin To Net: NetName=12V Rail Pin=T1-2
Added Pin To Net: NetName=NetR5_2 Pin=T1-3
Added Pin To Net: NetName=NetR2_2 Pin=T2-1
Added Pin To Net: NetName=12V Rail Pin=T2-2
Added Pin To Net: NetName=NetR6_2 Pin=T2-3
Added Pin To Net: NetName=NetR7_1 Pin=U2-8
Added Pin To Net: NetName=5Vin Pin=U2-9
Added Pin To Net: NetName=5Vin Pin=U2-10
Added Pin To Net: NetName=NetC1_1 Pin=U3-1
Added Pin To Net: NetName=AGND Pin=U3-2
Added Pin To Net: NetName=5Vin Pin=U3-6
Added Pin To Net: NetName=NetU2_5 Pin=U3-7
Added Pin To Net: NetName=4.5V_REF Pin=U3-8
Added Pin To Net: NetName=BPF_Filtered Pin=U7-1
Added Pin To Net: NetName=AGND Pin=U7-2
Added Pin To Net: NetName=BPR_Filtered Pin=U7-3
Added Pin To Net: NetName=Brake Rear REF Pin=U7-4
Added Pin To Net: NetName=5Vin Pin=U7-6
Added Pin To Net: NetName=NetU7_7 Pin=U7-7
Added Pin To Net: NetName=Brake Front REF Pin=U7-8
Added Pin To Net: NetName=NetU7_7 Pin=U8-1
Added Pin To Net: NetName=AGND Pin=U8-3
Added Pin To Net: NetName=5Vin Pin=U8-5
Added Pin To Net: NetName=Current/Throttle 1 REF Pin=U9-1
Added Pin To Net: NetName=AGND Pin=U9-2
Added Pin To Net: NetName=Current/Throttle 2 REF Pin=U9-3
Added Pin To Net: NetName=Sensor 2_Current/Throttle Check Pin=U9-4
Added Pin To Net: NetName=5Vin Pin=U9-6
Added Pin To Net: NetName=Sensor 1_Current/Throttle Check Pin=U9-8
Added Pin To Net: NetName=AGND Pin=U10-3
Added Pin To Net: NetName=5Vin Pin=U10-5
Added Pin To Net: NetName=4.5V_REF Pin=U11-1
Added Pin To Net: NetName=AGND Pin=U11-2
Added Pin To Net: NetName=4.5V_REF Pin=U11-3
Added Pin To Net: NetName=BPR_Filtered Pin=U11-4
Added Pin To Net: NetName=BPC_2_4.5 Pin=U11-5
Added Pin To Net: NetName=5Vin Pin=U11-6
Added Pin To Net: NetName=BPC_1_4.5 Pin=U11-7
Added Pin To Net: NetName=BPF_Filtered Pin=U11-8
Added Pin To Net: NetName=BPF_Filtered Pin=U12-1
Added Pin To Net: NetName=AGND Pin=U12-2
Added Pin To Net: NetName=BPR_Filtered Pin=U12-3
Added Pin To Net: NetName=0.5V_REF Pin=U12-4
Added Pin To Net: NetName=BPC_2_0.5 Pin=U12-5
Added Pin To Net: NetName=5Vin Pin=U12-6
Added Pin To Net: NetName=BPC_1_0.5 Pin=U12-7
Added Pin To Net: NetName=0.5V_REF Pin=U12-8
Added Pin To Net: NetName=4.5V_REF Pin=U13-1
Added Pin To Net: NetName=AGND Pin=U13-2
Added Pin To Net: NetName=4.5V_REF Pin=U13-3
Added Pin To Net: NetName=Sensor 2_Current/Throttle Check Pin=U13-4
Added Pin To Net: NetName=CTC_2_4.5 Pin=U13-5
Added Pin To Net: NetName=5Vin Pin=U13-6
Added Pin To Net: NetName=CTC_1_4.5 Pin=U13-7
Added Pin To Net: NetName=Sensor 1_Current/Throttle Check Pin=U13-8
Added Pin To Net: NetName=Sensor 1_Current/Throttle Check Pin=U14-1
Added Pin To Net: NetName=AGND Pin=U14-2
Added Pin To Net: NetName=Sensor 2_Current/Throttle Check Pin=U14-3
Added Pin To Net: NetName=0.5V_REF Pin=U14-4
Added Pin To Net: NetName=CTC_2_0.5 Pin=U14-5
Added Pin To Net: NetName=5Vin Pin=U14-6
Added Pin To Net: NetName=CTC_1_0.5 Pin=U14-7
Added Pin To Net: NetName=0.5V_REF Pin=U14-8
Added Pin To Net: NetName=NetU2_12 Pin=U2-12
Added Pin To Net: NetName=NetU2_12 Pin=U8-4
Added Net: Name=NetU2_12
Added Pin To Net: NetName=NetU2_13 Pin=U2-13
Added Pin To Net: NetName=NetU2_13 Pin=U10-4
Added Net: Name=NetU2_13
Added Pin To Net: NetName=NetU7_5 Pin=U7-5
Added Pin To Net: NetName=NetU7_5 Pin=U8-2
Added Net: Name=NetU7_5
Added Pin To Net: NetName=NetU9_5 Pin=U9-5
Added Pin To Net: NetName=NetU9_5 Pin=U10-2
Added Net: Name=NetU9_5
Added Pin To Net: NetName=NetU9_7 Pin=U9-7
Added Pin To Net: NetName=NetU9_7 Pin=U10-1
Added Net: Name=NetU9_7
Added Member To Class: ClassName=BSPD Member=Component C1 (C3) capacitor
Added Member To Class: ClassName=VoltageReferenceGen Member=Component C26 (C14) capacitor
Added Member To Class: ClassName=VoltageReferenceGen Member=Component C27 (C15) capacitor
Added Member To Class: ClassName=VoltageReferenceGen Member=Component C28 (C16) capacitor
Added Member To Class: ClassName=VoltageReferenceGen Member=Component C29 (C17) capacitor
Added Member To Class: ClassName=VoltageReferenceGen Member=Component C30 (C18) capacitor
Added Member To Class: ClassName=VoltageReferenceGen Member=Component C31 (C19) capacitor
Added Member To Class: ClassName=Pedalbox Member=Component N1 Net_Tie
Added Member To Class: ClassName=BSPD Member=Component PNP1 2SB815-6-TB-E_PNP
Added Member To Class: ClassName=5V_12V_Logic Member=Component Q1 MMBT4401
Added Member To Class: ClassName=5V_12V_Logic Member=Component Q2 MMBT4401
Added Member To Class: ClassName=BSPD Member=Component Q3 MMBT4401
Added Member To Class: ClassName=5V_12V_Logic Member=Component R1 resistor
Added Member To Class: ClassName=5V_12V_Logic Member=Component R2 resistor
Added Member To Class: ClassName=5V_12V_Logic Member=Component R3 resistor
Added Member To Class: ClassName=5V_12V_Logic Member=Component R4 resistor
Added Member To Class: ClassName=5V_12V_Logic Member=Component R5 resistor
Added Member To Class: ClassName=5V_12V_Logic Member=Component R6 resistor
Added Member To Class: ClassName=BSPD Member=Component R7 (R9) resistor
Added Member To Class: ClassName=BSPD Member=Component R8 (R10) resistor
Added Member To Class: ClassName=BSPD Member=Component R9 (R11) resistor
Added Member To Class: ClassName=BSPD Member=Component R10 (R12) resistor
Added Member To Class: ClassName=BSPD Member=Component R11 (R13) resistor
Added Member To Class: ClassName=Brake Pedal Check Member=Component R45 (R28) resistor
Added Member To Class: ClassName=Brake Pedal Check Member=Component R46 (R29) resistor
Added Member To Class: ClassName=Current/Throttle Check Member=Component R47 (R28) resistor
Added Member To Class: ClassName=Current/Throttle Check Member=Component R48 (R29) resistor
Added Member To Class: ClassName=VoltageReferenceGen Member=Component R49 (R35) resistor
Added Member To Class: ClassName=VoltageReferenceGen Member=Component R50 (R36) resistor
Added Member To Class: ClassName=VoltageReferenceGen Member=Component R51 (R37) resistor
Added Member To Class: ClassName=VoltageReferenceGen Member=Component R52 (R38) resistor
Added Member To Class: ClassName=VoltageReferenceGen Member=Component R53 (R39) TC33X-2-103E
Added Member To Class: ClassName=VoltageReferenceGen Member=Component R54 (R40) TC33X-2-103E
Added Member To Class: ClassName=VoltageReferenceGen Member=Component R55 (R41) resistor
Added Member To Class: ClassName=VoltageReferenceGen Member=Component R56 (R42) resistor
Added Member To Class: ClassName=VoltageReferenceGen Member=Component R57 (R43) resistor
Added Member To Class: ClassName=VoltageReferenceGen Member=Component R58 (R44) resistor
Added Member To Class: ClassName=VoltageReferenceGen Member=Component R59 (R45) resistor
Added Member To Class: ClassName=VoltageReferenceGen Member=Component R60 (R46) resistor
Added Member To Class: ClassName=VoltageReferenceGen Member=Component R61 (R47) TC33X-2-103E
Added Member To Class: ClassName=VoltageReferenceGen Member=Component R62 (R48) TC33X-2-103E
Added Member To Class: ClassName=VoltageReferenceGen Member=Component R63 (R49) resistor
Added Member To Class: ClassName=VoltageReferenceGen Member=Component R64 (R50) resistor
Added Member To Class: ClassName=5V_12V_Logic Member=Component T1 PNP Transistor
Added Member To Class: ClassName=5V_12V_Logic Member=Component T2 PNP Transistor
Added Member To Class: ClassName=BSPD Member=Component U3 (U5A) LT1018 Dual Comparator
Added Member To Class: ClassName=BSPD Member=Component U4 (U6A) LT1018 Dual Comparator
Added Member To Class: ClassName=PlausibilityTrigger Member=Component U7 (U8A) LT1018 Dual Comparator
Added Member To Class: ClassName=PlausibilityTrigger Member=Component U8 (U9) SN74LVC1G32 OR Gate
Added Member To Class: ClassName=PlausibilityTrigger Member=Component U9 (U11A) LT1018 Dual Comparator
Added Member To Class: ClassName=PlausibilityTrigger Member=Component U10 (U12) SN74LVC1G32 OR Gate
Added Member To Class: ClassName=Brake Pedal Check Member=Component U11 (U13A) LT1018 Dual Comparator
Added Member To Class: ClassName=Brake Pedal Check Member=Component U12 (U14A) LT1018 Dual Comparator
Added Member To Class: ClassName=Current/Throttle Check Member=Component U13 LT1018 Dual Comparator
Added Member To Class: ClassName=Current/Throttle Check Member=Component U14 LT1018 Dual Comparator
Added Member To Class: ClassName=5V_LDO_Analog Member=Component U15 (U1) LDO-5Pin
Added Room: Name=5V_12V_Logic
Added Room: Name=Brake Pedal Check
Added Room: Name=BSPD
Added Room: Name=Current/Throttle Check
Added Room: Name=Pedalbox
Added Room: Name=PlausibilityTrigger
Added Room: Name=VoltageReferenceGen
