Change Component Physical Designator: Old Designator=?1 New Designator=1
Change Component Physical Designator: Old Designator=?2 New Designator=2
Change Component Physical Designator: Old Designator=C2 New Designator=C5
Change Component Physical Designator: Old Designator=C3 New Designator=C6
Change Component Physical Designator: Old Designator=C4 New Designator=C7
Change Component Physical Designator: Old Designator=C5 New Designator=C8
Change Component Physical Designator: Old Designator=C6 New Designator=C9
Change Component Physical Designator: Old Designator=C7 New Designator=C10
Change Component Physical Designator: Old Designator=C8 New Designator=C11
Change Component Physical Designator: Old Designator=C9 New Designator=C29
Change Component Physical Designator: Old Designator=C9 New Designator=C12
Change Component Physical Designator: Old Designator=C10 New Designator=C13
Change Component Physical Designator: Old Designator=C11 New Designator=C14
Change Component Physical Designator: Old Designator=C12 New Designator=C15
Change Component Physical Designator: Old Designator=C13 New Designator=C16
Change Component Physical Designator: Old Designator=C14 New Designator=C17
Change Component Physical Designator: Old Designator=C15 New Designator=C18
Change Component Physical Designator: Old Designator=C16 New Designator=C19
Change Component Physical Designator: Old Designator=C17 New Designator=C20
Change Component Physical Designator: Old Designator=C18 New Designator=C21
Change Component Physical Designator: Old Designator=C19 New Designator=C22
Change Component Physical Designator: Old Designator=C20 New Designator=C23
Change Component Physical Designator: Old Designator=C21 New Designator=C24
Change Component Physical Designator: Old Designator=C22 New Designator=C25
Change Component Physical Designator: Old Designator=C23 New Designator=C26
Change Component Physical Designator: Old Designator=C24 New Designator=C27
Change Component Physical Designator: Old Designator=C25 New Designator=C28
Change Component Physical Designator: Old Designator=C26 New Designator=C30
Change Component Physical Designator: Old Designator=C27 New Designator=C31
Change Component Physical Designator: Old Designator=C28 New Designator=C32
Change Component Physical Designator: Old Designator=C29 New Designator=C33
Change Component Physical Designator: Old Designator=C30 New Designator=C34
Change Component Physical Designator: Old Designator=C31 New Designator=C35
Change Component Physical Designator: Old Designator=C?1 New Designator=C1
Change Component Physical Designator: Old Designator=C?2 New Designator=C2
Change Component Physical Designator: Old Designator=C?3 New Designator=C3
Change Component Physical Designator: Old Designator=C?4 New Designator=C4
Change Component Physical Designator: Old Designator=R3 New Designator=R1
Change Component Physical Designator: Old Designator=R4 New Designator=R2
Change Component Physical Designator: Old Designator=R5 New Designator=R3
Change Component Physical Designator: Old Designator=R6 New Designator=R4
Change Component Physical Designator: Old Designator=R7 New Designator=R5
Change Component Physical Designator: Old Designator=R8 New Designator=R6
Change Component Physical Designator: Old Designator=R15 New Designator=R35
Change Component Physical Designator: Old Designator=R16 New Designator=R36
Change Component Physical Designator: Old Designator=R35 New Designator=R37
Change Component Physical Designator: Old Designator=R36 New Designator=R38
Change Component Physical Designator: Old Designator=R37 New Designator=R39
Change Component Physical Designator: Old Designator=R38 New Designator=R40
Change Component Physical Designator: Old Designator=R39 New Designator=R41
Change Component Physical Designator: Old Designator=R40 New Designator=R42
Change Component Physical Designator: Old Designator=R41 New Designator=R43
Change Component Physical Designator: Old Designator=R42 New Designator=R44
Change Component Physical Designator: Old Designator=R43 New Designator=R45
Change Component Physical Designator: Old Designator=R44 New Designator=R46
Change Component Physical Designator: Old Designator=R45 New Designator=R47
Change Component Physical Designator: Old Designator=R46 New Designator=R48
Change Component Physical Designator: Old Designator=R47 New Designator=R49
Change Component Physical Designator: Old Designator=R48 New Designator=R50
Change Component Physical Designator: Old Designator=R49 New Designator=R51
Change Component Physical Designator: Old Designator=R50 New Designator=R52
Change Component Physical Designator: Old Designator=R51 New Designator=R53
Change Component Physical Designator: Old Designator=R52 New Designator=R54
Change Component Physical Designator: Old Designator=R53 New Designator=R55
Change Component Physical Designator: Old Designator=R54 New Designator=R56
Change Component Physical Designator: Old Designator=R55 New Designator=R57
Change Component Physical Designator: Old Designator=R56 New Designator=R58
Change Component Physical Designator: Old Designator=R57 New Designator=R59
Change Component Physical Designator: Old Designator=R58 New Designator=R60
Change Component Physical Designator: Old Designator=R59 New Designator=R61
Change Component Physical Designator: Old Designator=R60 New Designator=R62
Change Component Physical Designator: Old Designator=R61 New Designator=R63
Change Component Physical Designator: Old Designator=R62 New Designator=R64
Change Component Physical Designator: Old Designator=R63 New Designator=R65
Change Component Physical Designator: Old Designator=R64 New Designator=R66
Change Component Physical Designator: Old Designator=R65 New Designator=R67
Change Component Physical Designator: Old Designator=R66 New Designator=R68
Change Component Physical Designator: Old Designator=R?1 New Designator=R7
Change Component Physical Designator: Old Designator=R?2 New Designator=R8
Change Component Physical Designator: Old Designator=TP?1 New Designator=TP1
Change Component Physical Designator: Old Designator=TP?2 New Designator=TP2
Change Component Physical Designator: Old Designator=TP?3 New Designator=TP3
Change Component Physical Designator: Old Designator=TP?4 New Designator=TP4
Change Component Physical Designator: Old Designator=U1 New Designator=U3
Change Component Physical Designator: Old Designator=U1 New Designator=U3
Change Component Physical Designator: Old Designator=U2 New Designator=U4
Change Component Physical Designator: Old Designator=U2 New Designator=U4
Change Component Physical Designator: Old Designator=U3 New Designator=U5
Change Component Physical Designator: Old Designator=U3 New Designator=U6
Change Component Physical Designator: Old Designator=U4 New Designator=U8
Change Component Physical Designator: Old Designator=U5 New Designator=U9
Change Component Physical Designator: Old Designator=U5 New Designator=U11
Change Component Physical Designator: Old Designator=U6 New Designator=U10
Change Component Physical Designator: Old Designator=U7 New Designator=U12
Change Component Physical Designator: Old Designator=U7 New Designator=U14
Change Component Physical Designator: Old Designator=U8 New Designator=U13
Change Component Physical Designator: Old Designator=U9 New Designator=U15
Change Component Physical Designator: Old Designator=U9 New Designator=U16
Change Component Physical Designator: Old Designator=U10 New Designator=U17
Change Component Physical Designator: Old Designator=U10 New Designator=U18
Change Component Physical Designator: Old Designator=U11 New Designator=U19
Change Component Physical Designator: Old Designator=U11 New Designator=U20
Change Component Physical Designator: Old Designator=U12 New Designator=U21
Change Component Physical Designator: Old Designator=U12 New Designator=U22
Change Component Physical Designator: Old Designator=U?1 New Designator=U1
Change Component Physical Designator: Old Designator=U?2 New Designator=U2
Change Component Physical Designator: Old Designator=U?3 New Designator=U7
