Removed Member From Class: ClassName=U_PassiveFilter5 Member=C2
Removed Member From Class: ClassName=U_PassiveFilter3 Member=C22
Removed Member From Class: ClassName=CAN_5V Member=C27
Removed Member From Class: ClassName=U_PassiveFilter8 Member=C31
Removed Member From Class: ClassName=CAN_5V Member=C34
Removed Member From Class: ClassName=U_PassiveFilter1 Member=C34
Removed Member From Class: ClassName=RVPOVP Member=D3
Removed Member From Class: ClassName=RVPOVP Member=R4
Removed Member From Class: ClassName=U_PassiveFilter8 Member=R23
Removed Member From Class: ClassName=BSPD Member=R34
Removed Member From Class: ClassName=U_PassiveFilter8 Member=R35
Removed Member From Class: ClassName=5V_12V_Logic Member=R37
Removed Member From Class: ClassName=BSPD Member=R44
Removed Member From Class: ClassName=U_PassiveFilter6 Member=R44
Removed Member From Class: ClassName=MCUPedalbox Member=R45
Removed Member From Class: ClassName=MCUPedalbox Member=R46
Removed Member From Class: ClassName=U_PassiveFilter3 Member=R47
Removed Member From Class: ClassName=U_PassiveFilter1 Member=R50
Removed Member From Class: ClassName=5V_12V_Logic Member=R57
Removed Member From Class: ClassName=BSPD Member=R58
Removed Member From Class: ClassName=MCUPedalbox Member=R58
Removed Member From Class: ClassName=VoltageReferenceGen Member=R60
Removed Member From Class: ClassName=U_PassiveFilter2 Member=R65
Removed Member From Class: ClassName=VoltageReferenceGen Member=R66
Removed Member From Class: ClassName=5V_12V_Logic Member=R70
Removed Member From Class: ClassName=U_PassiveFilter5 Member=R70
Removed Member From Class: ClassName=Brake_DivergentSignalOffset Member=R72
Removed Member From Class: ClassName=VoltageReferenceGen Member=R73
Removed Member From Class: ClassName=Current/Throttle Check Member=U5
Removed Member From Class: ClassName=BSPD Member=U13
Removed Member From Class: ClassName=CAN_5V Member=U14
Change Component Designator: OldDesignator=C1 NewDesignator=C5
Change Component Designator: OldDesignator=C2 NewDesignator=C6
Change Component Designator: OldDesignator=C3 NewDesignator=C10
Change Component Designator: OldDesignator=C5 NewDesignator=C13_U_PassiveFilter5
Change Component Designator: OldDesignator=C6 NewDesignator=C12_U_PassiveFilter5
Change Component Designator: OldDesignator=C7 NewDesignator=C11
Change Component Designator: OldDesignator=C8 NewDesignator=C13_U_PassiveFilter1
Change Component Designator: OldDesignator=C9 NewDesignator=C13_U_PassiveFilter3
Change Component Designator: OldDesignator=C10 NewDesignator=C12_U_PassiveFilter3
Change Component Designator: OldDesignator=C11 NewDesignator=C12_U_PassiveFilter1
Change Component Designator: OldDesignator=C12 NewDesignator=C13_U_PassiveFilter6
Change Component Designator: OldDesignator=C13 NewDesignator=C13_U_PassiveFilter2
Change Component Designator: OldDesignator=C14 NewDesignator=C12_U_PassiveFilter6
Change Component Designator: OldDesignator=C15 NewDesignator=C12_U_PassiveFilter2
Change Component Designator: OldDesignator=C16 NewDesignator=C12_U_PassiveFilter8
Change Component Designator: OldDesignator=C17 NewDesignator=C13_U_PassiveFilter8
Change Component Designator: OldDesignator=C18 NewDesignator=C13_U_PassiveFilter4
Change Component Designator: OldDesignator=C19 NewDesignator=C13_U_PassiveFilter7
Change Component Designator: OldDesignator=C20 NewDesignator=C12_U_PassiveFilter7
Change Component Designator: OldDesignator=C21 NewDesignator=C12_U_PassiveFilter4
Change Component Designator: OldDesignator=C22 NewDesignator=C9
Change Component Designator: OldDesignator=C23 NewDesignator=C18
Change Component Designator: OldDesignator=C24 NewDesignator=C19
Change Component Designator: OldDesignator=C25 NewDesignator=C2_5V_LDO_Analog
Change Component Designator: OldDesignator=C26 NewDesignator=C2_5V_LDO_Digital
Change Component Designator: OldDesignator=C27 NewDesignator=C3
Change Component Designator: OldDesignator=C28 NewDesignator=C14
Change Component Designator: OldDesignator=C29 NewDesignator=C15
Change Component Designator: OldDesignator=C30 NewDesignator=C16
Change Component Designator: OldDesignator=C31 NewDesignator=C17
Change Component Designator: OldDesignator=C32 NewDesignator=C1_5V_LDO_Analog
Change Component Designator: OldDesignator=C33 NewDesignator=C1_5V_LDO_Digital
Change Component Designator: OldDesignator=C34 NewDesignator=C7
Change Component Designator: OldDesignator=C35 NewDesignator=C8
Change Component Designator: OldDesignator=D1 NewDesignator=D6
Change Component Designator: OldDesignator=D2 NewDesignator=D5
Change Component Designator: OldDesignator=D3 NewDesignator=D4
Change Component Designator: OldDesignator=D4 NewDesignator=D2
Change Component Designator: OldDesignator=D5 NewDesignator=D3
Change Component Designator: OldDesignator=D6 NewDesignator=D1
Change Component Designator: OldDesignator=M1 NewDesignator=M4
Change Component Designator: OldDesignator=M4 NewDesignator=M1
Change Component Designator: OldDesignator=R1 NewDesignator=R15
Change Component Designator: OldDesignator=R2 NewDesignator=R14
Change Component Designator: OldDesignator=R3 NewDesignator=R32
Change Component Designator: OldDesignator=R4 NewDesignator=R31
Change Component Designator: OldDesignator=R5 NewDesignator=R30
Change Component Designator: OldDesignator=R6 NewDesignator=R34_U_PassiveFilter5
Change Component Designator: OldDesignator=R7 NewDesignator=R33_U_PassiveFilter5
Change Component Designator: OldDesignator=R8 NewDesignator=R34_U_PassiveFilter1
Change Component Designator: OldDesignator=R9 NewDesignator=R33_U_PassiveFilter1
Change Component Designator: OldDesignator=R10 NewDesignator=R34_U_PassiveFilter3
Change Component Designator: OldDesignator=R11 NewDesignator=R33_U_PassiveFilter3
Change Component Designator: OldDesignator=R12 NewDesignator=R34_U_PassiveFilter6
Change Component Designator: OldDesignator=R13 NewDesignator=R33_U_PassiveFilter6
Change Component Designator: OldDesignator=R14 NewDesignator=R34_U_PassiveFilter2
Change Component Designator: OldDesignator=R15 NewDesignator=R33_U_PassiveFilter2
Change Component Designator: OldDesignator=R16 NewDesignator=R33_U_PassiveFilter8
Change Component Designator: OldDesignator=R17 NewDesignator=R34_U_PassiveFilter8
Change Component Designator: OldDesignator=R18 NewDesignator=R34_U_PassiveFilter4
Change Component Designator: OldDesignator=R19 NewDesignator=R33_U_PassiveFilter4
Change Component Designator: OldDesignator=R20 NewDesignator=R34_U_PassiveFilter7
Change Component Designator: OldDesignator=R21 NewDesignator=R33_U_PassiveFilter7
Change Component Designator: OldDesignator=R22 NewDesignator=R27
Change Component Designator: OldDesignator=R23 NewDesignator=R26
Change Component Designator: OldDesignator=R24 NewDesignator=R8_5V_LDO_Analog
Change Component Designator: OldDesignator=R25 NewDesignator=R8_5V_LDO_Digital
Change Component Designator: OldDesignator=R26 NewDesignator=R55_Accel_DivergentSignalOffset
Change Component Designator: OldDesignator=R27 NewDesignator=R55_Brake_DivergentSignalOffset
Change Component Designator: OldDesignator=R28 NewDesignator=R29_Brake Pedal Check
Change Component Designator: OldDesignator=R29 NewDesignator=R29_Current/Throttle Check
Change Component Designator: OldDesignator=R30 NewDesignator=R5
Change Component Designator: OldDesignator=R31 NewDesignator=R6
Change Component Designator: OldDesignator=R32 NewDesignator=R49
Change Component Designator: OldDesignator=R33 NewDesignator=R13
Change Component Designator: OldDesignator=R34 NewDesignator=R23
Change Component Designator: OldDesignator=R35 NewDesignator=R25
Change Component Designator: OldDesignator=R36 NewDesignator=R24
Change Component Designator: OldDesignator=R37 NewDesignator=R50
Change Component Designator: OldDesignator=R38 NewDesignator=R3
Change Component Designator: OldDesignator=R39 NewDesignator=R12
Change Component Designator: OldDesignator=R40 NewDesignator=R21
Change Component Designator: OldDesignator=R41 NewDesignator=R47
Change Component Designator: OldDesignator=R42 NewDesignator=R4
Change Component Designator: OldDesignator=R43 NewDesignator=R22
Change Component Designator: OldDesignator=R44 NewDesignator=R48
Change Component Designator: OldDesignator=R46 NewDesignator=R1
Change Component Designator: OldDesignator=R47 NewDesignator=R11
Change Component Designator: OldDesignator=R48 NewDesignator=R46
Change Component Designator: OldDesignator=R49 NewDesignator=R2
Change Component Designator: OldDesignator=R50 NewDesignator=R9
Change Component Designator: OldDesignator=R51 NewDesignator=R19
Change Component Designator: OldDesignator=R52 NewDesignator=R56_Accel_DivergentSignalOffset
Change Component Designator: OldDesignator=R53 NewDesignator=R56_Brake_DivergentSignalOffset
Change Component Designator: OldDesignator=R54 NewDesignator=R10
Change Component Designator: OldDesignator=R55 NewDesignator=R20
Change Component Designator: OldDesignator=R56 NewDesignator=R41
Change Component Designator: OldDesignator=R57 NewDesignator=R18
Change Component Designator: OldDesignator=R58 NewDesignator=R42
Change Component Designator: OldDesignator=R59 NewDesignator=R28_Brake Pedal Check
Change Component Designator: OldDesignator=R60 NewDesignator=R17
Change Component Designator: OldDesignator=R61 NewDesignator=R43
Change Component Designator: OldDesignator=R62 NewDesignator=R7_5V_LDO_Analog
Change Component Designator: OldDesignator=R63 NewDesignator=R28_Current/Throttle Check
Change Component Designator: OldDesignator=R64 NewDesignator=R7_5V_LDO_Digital
Change Component Designator: OldDesignator=R65 NewDesignator=R16
Change Component Designator: OldDesignator=R66 NewDesignator=R44
Change Component Designator: OldDesignator=R67 NewDesignator=R39
Change Component Designator: OldDesignator=R68 NewDesignator=R53_Accel_DivergentSignalOffset
Change Component Designator: OldDesignator=R69 NewDesignator=R53_Brake_DivergentSignalOffset
Change Component Designator: OldDesignator=R70 NewDesignator=R40
Change Component Designator: OldDesignator=R71 NewDesignator=R35
Change Component Designator: OldDesignator=R72 NewDesignator=R36
Change Component Designator: OldDesignator=R73 NewDesignator=R37
Change Component Designator: OldDesignator=R74 NewDesignator=R38
Change Component Designator: OldDesignator=R75 NewDesignator=R54_Accel_DivergentSignalOffset
Change Component Designator: OldDesignator=R76 NewDesignator=R54_Brake_DivergentSignalOffset
Change Component Designator: OldDesignator=R77 NewDesignator=R51_Accel_DivergentSignalOffset
Change Component Designator: OldDesignator=R78 NewDesignator=R51_Brake_DivergentSignalOffset
Change Component Designator: OldDesignator=R79 NewDesignator=R52_Accel_DivergentSignalOffset
Change Component Designator: OldDesignator=R80 NewDesignator=R52_Brake_DivergentSignalOffset
Change Component Designator: OldDesignator=RCU-1 NewDesignator=RCU-2
Change Component Designator: OldDesignator=RCU-2 NewDesignator=RCU-1
Change Component Designator: OldDesignator=TP1 NewDesignator=TP2_5V_LDO_Analog
Change Component Designator: OldDesignator=TP2 NewDesignator=TP2_5V_LDO_Digital
Change Component Designator: OldDesignator=TP3 NewDesignator=TP1_5V_LDO_Analog
Change Component Designator: OldDesignator=TP4 NewDesignator=TP1_5V_LDO_Digital
Change Component Designator: OldDesignator=U1 NewDesignator=U6
Change Component Designator: OldDesignator=U2 NewDesignator=U17
Change Component Designator: OldDesignator=U3 NewDesignator=U5
Change Component Designator: OldDesignator=U4 NewDesignator=U12
Change Component Designator: OldDesignator=U5 NewDesignator=U11
Change Component Designator: OldDesignator=U6 NewDesignator=U10
Change Component Designator: OldDesignator=U7 NewDesignator=U9
Change Component Designator: OldDesignator=U9 NewDesignator=U16_Brake Pedal Check
Change Component Designator: OldDesignator=U10 NewDesignator=U7
Change Component Designator: OldDesignator=U11 NewDesignator=U16_Current/Throttle Check
Change Component Designator: OldDesignator=U12 NewDesignator=U4
Change Component Designator: OldDesignator=U13 NewDesignator=U3
Change Component Designator: OldDesignator=U14 NewDesignator=U2
Change Component Designator: OldDesignator=U15 NewDesignator=U15_Brake Pedal Check
Change Component Designator: OldDesignator=U16 NewDesignator=U15_Current/Throttle Check
Change Component Designator: OldDesignator=U17 NewDesignator=U14_Brake Pedal Check
Change Component Designator: OldDesignator=U18 NewDesignator=U1_5V_LDO_Analog
Change Component Designator: OldDesignator=U19 NewDesignator=U14_Current/Throttle Check
Change Component Designator: OldDesignator=U20 NewDesignator=U1_5V_LDO_Digital
Change Component Designator: OldDesignator=U21 NewDesignator=U13_Brake Pedal Check
Change Component Designator: OldDesignator=U22 NewDesignator=U13_Current/Throttle Check
Change Component Designator: OldDesignator=X1 NewDesignator=X2
Change Component Designator: OldDesignator=X2 NewDesignator=X1
Change Net Name : Old Net Name=NetD1_1 New Net Name=NetD4_1
Change Net Name : Old Net Name=NetD2_1 New Net Name=NetD5_1
Change Net Name : Old Net Name=NetD3_1 New Net Name=NetD6_1
Change Net Name : Old Net Name=NetD4_1 New Net Name=NetD1_1
Change Net Name : Old Net Name=NetD4_2 New Net Name=NetD1_2
Change Net Name : Old Net Name=NetD5_1 New Net Name=NetD2_1
Change Net Name : Old Net Name=NetD5_2 New Net Name=NetD2_2
Change Net Name : Old Net Name=NetD6_1 New Net Name=NetD3_1
Change Net Name : Old Net Name=NetD6_2 New Net Name=NetD3_2
Change Net Name : Old Net Name=NetM2_1 New Net Name=NetM1_1
Change Net Name : Old Net Name=NetM3_1 New Net Name=NetM2_1
Change Net Name : Old Net Name=NetM4_1 New Net Name=NetM3_1
Change Net Name : Old Net Name=NetR24_U_PassiveFilter1_1 New Net Name=NetR33_U_PassiveFilter1_1
Change Net Name : Old Net Name=NetR24_U_PassiveFilter4_1 New Net Name=NetR33_U_PassiveFilter4_1
Change Net Name : Old Net Name=NetR24_U_PassiveFilter5_1 New Net Name=NetR33_U_PassiveFilter5_1
Change Net Name : Old Net Name=NetR24_U_PassiveFilter6_1 New Net Name=NetR33_U_PassiveFilter6_1
Added Member To Class: ClassName=CAN_5V Member=Component C10 capacitor
Added Member To Class: ClassName=CAN_5V Member=Component C11 capacitor
Added Member To Class: ClassName=U_PassiveFilter1 Member=Component C12_U_PassiveFilter1 (C12) capacitor
Added Member To Class: ClassName=U_PassiveFilter5 Member=Component C12_U_PassiveFilter5 (C12) capacitor
Added Member To Class: ClassName=U_PassiveFilter3 Member=Component C13_U_PassiveFilter3 (C13) capacitor
Added Member To Class: ClassName=U_PassiveFilter8 Member=Component C13_U_PassiveFilter8 (C13) capacitor
Added Member To Class: ClassName=MCUPedalbox Member=Component D3 LED
Added Member To Class: ClassName=RVPOVP Member=Component D6 
Added Member To Class: ClassName=MCUPedalbox Member=Component M1 
Added Member To Class: ClassName=MCUPedalbox Member=Component M3 
Added Member To Class: ClassName=5V_12V_Logic Member=Component R2 resistor
Added Member To Class: ClassName=5V_12V_Logic Member=Component R3 resistor
Added Member To Class: ClassName=5V_12V_Logic Member=Component R6 resistor
Added Member To Class: ClassName=BSPD Member=Component R10 resistor
Added Member To Class: ClassName=BSPD Member=Component R12 resistor
Added Member To Class: ClassName=BSPD Member=Component R13 resistor
Added Member To Class: ClassName=MCUPedalbox Member=Component R14 resistor
Added Member To Class: ClassName=MCUPedalbox Member=Component R15 resistor
Added Member To Class: ClassName=MCUPedalbox Member=Component R19 resistor
Added Member To Class: ClassName=MCUPedalbox Member=Component R24 resistor
Added Member To Class: ClassName=RVPOVP Member=Component R27 resistor
Added Member To Class: ClassName=U_PassiveFilter1 Member=Component R33_U_PassiveFilter1 (R33) resistor
Added Member To Class: ClassName=U_PassiveFilter2 Member=Component R33_U_PassiveFilter2 (R33) resistor
Added Member To Class: ClassName=U_PassiveFilter3 Member=Component R33_U_PassiveFilter3 (R33) resistor
Added Member To Class: ClassName=U_PassiveFilter8 Member=Component R33_U_PassiveFilter8 (R33) resistor
Added Member To Class: ClassName=U_PassiveFilter5 Member=Component R34_U_PassiveFilter5 (R34) resistor
Added Member To Class: ClassName=U_PassiveFilter6 Member=Component R34_U_PassiveFilter6 (R34) resistor
Added Member To Class: ClassName=U_PassiveFilter8 Member=Component R34_U_PassiveFilter8 (R34) resistor
Added Member To Class: ClassName=VoltageReferenceGen Member=Component R46 resistor
Added Member To Class: ClassName=VoltageReferenceGen Member=Component R47 TC33X-2-103E
Added Member To Class: ClassName=VoltageReferenceGen Member=Component R48 TC33X-2-103E
Added Member To Class: ClassName=VoltageReferenceGen Member=Component R49 resistor
Added Member To Class: ClassName=VoltageReferenceGen Member=Component R50 resistor
Added Member To Class: ClassName=Brake_DivergentSignalOffset Member=Component R55_Brake_DivergentSignalOffset (R55) resistor
Added Member To Class: ClassName=CAN_5V Member=Component RCU-2 RCU-0C
Added Member To Class: ClassName=BSPD Member=Component U5 LT1018 Dual Comparator
Added Member To Class: ClassName=PlausibilityTrigger Member=Component U9 LT1018 Dual Comparator
Added Member To Class: ClassName=Current/Throttle Check Member=Component U16_Current/Throttle Check (U16A) LT1018 Dual Comparator
Added Member To Class: ClassName=CAN_5V Member=Component U17 MCP2561 CAN Transceiver
