Removed Member From Class: ClassName=U_PassiveFilter5 Member=C2
Removed Member From Class: ClassName=U_PassiveFilter3 Member=C22
Removed Member From Class: ClassName=CAN_5V Member=C27
Removed Member From Class: ClassName=VoltageReferenceGen Member=C30
Removed Member From Class: ClassName=U_PassiveFilter8 Member=C31
Removed Member From Class: ClassName=CAN_5V Member=C34
Removed Member From Class: ClassName=U_PassiveFilter1 Member=C34
Removed Member From Class: ClassName=U_PassiveFilter3 Member=R2
Removed Member From Class: ClassName=U_PassiveFilter8 Member=R4
Removed Member From Class: ClassName=U_PassiveFilter6 Member=R5
Removed Member From Class: ClassName=Accel_DivergentSignalOffset Member=R6
Removed Member From Class: ClassName=5V_LDO_Digital Member=R29
Removed Member From Class: ClassName=Accel_DivergentSignalOffset Member=R38
Removed Member From Class: ClassName=U_PassiveFilter1 Member=R41
Removed Member From Class: ClassName=5V_12V_Logic Member=R43
Removed Member From Class: ClassName=MCUPedalbox Member=R46
Removed Member From Class: ClassName=U_PassiveFilter1 Member=R47
Removed Member From Class: ClassName=5V_12V_Logic Member=R54
Removed Member From Class: ClassName=5V_12V_Logic Member=R59
Removed Member From Class: ClassName=VoltageReferenceGen Member=R59
Removed Member From Class: ClassName=VoltageReferenceGen Member=R62
Removed Member From Class: ClassName=5V_12V_Logic Member=R64
Removed Member From Class: ClassName=U_PassiveFilter2 Member=R78
Removed Member From Class: ClassName=Brake Pedal Check Member=U11
Removed Member From Class: ClassName=CAN_5V Member=U15
Removed Member From Class: ClassName=Current/Throttle Check Member=U21
Change Component Designator: OldDesignator=C1 NewDesignator=C5
Change Component Designator: OldDesignator=C2 NewDesignator=C6
Change Component Designator: OldDesignator=C3 NewDesignator=C2
Change Component Designator: OldDesignator=C5 NewDesignator=C18
Change Component Designator: OldDesignator=C6 NewDesignator=C17
Change Component Designator: OldDesignator=C7 NewDesignator=C3
Change Component Designator: OldDesignator=C8 NewDesignator=C10
Change Component Designator: OldDesignator=C9 NewDesignator=C14
Change Component Designator: OldDesignator=C10 NewDesignator=C13
Change Component Designator: OldDesignator=C11 NewDesignator=C9
Change Component Designator: OldDesignator=C12 NewDesignator=C20
Change Component Designator: OldDesignator=C13 NewDesignator=C12
Change Component Designator: OldDesignator=C14 NewDesignator=C19
Change Component Designator: OldDesignator=C15 NewDesignator=C11
Change Component Designator: OldDesignator=C16 NewDesignator=C23
Change Component Designator: OldDesignator=C17 NewDesignator=C24
Change Component Designator: OldDesignator=C18 NewDesignator=C16
Change Component Designator: OldDesignator=C19 NewDesignator=C22
Change Component Designator: OldDesignator=C20 NewDesignator=C21
Change Component Designator: OldDesignator=C21 NewDesignator=C15
Change Component Designator: OldDesignator=C22 NewDesignator=C25
Change Component Designator: OldDesignator=C23 NewDesignator=C35
Change Component Designator: OldDesignator=C24 NewDesignator=C34
Change Component Designator: OldDesignator=C25 NewDesignator=C30
Change Component Designator: OldDesignator=C26 NewDesignator=C31
Change Component Designator: OldDesignator=C27 NewDesignator=C1
Change Component Designator: OldDesignator=C28 NewDesignator=C26
Change Component Designator: OldDesignator=C29 NewDesignator=C27
Change Component Designator: OldDesignator=C30 NewDesignator=C28
Change Component Designator: OldDesignator=C31 NewDesignator=C29
Change Component Designator: OldDesignator=C34 NewDesignator=C7
Change Component Designator: OldDesignator=C35 NewDesignator=C8
Change Component Designator: OldDesignator=D1 NewDesignator=D3
Change Component Designator: OldDesignator=D2 NewDesignator=D1
Change Component Designator: OldDesignator=D3 NewDesignator=D2
Change Component Designator: OldDesignator=D5 NewDesignator=D6
Change Component Designator: OldDesignator=D6 NewDesignator=D5
Change Component Designator: OldDesignator=M1 NewDesignator=M4
Change Component Designator: OldDesignator=M3 NewDesignator=M1
Change Component Designator: OldDesignator=M4 NewDesignator=M3
Change Component Designator: OldDesignator=R1 NewDesignator=R16
Change Component Designator: OldDesignator=R2 NewDesignator=R15
Change Component Designator: OldDesignator=R3 NewDesignator=R14
Change Component Designator: OldDesignator=R4 NewDesignator=R21
Change Component Designator: OldDesignator=R5 NewDesignator=R17
Change Component Designator: OldDesignator=R6 NewDesignator=R13
Change Component Designator: OldDesignator=R7 NewDesignator=R12
Change Component Designator: OldDesignator=R8 NewDesignator=R35
Change Component Designator: OldDesignator=R9 NewDesignator=R34
Change Component Designator: OldDesignator=R10 NewDesignator=R20
Change Component Designator: OldDesignator=R11 NewDesignator=R27
Change Component Designator: OldDesignator=R12 NewDesignator=R26
Change Component Designator: OldDesignator=R13 NewDesignator=R31
Change Component Designator: OldDesignator=R14 NewDesignator=R30
Change Component Designator: OldDesignator=R15 NewDesignator=R37
Change Component Designator: OldDesignator=R16 NewDesignator=R36
Change Component Designator: OldDesignator=R17 NewDesignator=R29
Change Component Designator: OldDesignator=R18 NewDesignator=R28
Change Component Designator: OldDesignator=R19 NewDesignator=R40
Change Component Designator: OldDesignator=R20 NewDesignator=R41
Change Component Designator: OldDesignator=R21 NewDesignator=R33
Change Component Designator: OldDesignator=R22 NewDesignator=R32
Change Component Designator: OldDesignator=R23 NewDesignator=R39
Change Component Designator: OldDesignator=R24 NewDesignator=R38
Change Component Designator: OldDesignator=R25 NewDesignator=R42
Change Component Designator: OldDesignator=R26 NewDesignator=R80
Change Component Designator: OldDesignator=R27 NewDesignator=R44
Change Component Designator: OldDesignator=R28 NewDesignator=R79
Change Component Designator: OldDesignator=R29 NewDesignator=R43
Change Component Designator: OldDesignator=R30 NewDesignator=R5
Change Component Designator: OldDesignator=R31 NewDesignator=R69
Change Component Designator: OldDesignator=R32 NewDesignator=R75
Change Component Designator: OldDesignator=R33 NewDesignator=R46
Change Component Designator: OldDesignator=R34 NewDesignator=R48
Change Component Designator: OldDesignator=R35 NewDesignator=R63
Change Component Designator: OldDesignator=R36 NewDesignator=R6
Change Component Designator: OldDesignator=R37 NewDesignator=R11
Change Component Designator: OldDesignator=R38 NewDesignator=R64
Change Component Designator: OldDesignator=R39 NewDesignator=R3
Change Component Designator: OldDesignator=R40 NewDesignator=R61
Change Component Designator: OldDesignator=R41 NewDesignator=R10
Change Component Designator: OldDesignator=R42 NewDesignator=R4
Change Component Designator: OldDesignator=R43 NewDesignator=R62
Change Component Designator: OldDesignator=R44 NewDesignator=R59
Change Component Designator: OldDesignator=R45 NewDesignator=R60
Change Component Designator: OldDesignator=R46 NewDesignator=R1
Change Component Designator: OldDesignator=R47 NewDesignator=R9
Change Component Designator: OldDesignator=R48 NewDesignator=R2
Change Component Designator: OldDesignator=R49 NewDesignator=R7
Change Component Designator: OldDesignator=R50 NewDesignator=R70
Change Component Designator: OldDesignator=R51 NewDesignator=R76
Change Component Designator: OldDesignator=R52 NewDesignator=R8
Change Component Designator: OldDesignator=R53 NewDesignator=R55
Change Component Designator: OldDesignator=R54 NewDesignator=R56
Change Component Designator: OldDesignator=R55 NewDesignator=R45
Change Component Designator: OldDesignator=R56 NewDesignator=R57
Change Component Designator: OldDesignator=R57 NewDesignator=R47
Change Component Designator: OldDesignator=R59 NewDesignator=R53
Change Component Designator: OldDesignator=R60 NewDesignator=R67
Change Component Designator: OldDesignator=R61 NewDesignator=R73
Change Component Designator: OldDesignator=R62 NewDesignator=R54
Change Component Designator: OldDesignator=R63 NewDesignator=R49
Change Component Designator: OldDesignator=R64 NewDesignator=R50
Change Component Designator: OldDesignator=R65 NewDesignator=R51
Change Component Designator: OldDesignator=R66 NewDesignator=R52
Change Component Designator: OldDesignator=R67 NewDesignator=R68
Change Component Designator: OldDesignator=R68 NewDesignator=R74
Change Component Designator: OldDesignator=R69 NewDesignator=R65
Change Component Designator: OldDesignator=R70 NewDesignator=R71
Change Component Designator: OldDesignator=R71 NewDesignator=R66
Change Component Designator: OldDesignator=R73 NewDesignator=R78
Change Component Designator: OldDesignator=R74 NewDesignator=R77
Change Component Designator: OldDesignator=R75 NewDesignator=R24
Change Component Designator: OldDesignator=R76 NewDesignator=R22
Change Component Designator: OldDesignator=R77 NewDesignator=R19
Change Component Designator: OldDesignator=R78 NewDesignator=R18
Change Component Designator: OldDesignator=R79 NewDesignator=R25
Change Component Designator: OldDesignator=R80 NewDesignator=R23
Change Component Designator: OldDesignator=RCU-1 NewDesignator=RCU-2
Change Component Designator: OldDesignator=RCU-2 NewDesignator=RCU-1
Change Component Designator: OldDesignator=TP1 NewDesignator=TP4
Change Component Designator: OldDesignator=TP2 NewDesignator=TP3
Change Component Designator: OldDesignator=TP3 NewDesignator=TP1
Change Component Designator: OldDesignator=TP4 NewDesignator=TP2
Change Component Designator: OldDesignator=U1 NewDesignator=U6
Change Component Designator: OldDesignator=U2 NewDesignator=U5
Change Component Designator: OldDesignator=U3 NewDesignator=U22
Change Component Designator: OldDesignator=U5 NewDesignator=U12
Change Component Designator: OldDesignator=U6 NewDesignator=U11
Change Component Designator: OldDesignator=U7 NewDesignator=U10
Change Component Designator: OldDesignator=U8 NewDesignator=U9
Change Component Designator: OldDesignator=U9 NewDesignator=U8
Change Component Designator: OldDesignator=U10 NewDesignator=U16
Change Component Designator: OldDesignator=U11 NewDesignator=U7
Change Component Designator: OldDesignator=U12 NewDesignator=U20
Change Component Designator: OldDesignator=U13 NewDesignator=U3
Change Component Designator: OldDesignator=U14 NewDesignator=U2
Change Component Designator: OldDesignator=U15 NewDesignator=U1
Change Component Designator: OldDesignator=U16 NewDesignator=U15
Change Component Designator: OldDesignator=U17 NewDesignator=U19
Change Component Designator: OldDesignator=U18 NewDesignator=U14
Change Component Designator: OldDesignator=U19 NewDesignator=U18
Change Component Designator: OldDesignator=U20 NewDesignator=U13
Change Component Designator: OldDesignator=U21 NewDesignator=U17
Change Component Designator: OldDesignator=U22 NewDesignator=U21
Change Component Designator: OldDesignator=X1 NewDesignator=X2
Change Component Designator: OldDesignator=X2 NewDesignator=X1
Added Component: Designator=U4(SOIC-8)
Add component. Clean all parameters for all variants
Add component (AddParameter): Name = "id"; Value = "7"; VariantName = "[No Variations]"
Add component (AddParameter): Name = "link"; Value = "https://www.digikey.com/product-detail/en/lin"; VariantName = "[No Variations]"
Add component (AddParameter): Name = "name"; Value = "LT1018CS8#PBF"; VariantName = "[No Variations]"
Add component (AddParameter): Name = "quantity"; Value = "0"; VariantName = "[No Variations]"
Change Net Name : Old Net Name=NetC3_1 New Net Name=NetC1_1
Change Net Name : Old Net Name=NetC12_U_PassiveFilter1_2 New Net Name=NetC9_2
Change Net Name : Old Net Name=NetC12_U_PassiveFilter2_2 New Net Name=NetC11_2
Change Net Name : Old Net Name=NetC12_U_PassiveFilter3_2 New Net Name=NetC13_2
Change Net Name : Old Net Name=NetC12_U_PassiveFilter4_2 New Net Name=NetC15_2
Change Net Name : Old Net Name=NetC12_U_PassiveFilter5_2 New Net Name=NetC17_2
Change Net Name : Old Net Name=NetC12_U_PassiveFilter6_2 New Net Name=NetC19_2
Change Net Name : Old Net Name=NetC12_U_PassiveFilter7_2 New Net Name=NetC21_2
Change Net Name : Old Net Name=NetC12_U_PassiveFilter8_2 New Net Name=NetC23_2
Change Net Name : Old Net Name=NetR9_1 New Net Name=NetR7_1
Change Net Name : Old Net Name=NetR9_2 New Net Name=NetR7_2
Change Net Name : Old Net Name=NetR33_U_PassiveFilter1_1 New Net Name=NetR26_1
Change Net Name : Old Net Name=NetR33_U_PassiveFilter4_1 New Net Name=NetR32_1
Change Net Name : Old Net Name=NetR33_U_PassiveFilter5_1 New Net Name=NetR34_1
Change Net Name : Old Net Name=NetR33_U_PassiveFilter6_1 New Net Name=NetR36_1
Change Net Name : Old Net Name=NetU2_6 New Net Name=NetU1_6
Change Net Name : Old Net Name=NetU2_8 New Net Name=NetU1_8
Change Net Name : Old Net Name=NetU3_5 New Net Name=NetU2_5
Change Net Name : Old Net Name=NetU3_12 New Net Name=NetU2_12
Change Net Name : Old Net Name=NetU3_13 New Net Name=NetU2_13
Added Member To Class: ClassName=CAN_5V Member=Component C2 (C10) capacitor
Added Member To Class: ClassName=CAN_5V Member=Component C3 (C11) capacitor
Added Member To Class: ClassName=U_PassiveFilter1 Member=Component C9 (C12) capacitor
Added Member To Class: ClassName=U_PassiveFilter3 Member=Component C14 (C13) capacitor
Added Member To Class: ClassName=U_PassiveFilter5 Member=Component C17 (C12) capacitor
Added Member To Class: ClassName=U_PassiveFilter8 Member=Component C24 (C13) capacitor
Added Member To Class: ClassName=VoltageReferenceGen Member=Component C31 (C19) capacitor
Added Member To Class: ClassName=MCUPedalbox Member=Component D1 LED
Added Member To Class: ClassName=MCUPedalbox Member=Component D3 LED
Added Member To Class: ClassName=MCUPedalbox Member=Component M3 
Added Member To Class: ClassName=5V_12V_Logic Member=Component R2 resistor
Added Member To Class: ClassName=5V_12V_Logic Member=Component R3 resistor
Added Member To Class: ClassName=5V_12V_Logic Member=Component R4 resistor
Added Member To Class: ClassName=5V_12V_Logic Member=Component R6 resistor
Added Member To Class: ClassName=MCUPedalbox Member=Component R16 (R15) resistor
Added Member To Class: ClassName=U_PassiveFilter1 Member=Component R26 (R33) resistor
Added Member To Class: ClassName=U_PassiveFilter1 Member=Component R27 (R34) resistor
Added Member To Class: ClassName=U_PassiveFilter2 Member=Component R29 (R34) resistor
Added Member To Class: ClassName=U_PassiveFilter3 Member=Component R30 (R33) resistor
Added Member To Class: ClassName=U_PassiveFilter6 Member=Component R36 (R33) resistor
Added Member To Class: ClassName=U_PassiveFilter8 Member=Component R41 (R34) resistor
Added Member To Class: ClassName=VoltageReferenceGen Member=Component R55 (R41) resistor
Added Member To Class: ClassName=VoltageReferenceGen Member=Component R57 (R43) resistor
Added Member To Class: ClassName=VoltageReferenceGen Member=Component R60 (R46) resistor
Added Member To Class: ClassName=VoltageReferenceGen Member=Component R61 (R47) TC33X-2-103E
Added Member To Class: ClassName=Accel_DivergentSignalOffset Member=Component R69 (R55) resistor
Added Member To Class: ClassName=Accel_DivergentSignalOffset Member=Component R70 (R56) resistor
Added Member To Class: ClassName=5V_LDO_Digital Member=Component R80 (R8) resistor
Added Member To Class: ClassName=CAN_5V Member=Component RCU-2 RCU-0C
Added Member To Class: ClassName=BSPD Member=Component U4 (U5A) LT1018 Dual Comparator
Added Member To Class: ClassName=CAN_5V Member=Component U5 (U17) MCP2561 CAN Transceiver
Added Member To Class: ClassName=PlausibilityTrigger Member=Component U9 LT1018 Dual Comparator
Added Member To Class: ClassName=PlausibilityTrigger Member=Component U10 LT1018 Dual Comparator
Added Member To Class: ClassName=PlausibilityTrigger Member=Component U12 LT1018 Dual Comparator
Added Member To Class: ClassName=Brake Pedal Check Member=Component U16 LT1018 Dual Comparator
Added Member To Class: ClassName=Current/Throttle Check Member=Component U19 (U15A) LT1018 Dual Comparator
